Log file open, 11/27/19 09:23:06
LogWindows: Failed to load 'aqProf.dll' (GetLastError=126)
LogWindows: File 'aqProf.dll' does not exist
LogWindows: Failed to load 'VtuneApi.dll' (GetLastError=126)
LogWindows: File 'VtuneApi.dll' does not exist
LogWindows: Failed to load 'VtuneApi32e.dll' (GetLastError=126)
LogWindows: File 'VtuneApi32e.dll' does not exist
LogConsoleResponse: Display: Failed to find resolution value strings in scalability ini. Falling back to default.
LogInit: Display: Running engine for game: Fireball
LogPlatformFile: Not using cached read wrapper
LogTaskGraph: Started task graph with 5 named threads and 11 total threads with 3 sets of task threads.
LogStats: Stats thread started at 0.151320
LogD3D11RHI: Loaded GFSDK_Aftermath_Lib.x64.dll
LogICUInternationalization: ICU TimeZone Detection - Raw Offset: +0:00, Platform Override: ''
LogPluginManager: Mounting plugin Paper2D
LogPluginManager: Mounting plugin AISupport
LogPluginManager: Mounting plugin LightPropagationVolume
LogPluginManager: Mounting plugin ActorLayerUtilities
LogPluginManager: Mounting plugin AnimationSharing
LogPluginManager: Mounting plugin CLionSourceCodeAccess
LogPluginManager: Mounting plugin CodeLiteSourceCodeAccess
LogPluginManager: Mounting plugin GitSourceControl
LogPluginManager: Mounting plugin KDevelopSourceCodeAccess
LogPluginManager: Mounting plugin NullSourceCodeAccess
LogPluginManager: Mounting plugin PerforceSourceControl
LogPluginManager: Mounting plugin SubversionSourceControl
LogPluginManager: Mounting plugin UObjectPlugin
LogPluginManager: Mounting plugin VisualStudioCodeSourceCodeAccess
LogPluginManager: Mounting plugin VisualStudioSourceCodeAccess
LogPluginManager: Mounting plugin XCodeSourceCodeAccess
LogPluginManager: Mounting plugin AssetManagerEditor
LogPluginManager: Mounting plugin CryptoKeys
LogPluginManager: Mounting plugin CurveEditorTools
LogPluginManager: Mounting plugin DataValidation
LogPluginManager: Mounting plugin FacialAnimation
LogPluginManager: Mounting plugin GameplayTagsEditor
LogPluginManager: Mounting plugin MacGraphicsSwitching
LogPluginManager: Mounting plugin MaterialAnalyzer
LogPluginManager: Mounting plugin MobileLauncherProfileWizard
LogPluginManager: Mounting plugin PluginBrowser
LogPluginManager: Mounting plugin SpeedTreeImporter
LogPluginManager: Mounting plugin DatasmithContent
LogPluginManager: Mounting plugin VariantManagerContent
LogPluginManager: Mounting plugin AlembicImporter
LogPluginManager: Mounting plugin AutomationUtils
LogPluginManager: Mounting plugin BackChannel
LogPluginManager: Mounting plugin CharacterAI
LogPluginManager: Mounting plugin GeometryCache
LogPluginManager: Mounting plugin HTML5Networking
LogPluginManager: Mounting plugin PlatformCrypto
LogPluginManager: Mounting plugin ProxyLODPlugin
LogPluginManager: Mounting plugin SkeletalReduction
LogPluginManager: Mounting plugin MagicLeap
LogPluginManager: Mounting plugin MagicLeapMedia
LogPluginManager: Mounting plugin AndroidMedia
LogPluginManager: Mounting plugin AvfMedia
LogPluginManager: Mounting plugin ImgMedia
LogPluginManager: Mounting plugin MediaCompositing
LogPluginManager: Mounting plugin MediaPlayerEditor
LogPluginManager: Mounting plugin WebMMedia
LogPluginManager: Mounting plugin WmfMedia
LogPluginManager: Mounting plugin TcpMessaging
LogPluginManager: Mounting plugin UdpMessaging
LogPluginManager: Mounting plugin ActorSequence
LogPluginManager: Mounting plugin LevelSequenceEditor
LogPluginManager: Mounting plugin MatineeToLevelSequence
LogPluginManager: Mounting plugin NetcodeUnitTest
LogPluginManager: Mounting plugin NUTUnrealEngine4
LogPluginManager: Mounting plugin OnlineSubsystemGooglePlay
LogPluginManager: Mounting plugin OnlineSubsystemIOS
LogPluginManager: Mounting plugin OnlineSubsystem
LogPluginManager: Mounting plugin OnlineSubsystemNull
LogPluginManager: Mounting plugin OnlineSubsystemUtils
LogPluginManager: Mounting plugin LauncherChunkInstaller
LogPluginManager: Mounting plugin AndroidDeviceProfileSelector
LogPluginManager: Mounting plugin AndroidMoviePlayer
LogPluginManager: Mounting plugin AndroidPermission
LogPluginManager: Mounting plugin AppleImageUtils
LogPluginManager: Mounting plugin AppleMoviePlayer
LogPluginManager: Mounting plugin ArchVisCharacter
LogPluginManager: Mounting plugin AudioCapture
LogPluginManager: Mounting plugin CableComponent
LogPluginManager: Mounting plugin CustomMeshComponent
LogPluginManager: Mounting plugin EditableMesh
LogPluginManager: Mounting plugin ExampleDeviceProfileSelector
LogPluginManager: Mounting plugin GoogleCloudMessaging
LogPluginManager: Mounting plugin IOSDeviceProfileSelector
LogPluginManager: Mounting plugin LinuxDeviceProfileSelector
LogPluginManager: Mounting plugin LocationServicesBPLibrary
LogPluginManager: Mounting plugin MobilePatchingUtils
LogPluginManager: Mounting plugin OculusVR
LogPluginManager: Mounting plugin PhysXVehicles
LogPluginManager: Mounting plugin ProceduralMeshComponent
LogPluginManager: Mounting plugin RuntimePhysXCooking
LogPluginManager: Mounting plugin SignificanceManager
LogPluginManager: Mounting plugin SteamVR
LogPluginManager: Mounting plugin WebMMoviePlayer
LogPluginManager: Mounting plugin WindowsMoviePlayer
LogPluginManager: Mounting plugin ScreenshotTools
LogInit: Using libcurl 7.55.1-DEV
LogInit:  - built for x86_64-pc-win32
LogInit:  - supports SSL with OpenSSL/1.1.1
LogInit:  - supports HTTP deflate (compression) using libz 1.2.8
LogInit:  - other features:
LogInit:      CURL_VERSION_SSL
LogInit:      CURL_VERSION_LIBZ
LogInit:      CURL_VERSION_IPV6
LogInit:      CURL_VERSION_ASYNCHDNS
LogInit:      CURL_VERSION_LARGEFILE
LogInit:      CURL_VERSION_IDN
LogInit:  CurlRequestOptions (configurable via config and command line):
LogInit:  - bVerifyPeer = true  - Libcurl will verify peer certificate
LogInit:  - bUseHttpProxy = false  - Libcurl will NOT use HTTP proxy
LogInit:  - bDontReuseConnections = false  - Libcurl will reuse connections
LogInit:  - MaxHostConnections = 16  - Libcurl will limit the number of connections to a host
LogInit:  - LocalHostAddr = Default
LogInit:  - BufferSize = 65536
LogOnline: OSS: Creating online subsystem instance for: NULL
LogInit: WinSock: version 1.1 (2.2), MaxSocks=32767, MaxUdp=65467
LogInit: Build: ++UE4+Release-4.23-CL-8386587
LogInit: Engine Version: 4.23.0-8386587+++UE4+Release-4.23
LogInit: Compatible Engine Version: 4.23.0-8386587+++UE4+Release-4.23
LogInit: Net CL: 8386587
LogInit: OS: Windows 10 (Release 1903) (), CPU: AMD Athlon(tm) X4 880K Quad Core Processor     , GPU: NVIDIA GeForce GT 710
LogInit: Compiled (64-bit): Aug 31 2019 02:04:44
LogInit: Compiled with Visual C++: 19.16.27030.01
LogInit: Build Configuration: Development
LogInit: Branch Name: ++UE4+Release-4.23
LogInit: Command Line: 
LogInit: Base Directory: C:/Program Files/Epic Games/UE_4.23/Engine/Binaries/Win64/
LogInit: Installed Engine Build: 1
LogDevObjectVersion: Number of dev versions registered: 23
LogDevObjectVersion:   Dev-Blueprints (B0D832E4-1F89-4F0D-ACCF-7EB736FD4AA2): 10
LogDevObjectVersion:   Dev-Build (E1C64328-A22C-4D53-A36C-8E866417BD8C): 0
LogDevObjectVersion:   Dev-Core (375EC13C-06E4-48FB-B500-84F0262A717E): 3
LogDevObjectVersion:   Dev-Editor (E4B068ED-F494-42E9-A231-DA0B2E46BB41): 34
LogDevObjectVersion:   Dev-Framework (CFFC743F-43B0-4480-9391-14DF171D2073): 35
LogDevObjectVersion:   Dev-Mobile (B02B49B5-BB20-44E9-A304-32B752E40360): 2
LogDevObjectVersion:   Dev-Networking (A4E4105C-59A1-49B5-A7C5-40C4547EDFEE): 0
LogDevObjectVersion:   Dev-Online (39C831C9-5AE6-47DC-9A44-9C173E1C8E7C): 0
LogDevObjectVersion:   Dev-Physics (78F01B33-EBEA-4F98-B9B4-84EACCB95AA2): 0
LogDevObjectVersion:   Dev-Platform (6631380F-2D4D-43E0-8009-CF276956A95A): 0
LogDevObjectVersion:   Dev-Rendering (12F88B9F-8875-4AFC-A67C-D90C383ABD29): 31
LogDevObjectVersion:   Dev-Sequencer (7B5AE74C-D270-4C10-A958-57980B212A5A): 11
LogDevObjectVersion:   Dev-VR (D7296918-1DD6-4BDD-9DE2-64A83CC13884): 2
LogDevObjectVersion:   Dev-LoadTimes (C2A15278-BFE7-4AFE-6C17-90FF531DF755): 1
LogDevObjectVersion:   Private-Geometry (6EACA3D4-40EC-4CC1-B786-8BED09428FC5): 3
LogDevObjectVersion:   Dev-AnimPhys (29E575DD-E0A3-4627-9D10-D276232CDCEA): 17
LogDevObjectVersion:   Dev-Anim (AF43A65D-7FD3-4947-9873-3E8ED9C1BB05): 2
LogDevObjectVersion:   Dev-ReflectionCapture (6B266CEC-1EC7-4B8F-A30B-E4D90942FC07): 1
LogDevObjectVersion:   Dev-Automation (0DF73D61-A23F-47EA-B727-89E90C41499A): 1
LogDevObjectVersion:   FortniteMain (601D1886-AC64-4F84-AA16-D3DE0DEAC7D6): 27
LogDevObjectVersion:   Dev-Enterprise (9DFFBCD6-494F-0158-E221-12823C92A888): 6
LogDevObjectVersion:   Dev-Niagara (F2AED0AC-9AFE-416F-8664-AA7FFA26D6FC): 1
LogDevObjectVersion:   Dev-Destruction (174F1F0B-B4C6-45A5-B13F-2EE8D0FB917D): 9
LogInit: Presizing for max 16777216 objects, including 0 objects not considered by GC, pre-allocating 0 bytes for permanent pool.
LogInit: Object subsystem initialized
LogConfig: Setting CVar [[con.DebugEarlyDefault:1]]
LogConfig: Setting CVar [[r.setres:1280x720]]
[2019.11.27-09.23.06:547][  0]LogConfig: Setting CVar [[r.VSync:0]]
[2019.11.27-09.23.06:547][  0]LogConfig: Setting CVar [[r.RHICmdBypass:0]]
[2019.11.27-09.23.06:547][  0]LogConfig: Applying CVar settings from Section [/Script/Engine.RendererSettings] File [D:/Unreal/Fireball/Fireball/Saved/Config/Windows/Engine.ini]
[2019.11.27-09.23.06:547][  0]LogConfig: Setting CVar [[r.GPUCrashDebugging:0]]
[2019.11.27-09.23.06:547][  0]LogConfig: Setting CVar [[r.DefaultFeature.AutoExposure.ExtendDefaultLuminanceRange:1]]
[2019.11.27-09.23.06:547][  0]LogConfig: Applying CVar settings from Section [/Script/Engine.RendererOverrideSettings] File [D:/Unreal/Fireball/Fireball/Saved/Config/Windows/Engine.ini]
[2019.11.27-09.23.06:547][  0]LogConfig: Applying CVar settings from Section [/Script/Engine.StreamingSettings] File [D:/Unreal/Fireball/Fireball/Saved/Config/Windows/Engine.ini]
[2019.11.27-09.23.06:547][  0]LogConfig: Setting CVar [[s.MinBulkDataSizeForAsyncLoading:131072]]
[2019.11.27-09.23.06:547][  0]LogConfig: Setting CVar [[s.AsyncLoadingThreadEnabled:0]]
[2019.11.27-09.23.06:547][  0]LogConfig: Setting CVar [[s.EventDrivenLoaderEnabled:1]]
[2019.11.27-09.23.06:547][  0]LogConfig: Setting CVar [[s.WarnIfTimeLimitExceeded:0]]
[2019.11.27-09.23.06:547][  0]LogConfig: Setting CVar [[s.TimeLimitExceededMultiplier:1.5]]
[2019.11.27-09.23.06:547][  0]LogConfig: Setting CVar [[s.TimeLimitExceededMinTime:0.005]]
[2019.11.27-09.23.06:547][  0]LogConfig: Setting CVar [[s.UseBackgroundLevelStreaming:1]]
[2019.11.27-09.23.06:547][  0]LogConfig: Setting CVar [[s.PriorityAsyncLoadingExtraTime:15.0]]
[2019.11.27-09.23.06:547][  0]LogConfig: Setting CVar [[s.LevelStreamingActorsUpdateTimeLimit:5.0]]
[2019.11.27-09.23.06:547][  0]LogConfig: Setting CVar [[s.PriorityLevelStreamingActorsUpdateExtraTime:5.0]]
[2019.11.27-09.23.06:547][  0]LogConfig: Setting CVar [[s.LevelStreamingComponentsRegistrationGranularity:10]]
[2019.11.27-09.23.06:547][  0]LogConfig: Setting CVar [[s.UnregisterComponentsTimeLimit:1.0]]
[2019.11.27-09.23.06:547][  0]LogConfig: Setting CVar [[s.LevelStreamingComponentsUnregistrationGranularity:5]]
[2019.11.27-09.23.06:547][  0]LogConfig: Applying CVar settings from Section [/Script/Engine.GarbageCollectionSettings] File [D:/Unreal/Fireball/Fireball/Saved/Config/Windows/Engine.ini]
[2019.11.27-09.23.06:547][  0]LogConfig: Setting CVar [[gc.MaxObjectsNotConsideredByGC:1]]
[2019.11.27-09.23.06:547][  0]LogConfig: Setting CVar [[gc.SizeOfPermanentObjectPool:0]]
[2019.11.27-09.23.06:547][  0]LogConfig: Setting CVar [[gc.FlushStreamingOnGC:0]]
[2019.11.27-09.23.06:547][  0]LogConfig: Setting CVar [[gc.NumRetriesBeforeForcingGC:10]]
[2019.11.27-09.23.06:547][  0]LogConfig: Setting CVar [[gc.AllowParallelGC:1]]
[2019.11.27-09.23.06:547][  0]LogConfig: Setting CVar [[gc.TimeBetweenPurgingPendingKillObjects:61.1]]
[2019.11.27-09.23.06:547][  0]LogConfig: Setting CVar [[gc.MaxObjectsInEditor:16777216]]
[2019.11.27-09.23.06:548][  0]LogConfig: Setting CVar [[gc.IncrementalBeginDestroyEnabled:1]]
[2019.11.27-09.23.06:548][  0]LogConfig: Setting CVar [[gc.CreateGCClusters:1]]
[2019.11.27-09.23.06:548][  0]LogConfig: Setting CVar [[gc.MinGCClusterSize:5]]
[2019.11.27-09.23.06:548][  0]LogConfig: Setting CVar [[gc.ActorClusteringEnabled:0]]
[2019.11.27-09.23.06:548][  0]LogConfig: Setting CVar [[gc.BlueprintClusteringEnabled:0]]
[2019.11.27-09.23.06:548][  0]LogConfig: Setting CVar [[gc.UseDisregardForGCOnDedicatedServers:0]]
[2019.11.27-09.23.06:548][  0]LogConfig: Applying CVar settings from Section [/Script/Engine.NetworkSettings] File [D:/Unreal/Fireball/Fireball/Saved/Config/Windows/Engine.ini]
[2019.11.27-09.23.06:548][  0]LogConfig: Applying CVar settings from Section [/Script/UnrealEd.CookerSettings] File [D:/Unreal/Fireball/Fireball/Saved/Config/Windows/Engine.ini]
[2019.11.27-09.23.06:554][  0]LogConfig: Applying CVar settings from Section [ViewDistanceQuality@3] File [D:/Unreal/Fireball/Fireball/Saved/Config/Windows/Scalability.ini]
[2019.11.27-09.23.06:555][  0]LogConfig: Setting CVar [[r.SkeletalMeshLODBias:0]]
[2019.11.27-09.23.06:555][  0]LogConfig: Setting CVar [[r.ViewDistanceScale:1.0]]
[2019.11.27-09.23.06:555][  0]LogConfig: Applying CVar settings from Section [AntiAliasingQuality@3] File [D:/Unreal/Fireball/Fireball/Saved/Config/Windows/Scalability.ini]
[2019.11.27-09.23.06:555][  0]LogConfig: Setting CVar [[r.PostProcessAAQuality:4]]
[2019.11.27-09.23.06:555][  0]LogConfig: Applying CVar settings from Section [ShadowQuality@3] File [D:/Unreal/Fireball/Fireball/Saved/Config/Windows/Scalability.ini]
[2019.11.27-09.23.06:555][  0]LogConfig: Setting CVar [[r.LightFunctionQuality:1]]
[2019.11.27-09.23.06:555][  0]LogConfig: Setting CVar [[r.ShadowQuality:5]]
[2019.11.27-09.23.06:555][  0]LogConfig: Setting CVar [[r.Shadow.CSM.MaxCascades:10]]
[2019.11.27-09.23.06:555][  0]LogConfig: Setting CVar [[r.Shadow.MaxResolution:2048]]
[2019.11.27-09.23.06:555][  0]LogConfig: Setting CVar [[r.Shadow.MaxCSMResolution:2048]]
[2019.11.27-09.23.06:555][  0]LogConfig: Setting CVar [[r.Shadow.RadiusThreshold:0.01]]
[2019.11.27-09.23.06:555][  0]LogConfig: Setting CVar [[r.Shadow.DistanceScale:1.0]]
[2019.11.27-09.23.06:555][  0]LogConfig: Setting CVar [[r.Shadow.CSM.TransitionScale:1.0]]
[2019.11.27-09.23.06:555][  0]LogConfig: Setting CVar [[r.Shadow.PreShadowResolutionFactor:1.0]]
[2019.11.27-09.23.06:555][  0]LogConfig: Setting CVar [[r.DistanceFieldShadowing:1]]
[2019.11.27-09.23.06:555][  0]LogConfig: Setting CVar [[r.DistanceFieldAO:1]]
[2019.11.27-09.23.06:555][  0]LogConfig: Setting CVar [[r.AOQuality:2]]
[2019.11.27-09.23.06:555][  0]LogConfig: Setting CVar [[r.VolumetricFog:1]]
[2019.11.27-09.23.06:555][  0]LogConfig: Setting CVar [[r.VolumetricFog.GridPixelSize:8]]
[2019.11.27-09.23.06:555][  0]LogConfig: Setting CVar [[r.VolumetricFog.GridSizeZ:128]]
[2019.11.27-09.23.06:555][  0]LogConfig: Setting CVar [[r.VolumetricFog.HistoryMissSupersampleCount:4]]
[2019.11.27-09.23.06:555][  0]LogConfig: Setting CVar [[r.LightMaxDrawDistanceScale:1]]
[2019.11.27-09.23.06:555][  0]LogConfig: Setting CVar [[r.CapsuleShadows:1]]
[2019.11.27-09.23.06:555][  0]LogConfig: Applying CVar settings from Section [PostProcessQuality@3] File [D:/Unreal/Fireball/Fireball/Saved/Config/Windows/Scalability.ini]
[2019.11.27-09.23.06:555][  0]LogConfig: Setting CVar [[r.MotionBlurQuality:4]]
[2019.11.27-09.23.06:555][  0]LogConfig: Setting CVar [[r.AmbientOcclusionMipLevelFactor:0.4]]
[2019.11.27-09.23.06:555][  0]LogConfig: Setting CVar [[r.AmbientOcclusionMaxQuality:100]]
[2019.11.27-09.23.06:555][  0]LogConfig: Setting CVar [[r.AmbientOcclusionLevels:-1]]
[2019.11.27-09.23.06:555][  0]LogConfig: Setting CVar [[r.AmbientOcclusionRadiusScale:1.0]]
[2019.11.27-09.23.06:555][  0]LogConfig: Setting CVar [[r.DepthOfFieldQuality:2]]
[2019.11.27-09.23.06:555][  0]LogConfig: Setting CVar [[r.RenderTargetPoolMin:400]]
[2019.11.27-09.23.06:555][  0]LogConfig: Setting CVar [[r.LensFlareQuality:2]]
[2019.11.27-09.23.06:555][  0]LogConfig: Setting CVar [[r.SceneColorFringeQuality:1]]
[2019.11.27-09.23.06:555][  0]LogConfig: Setting CVar [[r.EyeAdaptationQuality:2]]
[2019.11.27-09.23.06:555][  0]LogConfig: Setting CVar [[r.BloomQuality:5]]
[2019.11.27-09.23.06:555][  0]LogConfig: Setting CVar [[r.FastBlurThreshold:100]]
[2019.11.27-09.23.06:555][  0]LogConfig: Setting CVar [[r.Upscale.Quality:3]]
[2019.11.27-09.23.06:555][  0]LogConfig: Setting CVar [[r.Tonemapper.GrainQuantization:1]]
[2019.11.27-09.23.06:555][  0]LogConfig: Setting CVar [[r.LightShaftQuality:1]]
[2019.11.27-09.23.06:555][  0]LogConfig: Setting CVar [[r.Filter.SizeScale:1]]
[2019.11.27-09.23.06:555][  0]LogConfig: Setting CVar [[r.Tonemapper.Quality:5]]
[2019.11.27-09.23.06:555][  0]LogConfig: Setting CVar [[r.DOF.Gather.AccumulatorQuality:1        ; higher gathering accumulator quality]]
[2019.11.27-09.23.06:555][  0]LogConfig: Setting CVar [[r.DOF.Gather.PostfilterMethod:1          ; Median3x3 postfilering method]]
[2019.11.27-09.23.06:556][  0]LogConfig: Setting CVar [[r.DOF.Gather.EnableBokehSettings:0       ; no bokeh simulation when gathering]]
[2019.11.27-09.23.06:556][  0]LogConfig: Setting CVar [[r.DOF.Gather.RingCount:4                 ; medium number of samples when gathering]]
[2019.11.27-09.23.06:556][  0]LogConfig: Setting CVar [[r.DOF.Scatter.ForegroundCompositing:1    ; additive foreground scattering]]
[2019.11.27-09.23.06:556][  0]LogConfig: Setting CVar [[r.DOF.Scatter.BackgroundCompositing:2    ; additive background scattering]]
[2019.11.27-09.23.06:556][  0]LogConfig: Setting CVar [[r.DOF.Scatter.EnableBokehSettings:1      ; bokeh simulation when scattering]]
[2019.11.27-09.23.06:556][  0]LogConfig: Setting CVar [[r.DOF.Scatter.MaxSpriteRatio:0.1         ; only a maximum of 10% of scattered bokeh]]
[2019.11.27-09.23.06:556][  0]LogConfig: Setting CVar [[r.DOF.Recombine.Quality:1                ; cheap slight out of focus]]
[2019.11.27-09.23.06:556][  0]LogConfig: Setting CVar [[r.DOF.Recombine.EnableBokehSettings:0    ; no bokeh simulation on slight out of focus]]
[2019.11.27-09.23.06:556][  0]LogConfig: Setting CVar [[r.DOF.TemporalAAQuality:1                ; more stable temporal accumulation]]
[2019.11.27-09.23.06:556][  0]LogConfig: Setting CVar [[r.DOF.Kernel.MaxForegroundRadius:0.025]]
[2019.11.27-09.23.06:556][  0]LogConfig: Setting CVar [[r.DOF.Kernel.MaxBackgroundRadius:0.025]]
[2019.11.27-09.23.06:556][  0]LogConfig: Applying CVar settings from Section [TextureQuality@3] File [D:/Unreal/Fireball/Fireball/Saved/Config/Windows/Scalability.ini]
[2019.11.27-09.23.06:556][  0]LogConfig: Setting CVar [[r.Streaming.MipBias:0]]
[2019.11.27-09.23.06:556][  0]LogConfig: Setting CVar [[r.Streaming.AmortizeCPUToGPUCopy:0]]
[2019.11.27-09.23.06:556][  0]LogConfig: Setting CVar [[r.Streaming.MaxNumTexturesToStreamPerFrame:0]]
[2019.11.27-09.23.06:556][  0]LogConfig: Setting CVar [[r.Streaming.Boost:1]]
[2019.11.27-09.23.06:556][  0]LogConfig: Setting CVar [[r.MaxAnisotropy:8]]
[2019.11.27-09.23.06:556][  0]LogConfig: Setting CVar [[r.Streaming.LimitPoolSizeToVRAM:0]]
[2019.11.27-09.23.06:556][  0]LogConfig: Setting CVar [[r.Streaming.PoolSize:1000]]
[2019.11.27-09.23.06:556][  0]LogConfig: Setting CVar [[r.Streaming.MaxEffectiveScreenSize:0]]
[2019.11.27-09.23.06:556][  0]LogConfig: Applying CVar settings from Section [EffectsQuality@3] File [D:/Unreal/Fireball/Fireball/Saved/Config/Windows/Scalability.ini]
[2019.11.27-09.23.06:556][  0]LogConfig: Setting CVar [[r.TranslucencyLightingVolumeDim:64]]
[2019.11.27-09.23.06:556][  0]LogConfig: Setting CVar [[r.RefractionQuality:2]]
[2019.11.27-09.23.06:556][  0]LogConfig: Setting CVar [[r.SSR.Quality:3]]
[2019.11.27-09.23.06:556][  0]LogConfig: Setting CVar [[r.SceneColorFormat:4]]
[2019.11.27-09.23.06:556][  0]LogConfig: Setting CVar [[r.DetailMode:2]]
[2019.11.27-09.23.06:557][  0]LogConfig: Setting CVar [[r.TranslucencyVolumeBlur:1]]
[2019.11.27-09.23.06:557][  0]LogConfig: Setting CVar [[r.MaterialQualityLevel:1 ; High quality]]
[2019.11.27-09.23.06:557][  0]LogConfig: Setting CVar [[r.SSS.Scale:1]]
[2019.11.27-09.23.06:557][  0]LogConfig: Setting CVar [[r.SSS.SampleSet:2]]
[2019.11.27-09.23.06:557][  0]LogConfig: Setting CVar [[r.SSS.Quality:1]]
[2019.11.27-09.23.06:557][  0]LogConfig: Setting CVar [[r.SSS.HalfRes:1]]
[2019.11.27-09.23.06:557][  0]LogConfig: Setting CVar [[r.EmitterSpawnRateScale:1.0]]
[2019.11.27-09.23.06:557][  0]LogConfig: Setting CVar [[r.ParticleLightQuality:2]]
[2019.11.27-09.23.06:557][  0]LogConfig: Applying CVar settings from Section [FoliageQuality@3] File [D:/Unreal/Fireball/Fireball/Saved/Config/Windows/Scalability.ini]
[2019.11.27-09.23.06:557][  0]LogConfig: Setting CVar [[foliage.DensityScale:1.0]]
[2019.11.27-09.23.06:557][  0]LogConfig: Setting CVar [[grass.DensityScale:1.0]]
[2019.11.27-09.23.06:557][  0]LogInit: Selected Device Profile: [Windows]
[2019.11.27-09.23.06:557][  0]LogInit: Applying CVar settings loaded from the selected device profile: [Windows]
[2019.11.27-09.23.06:564][  0]LogHAL: Display: Platform has ~ 16 GB [17116303360 / 17179869184 / 16], which maps to Larger [LargestMinGB=32, LargerMinGB=12, DefaultMinGB=8, SmallerMinGB=6, SmallestMinGB=0)
[2019.11.27-09.23.06:564][  0]LogInit: Going up to parent DeviceProfile []
[2019.11.27-09.23.06:564][  0]LogConfig: Applying CVar settings from Section [ViewDistanceQuality@0] File [D:/Unreal/Fireball/Fireball/Saved/Config/Windows/Scalability.ini]
[2019.11.27-09.23.06:564][  0]LogConfig: Setting CVar [[r.SkeletalMeshLODBias:2]]
[2019.11.27-09.23.06:564][  0]LogConfig: Setting CVar [[r.ViewDistanceScale:0.4]]
[2019.11.27-09.23.06:564][  0]LogConfig: Applying CVar settings from Section [AntiAliasingQuality@0] File [D:/Unreal/Fireball/Fireball/Saved/Config/Windows/Scalability.ini]
[2019.11.27-09.23.06:564][  0]LogConfig: Setting CVar [[r.PostProcessAAQuality:0]]
[2019.11.27-09.23.06:564][  0]LogConfig: Applying CVar settings from Section [ShadowQuality@0] File [D:/Unreal/Fireball/Fireball/Saved/Config/Windows/Scalability.ini]
[2019.11.27-09.23.06:564][  0]LogConfig: Setting CVar [[r.LightFunctionQuality:0]]
[2019.11.27-09.23.06:564][  0]LogConfig: Setting CVar [[r.ShadowQuality:0]]
[2019.11.27-09.23.06:564][  0]LogConfig: Setting CVar [[r.Shadow.CSM.MaxCascades:1]]
[2019.11.27-09.23.06:564][  0]LogConfig: Setting CVar [[r.Shadow.MaxResolution:512]]
[2019.11.27-09.23.06:564][  0]LogConfig: Setting CVar [[r.Shadow.MaxCSMResolution:512]]
[2019.11.27-09.23.06:564][  0]LogConfig: Setting CVar [[r.Shadow.RadiusThreshold:0.06]]
[2019.11.27-09.23.06:564][  0]LogConfig: Setting CVar [[r.Shadow.DistanceScale:0.6]]
[2019.11.27-09.23.06:564][  0]LogConfig: Setting CVar [[r.Shadow.CSM.TransitionScale:0]]
[2019.11.27-09.23.06:564][  0]LogConfig: Setting CVar [[r.Shadow.PreShadowResolutionFactor:0.5]]
[2019.11.27-09.23.06:564][  0]LogConfig: Setting CVar [[r.DistanceFieldShadowing:0]]
[2019.11.27-09.23.06:564][  0]LogConfig: Setting CVar [[r.DistanceFieldAO:0]]
[2019.11.27-09.23.06:564][  0]LogConfig: Setting CVar [[r.VolumetricFog:0]]
[2019.11.27-09.23.06:564][  0]LogConfig: Setting CVar [[r.LightMaxDrawDistanceScale:0]]
[2019.11.27-09.23.06:564][  0]LogConfig: Setting CVar [[r.CapsuleShadows:0]]
[2019.11.27-09.23.06:564][  0]LogConfig: Applying CVar settings from Section [PostProcessQuality@0] File [D:/Unreal/Fireball/Fireball/Saved/Config/Windows/Scalability.ini]
[2019.11.27-09.23.06:565][  0]LogConfig: Setting CVar [[r.MotionBlurQuality:0]]
[2019.11.27-09.23.06:565][  0]LogConfig: Setting CVar [[r.AmbientOcclusionMipLevelFactor:1.0]]
[2019.11.27-09.23.06:565][  0]LogConfig: Setting CVar [[r.AmbientOcclusionMaxQuality:0]]
[2019.11.27-09.23.06:565][  0]LogConfig: Setting CVar [[r.AmbientOcclusionLevels:0]]
[2019.11.27-09.23.06:565][  0]LogConfig: Setting CVar [[r.AmbientOcclusionRadiusScale:1.2]]
[2019.11.27-09.23.06:565][  0]LogConfig: Setting CVar [[r.DepthOfFieldQuality:0]]
[2019.11.27-09.23.06:565][  0]LogConfig: Setting CVar [[r.RenderTargetPoolMin:300]]
[2019.11.27-09.23.06:565][  0]LogConfig: Setting CVar [[r.LensFlareQuality:0]]
[2019.11.27-09.23.06:565][  0]LogConfig: Setting CVar [[r.SceneColorFringeQuality:0]]
[2019.11.27-09.23.06:565][  0]LogConfig: Setting CVar [[r.EyeAdaptationQuality:0]]
[2019.11.27-09.23.06:565][  0]LogConfig: Setting CVar [[r.BloomQuality:4]]
[2019.11.27-09.23.06:565][  0]LogConfig: Setting CVar [[r.FastBlurThreshold:0]]
[2019.11.27-09.23.06:565][  0]LogConfig: Setting CVar [[r.Upscale.Quality:1]]
[2019.11.27-09.23.06:565][  0]LogConfig: Setting CVar [[r.Tonemapper.GrainQuantization:0]]
[2019.11.27-09.23.06:565][  0]LogConfig: Setting CVar [[r.LightShaftQuality:0]]
[2019.11.27-09.23.06:565][  0]LogConfig: Setting CVar [[r.Filter.SizeScale:0.6]]
[2019.11.27-09.23.06:565][  0]LogConfig: Setting CVar [[r.Tonemapper.Quality:0]]
[2019.11.27-09.23.06:565][  0]LogConfig: Applying CVar settings from Section [TextureQuality@0] File [D:/Unreal/Fireball/Fireball/Saved/Config/Windows/Scalability.ini]
[2019.11.27-09.23.06:565][  0]LogConfig: Setting CVar [[r.Streaming.MipBias:16]]
[2019.11.27-09.23.06:565][  0]LogConfig: Setting CVar [[r.Streaming.AmortizeCPUToGPUCopy:1]]
[2019.11.27-09.23.06:565][  0]LogConfig: Setting CVar [[r.Streaming.MaxNumTexturesToStreamPerFrame:1]]
[2019.11.27-09.23.06:565][  0]LogConfig: Setting CVar [[r.Streaming.Boost:0.3]]
[2019.11.27-09.23.06:565][  0]LogConfig: Setting CVar [[r.MaxAnisotropy:0]]
[2019.11.27-09.23.06:565][  0]LogConfig: Setting CVar [[r.Streaming.LimitPoolSizeToVRAM:1]]
[2019.11.27-09.23.06:565][  0]LogConfig: Setting CVar [[r.Streaming.PoolSize:400]]
[2019.11.27-09.23.06:565][  0]LogConfig: Setting CVar [[r.Streaming.MaxEffectiveScreenSize:0]]
[2019.11.27-09.23.06:565][  0]LogConfig: Applying CVar settings from Section [EffectsQuality@3] File [D:/Unreal/Fireball/Fireball/Saved/Config/Windows/Scalability.ini]
[2019.11.27-09.23.06:565][  0]LogConfig: Setting CVar [[r.TranslucencyLightingVolumeDim:64]]
[2019.11.27-09.23.06:565][  0]LogConfig: Setting CVar [[r.RefractionQuality:2]]
[2019.11.27-09.23.06:565][  0]LogConfig: Setting CVar [[r.SSR.Quality:3]]
[2019.11.27-09.23.06:565][  0]LogConfig: Setting CVar [[r.SceneColorFormat:4]]
[2019.11.27-09.23.06:565][  0]LogConfig: Setting CVar [[r.DetailMode:2]]
[2019.11.27-09.23.06:565][  0]LogConfig: Setting CVar [[r.TranslucencyVolumeBlur:1]]
[2019.11.27-09.23.06:565][  0]LogConfig: Setting CVar [[r.MaterialQualityLevel:1 ; High quality]]
[2019.11.27-09.23.06:565][  0]LogConfig: Setting CVar [[r.SSS.Scale:1]]
[2019.11.27-09.23.06:565][  0]LogConfig: Setting CVar [[r.SSS.SampleSet:2]]
[2019.11.27-09.23.06:565][  0]LogConfig: Setting CVar [[r.SSS.Quality:1]]
[2019.11.27-09.23.06:565][  0]LogConfig: Setting CVar [[r.SSS.HalfRes:1]]
[2019.11.27-09.23.06:565][  0]LogConfig: Setting CVar [[r.EmitterSpawnRateScale:1.0]]
[2019.11.27-09.23.06:565][  0]LogConfig: Setting CVar [[r.ParticleLightQuality:2]]
[2019.11.27-09.23.06:565][  0]LogConfig: Applying CVar settings from Section [FoliageQuality@0] File [D:/Unreal/Fireball/Fireball/Saved/Config/Windows/Scalability.ini]
[2019.11.27-09.23.06:565][  0]LogConfig: Setting CVar [[foliage.DensityScale:0]]
[2019.11.27-09.23.06:566][  0]LogConfig: Setting CVar [[grass.DensityScale:0]]
[2019.11.27-09.23.06:566][  0]LogConfig: Applying CVar settings from Section [Startup] File [../../../Engine/Config/ConsoleVariables.ini]
[2019.11.27-09.23.06:566][  0]LogConfig: Setting CVar [[net.UseAdaptiveNetUpdateFrequency:0]]
[2019.11.27-09.23.06:566][  0]LogConfig: Setting CVar [[p.chaos.AllowCreatePhysxBodies:1]]
[2019.11.27-09.23.06:566][  0]LogConfig: Applying CVar settings from Section [ConsoleVariables] File [D:/Unreal/Fireball/Fireball/Saved/Config/Windows/Engine.ini]
[2019.11.27-09.23.06:566][  0]LogInit: Computer: DESKTOP-L4BREF2
[2019.11.27-09.23.06:566][  0]LogInit: User: Zoey
[2019.11.27-09.23.06:566][  0]LogInit: CPU Page size=4096, Cores=2
[2019.11.27-09.23.06:566][  0]LogInit: High frequency timer resolution =10.000000 MHz
[2019.11.27-09.23.06:567][  0]LogMemory: Memory total: Physical=15.9GB (16GB approx)
[2019.11.27-09.23.06:567][  0]LogMemory: Platform Memory Stats for Windows
[2019.11.27-09.23.06:567][  0]LogMemory: Process Physical Memory: 99.60 MB used, 99.61 MB peak
[2019.11.27-09.23.06:567][  0]LogMemory: Process Virtual Memory: 87.64 MB used, 87.64 MB peak
[2019.11.27-09.23.06:567][  0]LogMemory: Physical Memory: 5383.92 MB used,  10939.46 MB free, 16323.38 MB total
[2019.11.27-09.23.06:567][  0]LogMemory: Virtual Memory: 4639.43 MB used,  134213088.00 MB free, 134217728.00 MB total
[2019.11.27-09.23.06:572][  0]LogWindows: WindowsPlatformFeatures enabled
[2019.11.27-09.23.06:618][  0]LogInit: Using OS detected language (en-GB).
[2019.11.27-09.23.06:618][  0]LogInit: Using OS detected locale (en-GB).
[2019.11.27-09.23.06:619][  0]LogTextLocalizationManager: No specific localization for 'en-GB' exists, so the 'en' localization will be used.
[2019.11.27-09.23.06:989][  0]LogInit: Setting process to per monitor DPI aware
[2019.11.27-09.23.07:057][  0]LogSlate: New Slate User Created.  User Index 0, Is Virtual User: 0
[2019.11.27-09.23.07:057][  0]LogSlate: Slate User Registered.  User Index 0, Is Virtual User: 0
[2019.11.27-09.23.07:335][  0]LogHMD: Failed to initialize OpenVR with code 110
[2019.11.27-09.23.07:335][  0]LogD3D11RHI: D3D11 adapters:
[2019.11.27-09.23.07:454][  0]LogD3D11RHI:    0. 'NVIDIA GeForce GT 710' (Feature Level 11_0)
[2019.11.27-09.23.07:454][  0]LogD3D11RHI:       2007/0/8161 MB DedicatedVideo/DedicatedSystem/SharedSystem, Outputs:2, VendorId:0x10de
[2019.11.27-09.23.07:459][  0]LogD3D11RHI:    1. 'Microsoft Basic Render Driver' (Feature Level 11_0)
[2019.11.27-09.23.07:459][  0]LogD3D11RHI:       0/0/8161 MB DedicatedVideo/DedicatedSystem/SharedSystem, Outputs:0, VendorId:0x1414
[2019.11.27-09.23.07:459][  0]LogD3D11RHI: Chosen D3D11 Adapter: 0
[2019.11.27-09.23.07:473][  0]LogD3D11RHI: Creating new Direct3DDevice
[2019.11.27-09.23.07:473][  0]LogD3D11RHI:     GPU DeviceId: 0x128b (for the marketing name, search the web for "GPU Device Id")
[2019.11.27-09.23.07:473][  0]LogWindows: EnumDisplayDevices:
[2019.11.27-09.23.07:474][  0]LogWindows:    0. 'NVIDIA GeForce GT 710' (P:1 D:1)
[2019.11.27-09.23.07:474][  0]LogWindows:    1. 'NVIDIA GeForce GT 710' (P:0 D:1)
[2019.11.27-09.23.07:474][  0]LogWindows:    2. 'NVIDIA GeForce GT 710' (P:0 D:0)
[2019.11.27-09.23.07:475][  0]LogWindows: DebugString: FoundDriverCount:3 
[2019.11.27-09.23.07:475][  0]LogD3D11RHI:     Adapter Name: NVIDIA GeForce GT 710
[2019.11.27-09.23.07:475][  0]LogD3D11RHI:   Driver Version: 432.00 (internal:26.21.14.3200, unified:432.00)
[2019.11.27-09.23.07:475][  0]LogD3D11RHI:      Driver Date: 7-24-2019
[2019.11.27-09.23.07:475][  0]LogRHI: Texture pool is 1404 MB (70% of 2007 MB)
[2019.11.27-09.23.07:558][  0]LogD3D11RHI: Async texture creation enabled
[2019.11.27-09.23.07:576][  0]LogD3D11RHI: GPU Timing Frequency: 1000.000000 (Debug: 2 1)
[2019.11.27-09.23.08:172][  0]LogTemp: Display: Module 'AllDesktopTargetPlatform' loaded TargetPlatform 'AllDesktop'
[2019.11.27-09.23.08:189][  0]LogTemp: Display: Module 'MacClientTargetPlatform' loaded TargetPlatform 'MacClient'
[2019.11.27-09.23.08:205][  0]LogTemp: Display: Module 'MacNoEditorTargetPlatform' loaded TargetPlatform 'MacNoEditor'
[2019.11.27-09.23.08:220][  0]LogTemp: Display: Module 'MacServerTargetPlatform' loaded TargetPlatform 'MacServer'
[2019.11.27-09.23.08:244][  0]LogTemp: Display: Module 'MacTargetPlatform' loaded TargetPlatform 'Mac'
[2019.11.27-09.23.08:260][  0]LogTemp: Display: Module 'WindowsClientTargetPlatform' loaded TargetPlatform 'WindowsClient'
[2019.11.27-09.23.08:276][  0]LogTemp: Display: Module 'WindowsNoEditorTargetPlatform' loaded TargetPlatform 'WindowsNoEditor'
[2019.11.27-09.23.08:291][  0]LogTemp: Display: Module 'WindowsServerTargetPlatform' loaded TargetPlatform 'WindowsServer'
[2019.11.27-09.23.08:300][  0]LogTemp: Display: Module 'WindowsTargetPlatform' loaded TargetPlatform 'Windows'
[2019.11.27-09.23.08:369][  0]LogTemp: Display: Module 'AndroidTargetPlatform' loaded TargetPlatform 'Android'
[2019.11.27-09.23.08:369][  0]LogTemp: Display: Module 'AndroidTargetPlatform' loaded TargetPlatform 'Android_ASTC'
[2019.11.27-09.23.08:369][  0]LogTemp: Display: Module 'AndroidTargetPlatform' loaded TargetPlatform 'Android_ATC'
[2019.11.27-09.23.08:370][  0]LogTemp: Display: Module 'AndroidTargetPlatform' loaded TargetPlatform 'Android_DXT'
[2019.11.27-09.23.08:370][  0]LogTemp: Display: Module 'AndroidTargetPlatform' loaded TargetPlatform 'Android_ETC1'
[2019.11.27-09.23.08:370][  0]LogTemp: Display: Module 'AndroidTargetPlatform' loaded TargetPlatform 'Android_ETC1a'
[2019.11.27-09.23.08:370][  0]LogTemp: Display: Module 'AndroidTargetPlatform' loaded TargetPlatform 'Android_ETC2'
[2019.11.27-09.23.08:370][  0]LogTemp: Display: Module 'AndroidTargetPlatform' loaded TargetPlatform 'Android_PVRTC'
[2019.11.27-09.23.08:370][  0]LogTemp: Display: Module 'AndroidTargetPlatform' loaded TargetPlatform 'AndroidClient'
[2019.11.27-09.23.08:370][  0]LogTemp: Display: Module 'AndroidTargetPlatform' loaded TargetPlatform 'Android_ASTCClient'
[2019.11.27-09.23.08:370][  0]LogTemp: Display: Module 'AndroidTargetPlatform' loaded TargetPlatform 'Android_ATCClient'
[2019.11.27-09.23.08:370][  0]LogTemp: Display: Module 'AndroidTargetPlatform' loaded TargetPlatform 'Android_DXTClient'
[2019.11.27-09.23.08:370][  0]LogTemp: Display: Module 'AndroidTargetPlatform' loaded TargetPlatform 'Android_ETC1Client'
[2019.11.27-09.23.08:370][  0]LogTemp: Display: Module 'AndroidTargetPlatform' loaded TargetPlatform 'Android_ETC1aClient'
[2019.11.27-09.23.08:370][  0]LogTemp: Display: Module 'AndroidTargetPlatform' loaded TargetPlatform 'Android_ETC2Client'
[2019.11.27-09.23.08:370][  0]LogTemp: Display: Module 'AndroidTargetPlatform' loaded TargetPlatform 'Android_PVRTCClient'
[2019.11.27-09.23.08:370][  0]LogTemp: Display: Module 'AndroidTargetPlatform' loaded TargetPlatform 'Android_Multi'
[2019.11.27-09.23.08:370][  0]LogTemp: Display: Module 'AndroidTargetPlatform' loaded TargetPlatform 'Android_MultiClient'
[2019.11.27-09.23.08:375][  0]LogTemp: Display: Module 'HTML5TargetPlatform' loaded TargetPlatform 'HTML5'
[2019.11.27-09.23.08:414][  0]LogTemp: Display: Module 'IOSTargetPlatform' loaded TargetPlatform 'IOSClient'
[2019.11.27-09.23.08:414][  0]LogTemp: Display: Module 'IOSTargetPlatform' loaded TargetPlatform 'IOS'
[2019.11.27-09.23.08:437][  0]LogTemp: Display: Module 'TVOSTargetPlatform' loaded TargetPlatform 'TVOSClient'
[2019.11.27-09.23.08:437][  0]LogTemp: Display: Module 'TVOSTargetPlatform' loaded TargetPlatform 'TVOS'
[2019.11.27-09.23.08:449][  0]LogTemp: Display: Module 'LinuxClientTargetPlatform' loaded TargetPlatform 'LinuxClient'
[2019.11.27-09.23.08:462][  0]LogTemp: Display: Module 'LinuxNoEditorTargetPlatform' loaded TargetPlatform 'LinuxNoEditor'
[2019.11.27-09.23.08:475][  0]LogTemp: Display: Module 'LinuxServerTargetPlatform' loaded TargetPlatform 'LinuxServer'
[2019.11.27-09.23.08:496][  0]LogTemp: Display: Module 'LinuxTargetPlatform' loaded TargetPlatform 'Linux'
[2019.11.27-09.23.08:540][  0]LogTemp: Display: Module 'LuminTargetPlatform' loaded TargetPlatform 'Lumin'
[2019.11.27-09.23.08:540][  0]LogTemp: Display: Module 'LuminTargetPlatform' loaded TargetPlatform 'LuminClient'
[2019.11.27-09.23.08:540][  0]LogTargetPlatformManager: Display: Building Assets For Windows
[2019.11.27-09.23.08:555][  0]LogAudioDebug: Display: Lib vorbis DLL was dynamically loaded.
[2019.11.27-09.23.08:656][  0]LogShaderCompilers: Guid format shader working directory is 17 characters bigger than the processId version (D:/Unreal/Fireball/Fireball/Intermediate/Shaders/WorkingDirectory/10436/).
[2019.11.27-09.23.08:656][  0]LogShaderCompilers: Cleaned the shader compiler working directory 'C:/Users/Zoey/AppData/Local/Temp/UnrealShaderWorkingDir/63F06FD746C146776A0362AE2F72A976/'.
[2019.11.27-09.23.08:660][  0]LogXGEController: Cannot use XGE Controller as Incredibuild is not installed on this machine.
[2019.11.27-09.23.08:660][  0]LogShaderCompilers: Cannot use XGE Shader Compiler as Incredibuild is not installed on this machine.
[2019.11.27-09.23.08:660][  0]LogShaderCompilers: Display: Using Local Shader Compiler.
[2019.11.27-09.23.09:913][  0]LogDerivedDataCache: Display: Max Cache Size: 512 MB
[2019.11.27-09.23.10:019][  0]LogDerivedDataCache: Loaded boot cache 0.11s 73MB C:/Users/Zoey/AppData/Local/UnrealEngine/4.23/DerivedDataCache/Boot.ddc.
[2019.11.27-09.23.10:019][  0]LogDerivedDataCache: Display: Loaded Boot cache: C:/Users/Zoey/AppData/Local/UnrealEngine/4.23/DerivedDataCache/Boot.ddc
[2019.11.27-09.23.10:020][  0]LogDerivedDataCache: FDerivedDataBackendGraph:  Pak pak cache file D:/Unreal/Fireball/Fireball/DerivedDataCache/DDC.ddp not found, will not use a pak cache.
[2019.11.27-09.23.10:020][  0]LogDerivedDataCache: Unable to find inner node Pak for hierarchical cache Hierarchy.
[2019.11.27-09.23.10:020][  0]LogDerivedDataCache: FDerivedDataBackendGraph:  CompressedPak pak cache file D:/Unreal/Fireball/Fireball/DerivedDataCache/Compressed.ddp not found, will not use a pak cache.
[2019.11.27-09.23.10:020][  0]LogDerivedDataCache: Unable to find inner node CompressedPak for hierarchical cache Hierarchy.
[2019.11.27-09.23.10:035][  0]LogDerivedDataCache: Display: Pak cache opened for reading ../../../Engine/DerivedDataCache/Compressed.ddp.
[2019.11.27-09.23.10:035][  0]LogDerivedDataCache: FDerivedDataBackendGraph:  EnterprisePak pak cache file ../../../Enterprise/DerivedDataCache/Compressed.ddp not found, will not use a pak cache.
[2019.11.27-09.23.10:035][  0]LogDerivedDataCache: Unable to find inner node EnterprisePak for hierarchical cache Hierarchy.
[2019.11.27-09.23.10:039][  0]LogDerivedDataCache: Using Local data cache path C:/Users/Zoey/AppData/Local/UnrealEngine/Common/DerivedDataCache: Writable
[2019.11.27-09.23.10:039][  0]LogDerivedDataCache: Shared data cache path not found in *engine.ini, will not use an Shared cache.
[2019.11.27-09.23.10:039][  0]LogDerivedDataCache: Unable to find inner node Shared for hierarchical cache Hierarchy.
[2019.11.27-09.23.10:078][  0]LogMaterial: Verifying Global Shaders for PCD3D_SM5
[2019.11.27-09.23.10:081][  0]LogSlate: Using FreeType 2.6.0
[2019.11.27-09.23.10:082][  0]LogSlate: SlateFontServices - WITH_FREETYPE: 1, WITH_HARFBUZZ: 1
[2019.11.27-09.23.10:175][  0]LogAssetRegistry: FAssetRegistry took 0.0043 seconds to start up
[2019.11.27-09.23.10:705][  0]LogInit: Selected Device Profile: [Windows]
[2019.11.27-09.23.10:954][  0]LogMeshReduction: Using QuadricMeshReduction for automatic static mesh reduction
[2019.11.27-09.23.10:955][  0]LogMeshReduction: Using SimplygonMeshReduction for automatic skeletal mesh reduction
[2019.11.27-09.23.10:955][  0]LogMeshReduction: Using ProxyLODMeshReduction for automatic mesh merging
[2019.11.27-09.23.10:955][  0]LogMeshReduction: No distributed automatic mesh merging module available
[2019.11.27-09.23.10:955][  0]LogMeshMerging: No distributed automatic mesh merging module available
[2019.11.27-09.23.10:973][  0]LogNetVersion: Fireball 1.0.0, NetCL: 8386587, EngineNetVer: 11, GameNetVer: 0 (Checksum: 510895279)
[2019.11.27-09.23.12:034][  0]LogPackageLocalizationCache: Processed 12 localized package path(s) for 1 prioritized culture(s) in 0.419565 seconds
[2019.11.27-09.23.12:048][  0]LogUObjectArray: 43444 objects as part of root set at end of initial load.
[2019.11.27-09.23.12:048][  0]LogUObjectAllocator: 7548648 out of 0 bytes used by permanent object pool.
[2019.11.27-09.23.12:048][  0]LogUObjectArray: CloseDisregardForGC: 0/0 objects in disregard for GC pool
[2019.11.27-09.23.13:425][  0]LogTcpMessaging: Initializing TcpMessaging bridge
[2019.11.27-09.23.13:432][  0]LogUdpMessaging: Initializing bridge on interface 0.0.0.0:0 to multicast group 230.0.0.1:6666.
[2019.11.27-09.23.13:596][  0]SourceControl: Source control is disabled
[2019.11.27-09.23.13:596][  0]SourceControl: Source control is disabled
[2019.11.27-09.23.13:599][  0]SourceControl: Source control is disabled
[2019.11.27-09.23.13:601][  0]SourceControl: Source control is disabled
[2019.11.27-09.23.13:795][  0]LogAndroidPermission: UAndroidPermissionCallbackProxy::GetInstance
[2019.11.27-09.23.14:000][  0]LogOcInput: OculusInput pre-init called
[2019.11.27-09.23.14:015][  0]LogWindows: Failed to load 'OVRPlugin.dll' (GetLastError=126)
[2019.11.27-09.23.14:015][  0]LogWindows: File 'OVRPlugin.dll' does not exist
[2019.11.27-09.23.14:125][  0]LogEngine: Initializing Engine...
[2019.11.27-09.23.14:126][  0]LogHMD: Failed to initialize OpenVR with code 110
[2019.11.27-09.23.14:128][  0]LogStats: UGameplayTagsManager::InitializeManager -  0.000 s
[2019.11.27-09.23.14:496][  0]LogInit: Initializing FReadOnlyCVARCache
[2019.11.27-09.23.14:525][  0]LogAIModule: Creating AISystem for world Untitled
[2019.11.27-09.23.14:558][  0]LogInit: XAudio2 using 'S24F350 (2- NVIDIA High Definition Audio)' : 2 channels at 48 kHz using 16 bits per sample (channel mask 0x3)
[2019.11.27-09.23.14:597][  0]LogInit: FAudioDevice initialized.
[2019.11.27-09.23.14:598][  0]LogNetVersion: Set ProjectVersion to 1.0.0.0. Version Checksum will be recalculated on next use.
[2019.11.27-09.23.14:817][  0]LogDerivedDataCache: Saved boot cache 0.22s 73MB C:/Users/Zoey/AppData/Local/UnrealEngine/4.23/DerivedDataCache/Boot.ddc.
[2019.11.27-09.23.14:834][  0]LogInit: Texture streaming: Enabled
[2019.11.27-09.23.14:879][  0]LogEngineSessionManager: EngineSessionManager initialized
[2019.11.27-09.23.15:270][  0]LogInit: Transaction tracking system initialized
[2019.11.27-09.23.15:334][  0]BlueprintLog: New page: Editor Load
[2019.11.27-09.23.15:499][  0]LocalizationService: Localization service is disabled
[2019.11.27-09.23.15:933][  0]LogFileCache: Scanning file cache for directory 'D:/Unreal/Fireball/Fireball/Content/' took 0.02s
[2019.11.27-09.23.15:934][  0]LogCook: Display: Max memory allowance for cook 16384mb min free memory 0mb
[2019.11.27-09.23.15:934][  0]LogCook: Display: Mobile HDR setting 1
[2019.11.27-09.23.16:284][  0]SourceControl: Source control is disabled
[2019.11.27-09.23.16:284][  0]Cmd: MAP LOAD FILE="../../../Engine/Content/Maps/Templates/Template_Default.umap" TEMPLATE=1 SHOWPROGRESS=1 FEATURELEVEL=3
[2019.11.27-09.23.16:285][  0]LightingResults: New page: Lighting Build
[2019.11.27-09.23.16:290][  0]LogWorld: UWorld::CleanupWorld for Untitled, bSessionEnded=true, bCleanupResources=true
[2019.11.27-09.23.16:290][  0]MapCheck: New page: Map Check
[2019.11.27-09.23.16:290][  0]LightingResults: New page: Lighting Build
[2019.11.27-09.23.16:338][  0]LogUObjectHash: Compacting FUObjectHashTables data took   3.89ms
[2019.11.27-09.23.16:479][  0]LogAIModule: Creating AISystem for world Untitled_1
[2019.11.27-09.23.16:487][  0]LogEditorServer: Finished looking for orphan Actors (0.000 secs)
[2019.11.27-09.23.16:541][  0]LogUObjectHash: Compacting FUObjectHashTables data took   4.39ms
[2019.11.27-09.23.16:542][  0]Cmd: MAP CHECKDEP NOCLEARLOG
[2019.11.27-09.23.16:542][  0]MapCheck: Map check complete: 0 Error(s), 0 Warning(s), took 0.231ms to complete.
[2019.11.27-09.23.16:542][  0]LogFileHelpers: Loading map 'Template_Default' took 0.258
[2019.11.27-09.23.16:802][  0]LogSlate: Updating window title bar state: overlay mode, drag disabled, window buttons hidden, title bar hidden
[2019.11.27-09.23.16:815][  0]LogSlate: Updating window title bar state: overlay mode, drag disabled, window buttons hidden, title bar hidden
[2019.11.27-09.23.16:827][  0]LogSlate: Updating window title bar state: overlay mode, drag disabled, window buttons hidden, title bar hidden
[2019.11.27-09.23.16:840][  0]LogSlate: Updating window title bar state: overlay mode, drag disabled, window buttons hidden, title bar hidden
[2019.11.27-09.23.16:859][  0]LogCollectionManager: Loaded 0 collections in 0.003092 seconds
[2019.11.27-09.23.16:903][  0]LogFileCache: Scanning file cache for directory 'D:/Unreal/Fireball/Fireball/Saved/Collections/' took 0.00s
[2019.11.27-09.23.16:903][  0]LogFileCache: Scanning file cache for directory 'D:/Unreal/Fireball/Fireball/Content/Developers/Zoey/Collections/' took 0.00s
[2019.11.27-09.23.16:903][  0]LogFileCache: Scanning file cache for directory 'D:/Unreal/Fireball/Fireball/Content/Collections/' took 0.00s
[2019.11.27-09.23.16:903][  0]LogCollectionManager: Rebuilt the GUID cache for 0 collections in 0.000003 seconds
[2019.11.27-09.23.16:919][  0]LogContentBrowser: Native class hierarchy populated in 0.0163 seconds. Added 2865 classes and 682 folders.
[2019.11.27-09.23.17:000][  0]LogContentBrowser: Native class hierarchy updated for 'WidgetCarousel' in 0.0005 seconds. Added 0 classes and 0 folders.
[2019.11.27-09.23.19:081][  0]LogContentBrowser: Native class hierarchy updated for 'AddContentDialog' in 0.0006 seconds. Added 0 classes and 0 folders.
[2019.11.27-09.23.19:122][  0]LogContentBrowser: Native class hierarchy updated for 'SceneOutliner' in 0.0007 seconds. Added 1 classes and 2 folders.
[2019.11.27-09.23.19:160][  0]LogSlate: Took 0.000338 seconds to synchronously load lazily loaded font '../../../Engine/Content/Slate/Fonts/Roboto-Regular.ttf' (155K)
[2019.11.27-09.23.19:163][  0]LogSlate: Took 0.000358 seconds to synchronously load lazily loaded font '../../../Engine/Content/Slate/Fonts/Roboto-Bold.ttf' (160K)
[2019.11.27-09.23.19:210][  0]LogSlate: Took 0.041407 seconds to synchronously load lazily loaded font '../../../Engine/Content/Editor/Slate/Fonts/FontAwesome.ttf' (139K)
[2019.11.27-09.23.19:397][  0]LogRenderer: Reallocating scene render targets to support 1208x572 Format 10 NumSamples 1 (Frame:1).
[2019.11.27-09.23.19:579][  0]LogContentBrowser: Native class hierarchy updated for 'HierarchicalLODOutliner' in 0.0006 seconds. Added 0 classes and 0 folders.
[2019.11.27-09.23.19:579][  0]LogLoad: (Engine Initialization) Total time: 15.49 seconds
[2019.11.27-09.23.19:579][  0]LogLoad: (Engine Initialization) Total Blueprint compile time: 0.00 seconds
[2019.11.27-09.23.19:620][  0]LogContentStreaming: Texture pool size now 400 MB
[2019.11.27-09.23.19:690][  0]LogSlate: Took 0.021843 seconds to synchronously load lazily loaded font '../../../Engine/Content/Slate/Fonts/Roboto-Light.ttf' (167K)
[2019.11.27-09.23.21:466][ 52]LogSlate: FSceneViewport::OnFocusLost() reason 0
[2019.11.27-09.23.21:556][ 58]LogTemp: Repeating last play command: Selected Viewport
[2019.11.27-09.23.21:657][ 58]LogBlueprintUserMessages: Early PlayInEditor Detection: Level '/Temp/Untitled_1.Untitled_1:PersistentLevel' has LevelScriptBlueprint '/Temp/Untitled_1.Untitled_1:PersistentLevel.Untitled' with GeneratedClass '/Temp/Untitled_1.Untitled_C' with ClassGeneratedBy '/Temp/Untitled_1.Untitled_1:PersistentLevel.Untitled'
[2019.11.27-09.23.21:663][ 58]LogPlayLevel: PlayLevel: No blueprints needed recompiling
[2019.11.27-09.23.21:698][ 58]PIE: New page: PIE session: Untitled_1 (27 Nov 2019 09:23:21)
[2019.11.27-09.23.21:711][ 58]LogOnline: OSS: Creating online subsystem instance for: NULL
[2019.11.27-09.23.21:740][ 58]LogPlayLevel: Creating play world package: /Temp/UEDPIE_0_Untitled_1
[2019.11.27-09.23.21:796][ 58]LogPlayLevel: PIE: StaticDuplicateObject took: (0.055201s)
[2019.11.27-09.23.21:797][ 58]LogAIModule: Creating AISystem for world Untitled_1
[2019.11.27-09.23.21:810][ 58]LogPlayLevel: PIE: World Init took: (0.014363s)
[2019.11.27-09.23.21:810][ 58]LogPlayLevel: PIE: Created PIE world by copying editor world from /Temp/Untitled_1.Untitled_1 to /Temp/UEDPIE_0_Untitled_1.Untitled_1 (0.070098s)
[2019.11.27-09.23.21:867][ 58]LogUObjectHash: Compacting FUObjectHashTables data took   2.73ms
[2019.11.27-09.23.21:938][ 58]LogInit: XAudio2 using 'S24F350 (2- NVIDIA High Definition Audio)' : 2 channels at 48 kHz using 16 bits per sample (channel mask 0x3)
[2019.11.27-09.23.21:964][ 58]LogInit: FAudioDevice initialized.
[2019.11.27-09.23.22:027][ 58]LogLoad: Game class is 'GameModeBase'
[2019.11.27-09.23.22:072][ 58]LogWorld: Bringing World /Temp/UEDPIE_0_Untitled_1.Untitled_1 up for play (max tick rate 0) at 2019.11.27-09.23.22
[2019.11.27-09.23.22:088][ 58]LogWorld: Bringing up level for play took: 0.018047
[2019.11.27-09.23.22:100][ 58]LogOnline: OSS: Creating online subsystem instance for: :Context_1
[2019.11.27-09.23.22:241][ 58]LogContentBrowser: Native class hierarchy updated for 'MovieSceneCapture' in 0.0007 seconds. Added 20 classes and 0 folders.
[2019.11.27-09.23.22:269][ 58]PIE: Play in editor start time for /Temp/UEDPIE_0_Untitled_1 0.186
[2019.11.27-09.23.22:269][ 58]LogBlueprintUserMessages: Late PlayInEditor Detection: Level '/Temp/Untitled_1.Untitled_1:PersistentLevel' has LevelScriptBlueprint '/Temp/Untitled_1.Untitled_1:PersistentLevel.Untitled' with GeneratedClass '/Temp/Untitled_1.Untitled_C' with ClassGeneratedBy '/Temp/Untitled_1.Untitled_1:PersistentLevel.Untitled'
[2019.11.27-09.23.28:004][306]LogBlueprintUserMessages: Early EndPlayMap Detection: Level '/Temp/Untitled_1.Untitled_1:PersistentLevel' has LevelScriptBlueprint '/Temp/Untitled_1.Untitled_1:PersistentLevel.Untitled' with GeneratedClass '/Temp/Untitled_1.Untitled_C' with ClassGeneratedBy '/Temp/Untitled_1.Untitled_1:PersistentLevel.Untitled'
[2019.11.27-09.23.28:080][306]LogSlate: Updating window title bar state: overlay mode, drag disabled, window buttons hidden, title bar hidden
[2019.11.27-09.23.28:080][306]LogWorld: BeginTearingDown for /Temp/UEDPIE_0_Untitled_1
[2019.11.27-09.23.28:080][306]LogWorld: UWorld::CleanupWorld for Untitled_1, bSessionEnded=true, bCleanupResources=true
[2019.11.27-09.23.28:104][306]LogPlayLevel: Display: Shutting down PIE online subsystems
[2019.11.27-09.23.28:105][306]LogBlueprintUserMessages: Late EndPlayMap Detection: Level '/Temp/Untitled_1.Untitled_1:PersistentLevel' has LevelScriptBlueprint '/Temp/Untitled_1.Untitled_1:PersistentLevel.Untitled' with GeneratedClass '/Temp/Untitled_1.Untitled_C' with ClassGeneratedBy '/Temp/Untitled_1.Untitled_1:PersistentLevel.Untitled'
[2019.11.27-09.23.28:181][306]LogSlate: Updating window title bar state: overlay mode, drag disabled, window buttons hidden, title bar hidden
[2019.11.27-09.23.28:186][306]LogUObjectHash: Compacting FUObjectHashTables data took   3.25ms
[2019.11.27-09.23.28:249][307]LogPlayLevel: Display: Destroying online subsystem :Context_1
[2019.11.27-09.23.54:759][306]LogAssetRegistry: Asset discovery search completed in 44.5863 seconds
[2019.11.27-09.23.54:766][306]LogCollectionManager: Rebuilt the object cache for 0 collections in 0.000006 seconds (found 0 objects)
[2019.11.27-09.23.54:766][306]LogCollectionManager: Fixed up redirectors for 0 collections in 0.000119 seconds (updated 0 objects)
[2019.11.27-09.24.23:479][391]LogSlate: FSceneViewport::OnFocusLost() reason 0
[2019.11.27-09.24.23:665][397]LogSlate: Took 0.000344 seconds to synchronously load lazily loaded font '../../../Engine/Content/Slate/Fonts/Roboto-Light.ttf' (167K)
[2019.11.27-09.24.24:049][397]LogAIModule: Creating AISystem for world blecvh
[2019.11.27-09.24.24:098][397]LogAssetEditorManager: Opening Asset editor for World /Game/blecvh.blecvh
[2019.11.27-09.24.24:164][397]LogUObjectHash: Compacting FUObjectHashTables data took   4.49ms
[2019.11.27-09.24.24:193][397]Cmd: MAP LOAD FILE="D:/Unreal/Fireball/Fireball/Content/blecvh.umap" TEMPLATE=0 SHOWPROGRESS=1 FEATURELEVEL=3
[2019.11.27-09.24.24:193][397]LightingResults: New page: Lighting Build
[2019.11.27-09.24.24:194][397]LoadErrors: New page: Loading map: blecvh.umap
[2019.11.27-09.24.24:195][397]LogWorld: UWorld::CleanupWorld for Untitled_1, bSessionEnded=true, bCleanupResources=true
[2019.11.27-09.24.24:195][397]MapCheck: New page: Map Check
[2019.11.27-09.24.24:195][397]LightingResults: New page: Lighting Build
[2019.11.27-09.24.24:241][397]LogUObjectHash: Compacting FUObjectHashTables data took   3.63ms
[2019.11.27-09.24.24:257][397]LogEditorServer: Finished looking for orphan Actors (0.000 secs)
[2019.11.27-09.24.24:309][397]LogUObjectHash: Compacting FUObjectHashTables data took   3.71ms
[2019.11.27-09.24.24:365][397]Cmd: MAP CHECKDEP NOCLEARLOG
[2019.11.27-09.24.24:365][397]MapCheck: Map check complete: 0 Error(s), 0 Warning(s), took 0.139ms to complete.
[2019.11.27-09.24.24:365][397]LogFileHelpers: Loading map 'blecvh' took 0.201
[2019.11.27-09.24.30:273][610]LogTemp: Repeating last play command: Selected Viewport
[2019.11.27-09.24.30:299][610]LogBlueprintUserMessages: Early PlayInEditor Detection: Level '/Game/blecvh.blecvh:PersistentLevel' has LevelScriptBlueprint '/Game/blecvh.blecvh:PersistentLevel.blecvh' with GeneratedClass '/Game/blecvh.blecvh_C' with ClassGeneratedBy '/Game/blecvh.blecvh:PersistentLevel.blecvh'
[2019.11.27-09.24.30:299][610]LogPlayLevel: PlayLevel: No blueprints needed recompiling
[2019.11.27-09.24.30:300][610]PIE: New page: PIE session: blecvh (27 Nov 2019 09:24:30)
[2019.11.27-09.24.30:300][610]LogPlayLevel: Creating play world package: /Game/UEDPIE_0_blecvh
[2019.11.27-09.24.30:306][610]LogPlayLevel: PIE: StaticDuplicateObject took: (0.006055s)
[2019.11.27-09.24.30:308][610]LogAIModule: Creating AISystem for world blecvh
[2019.11.27-09.24.30:324][610]LogPlayLevel: PIE: World Init took: (0.017497s)
[2019.11.27-09.24.30:324][610]LogPlayLevel: PIE: Created PIE world by copying editor world from /Game/blecvh.blecvh to /Game/UEDPIE_0_blecvh.blecvh (0.024011s)
[2019.11.27-09.24.30:372][610]LogUObjectHash: Compacting FUObjectHashTables data took   3.02ms
[2019.11.27-09.24.30:398][610]LogInit: XAudio2 using 'S24F350 (2- NVIDIA High Definition Audio)' : 2 channels at 48 kHz using 16 bits per sample (channel mask 0x3)
[2019.11.27-09.24.30:421][610]LogInit: FAudioDevice initialized.
[2019.11.27-09.24.30:434][610]LogLoad: Game class is 'GameModeBase'
[2019.11.27-09.24.30:437][610]LogWorld: Bringing World /Game/UEDPIE_0_blecvh.blecvh up for play (max tick rate 0) at 2019.11.27-09.24.30
[2019.11.27-09.24.30:437][610]LogWorld: Bringing up level for play took: 0.002185
[2019.11.27-09.24.30:438][610]LogOnline: OSS: Creating online subsystem instance for: :Context_2
[2019.11.27-09.24.30:442][610]PIE: Play in editor start time for /Game/UEDPIE_0_blecvh 0.359
[2019.11.27-09.24.30:442][610]LogBlueprintUserMessages: Late PlayInEditor Detection: Level '/Game/blecvh.blecvh:PersistentLevel' has LevelScriptBlueprint '/Game/blecvh.blecvh:PersistentLevel.blecvh' with GeneratedClass '/Game/blecvh.blecvh_C' with ClassGeneratedBy '/Game/blecvh.blecvh:PersistentLevel.blecvh'
[2019.11.27-09.26.29:610][557]LogBlueprintUserMessages: Early EndPlayMap Detection: Level '/Game/blecvh.blecvh:PersistentLevel' has LevelScriptBlueprint '/Game/blecvh.blecvh:PersistentLevel.blecvh' with GeneratedClass '/Game/blecvh.blecvh_C' with ClassGeneratedBy '/Game/blecvh.blecvh:PersistentLevel.blecvh'
[2019.11.27-09.26.29:611][557]LogSlate: Updating window title bar state: overlay mode, drag disabled, window buttons hidden, title bar hidden
[2019.11.27-09.26.29:611][557]LogWorld: BeginTearingDown for /Game/UEDPIE_0_blecvh
[2019.11.27-09.26.29:611][557]LogWorld: UWorld::CleanupWorld for blecvh, bSessionEnded=true, bCleanupResources=true
[2019.11.27-09.26.29:648][557]LogPlayLevel: Display: Shutting down PIE online subsystems
[2019.11.27-09.26.29:649][557]LogBlueprintUserMessages: Late EndPlayMap Detection: Level '/Game/blecvh.blecvh:PersistentLevel' has LevelScriptBlueprint '/Game/blecvh.blecvh:PersistentLevel.blecvh' with GeneratedClass '/Game/blecvh.blecvh_C' with ClassGeneratedBy '/Game/blecvh.blecvh:PersistentLevel.blecvh'
[2019.11.27-09.26.29:701][557]LogSlate: Updating window title bar state: overlay mode, drag disabled, window buttons hidden, title bar hidden
[2019.11.27-09.26.29:705][557]LogUObjectHash: Compacting FUObjectHashTables data took   2.59ms
[2019.11.27-09.26.29:725][558]LogPlayLevel: Display: Destroying online subsystem :Context_2
[2019.11.27-09.26.42:301][633]LogTemp: Repeating last play command: Selected Viewport
[2019.11.27-09.26.42:409][633]LogBlueprintUserMessages: Early PlayInEditor Detection: Level '/Game/blecvh.blecvh:PersistentLevel' has LevelScriptBlueprint '/Game/blecvh.blecvh:PersistentLevel.blecvh' with GeneratedClass '/Game/blecvh.blecvh_C' with ClassGeneratedBy '/Game/blecvh.blecvh:PersistentLevel.blecvh'
[2019.11.27-09.26.42:409][633]LogPlayLevel: PlayLevel: No blueprints needed recompiling
[2019.11.27-09.26.42:410][633]PIE: New page: PIE session: blecvh (27 Nov 2019 09:26:42)
[2019.11.27-09.26.42:410][633]LogPlayLevel: Creating play world package: /Game/UEDPIE_0_blecvh
[2019.11.27-09.26.42:415][633]LogPlayLevel: PIE: StaticDuplicateObject took: (0.005230s)
[2019.11.27-09.26.42:417][633]LogAIModule: Creating AISystem for world blecvh
[2019.11.27-09.26.42:417][633]LogPlayLevel: PIE: World Init took: (0.002057s)
[2019.11.27-09.26.42:417][633]LogPlayLevel: PIE: Created PIE world by copying editor world from /Game/blecvh.blecvh to /Game/UEDPIE_0_blecvh.blecvh (0.007558s)
[2019.11.27-09.26.42:465][633]LogUObjectHash: Compacting FUObjectHashTables data took   3.84ms
[2019.11.27-09.26.42:492][633]LogInit: XAudio2 using 'S24F350 (2- NVIDIA High Definition Audio)' : 2 channels at 48 kHz using 16 bits per sample (channel mask 0x3)
[2019.11.27-09.26.42:521][633]LogInit: FAudioDevice initialized.
[2019.11.27-09.26.42:536][633]LogLoad: Game class is 'GameModeBase'
[2019.11.27-09.26.42:537][633]LogWorld: Bringing World /Game/UEDPIE_0_blecvh.blecvh up for play (max tick rate 0) at 2019.11.27-09.26.42
[2019.11.27-09.26.42:537][633]LogWorld: Bringing up level for play took: 0.000923
[2019.11.27-09.26.42:538][633]LogOnline: OSS: Creating online subsystem instance for: :Context_3
[2019.11.27-09.26.42:541][633]PIE: Play in editor start time for /Game/UEDPIE_0_blecvh 0.458
[2019.11.27-09.26.42:541][633]LogBlueprintUserMessages: Late PlayInEditor Detection: Level '/Game/blecvh.blecvh:PersistentLevel' has LevelScriptBlueprint '/Game/blecvh.blecvh:PersistentLevel.blecvh' with GeneratedClass '/Game/blecvh.blecvh_C' with ClassGeneratedBy '/Game/blecvh.blecvh:PersistentLevel.blecvh'
[2019.11.27-09.28.59:739][477]LogSlate: Window 'Open Level' being destroyed
[2019.11.27-09.29.02:990][677]LogUProjectInfo: Found projects:
[2019.11.27-09.29.12:822][772]Cmd: CLOSE_SLATE_MAINFRAME
[2019.11.27-09.29.12:877][772]LogUObjectHash: Compacting FUObjectHashTables data took   3.46ms
[2019.11.27-09.29.13:174][772]LogSlate: Window 'Open Project' being destroyed
[2019.11.27-09.29.13:177][772]LogSlate: Window 'Fireball - Unreal Editor' being destroyed
[2019.11.27-09.29.13:367][772]LogBlueprintUserMessages: Early EndPlayMap Detection: Level '/Game/blecvh.blecvh:PersistentLevel' has LevelScriptBlueprint '/Game/blecvh.blecvh:PersistentLevel.blecvh' with GeneratedClass '/Game/blecvh.blecvh_C' with ClassGeneratedBy '/Game/blecvh.blecvh:PersistentLevel.blecvh'
[2019.11.27-09.29.13:367][772]LogSlate: Updating window title bar state: overlay mode, drag disabled, window buttons hidden, title bar hidden
[2019.11.27-09.29.13:367][772]LogWorld: BeginTearingDown for /Game/UEDPIE_0_blecvh
[2019.11.27-09.29.13:368][772]LogWorld: UWorld::CleanupWorld for blecvh, bSessionEnded=true, bCleanupResources=true
[2019.11.27-09.29.13:384][772]LogPlayLevel: Display: Shutting down PIE online subsystems
[2019.11.27-09.29.13:384][772]LogBlueprintUserMessages: Late EndPlayMap Detection: Level '/Game/blecvh.blecvh:PersistentLevel' has LevelScriptBlueprint '/Game/blecvh.blecvh:PersistentLevel.blecvh' with GeneratedClass '/Game/blecvh.blecvh_C' with ClassGeneratedBy '/Game/blecvh.blecvh:PersistentLevel.blecvh'
[2019.11.27-09.29.13:444][772]LogSlate: Updating window title bar state: overlay mode, drag disabled, window buttons hidden, title bar hidden
[2019.11.27-09.29.13:449][772]LogUObjectHash: Compacting FUObjectHashTables data took   3.77ms
[2019.11.27-09.29.13:593][773]Cmd: QUIT_EDITOR
[2019.11.27-09.29.13:973][773]LogWindowsTextInputMethodSystem: Display: IME system now deactivated.
[2019.11.27-09.29.14:011][773]LogExit: Preparing to exit.
[2019.11.27-09.29.14:678][773]LogDemo: Cleaned up 0 splitscreen connections with owner deletion
[2019.11.27-09.29.14:750][773]LogWorld: UWorld::CleanupWorld for None, bSessionEnded=true, bCleanupResources=true
[2019.11.27-09.29.14:751][773]LogExit: Editor shut down
[2019.11.27-09.29.14:751][773]LogExit: Transaction tracking system shut down
[2019.11.27-09.29.15:484][773]LogExit: Object subsystem successfully closed.
[2019.11.27-09.29.15:509][773]LogShaderCompilers: Display: Shaders left to compile 0
[2019.11.27-09.29.15:576][773]LogModuleManager: Shutting down and abandoning module MovieSceneCapture (676)
[2019.11.27-09.29.15:576][773]LogModuleManager: Shutting down and abandoning module Voice (674)
[2019.11.27-09.29.15:583][773]LogModuleManager: Shutting down and abandoning module HierarchicalLODOutliner (672)
[2019.11.27-09.29.15:583][773]LogModuleManager: Shutting down and abandoning module SceneOutliner (670)
[2019.11.27-09.29.15:583][773]LogModuleManager: Shutting down and abandoning module AddContentDialog (668)
[2019.11.27-09.29.15:596][773]LogModuleManager: Shutting down and abandoning module WidgetCarousel (667)
[2019.11.27-09.29.15:597][773]LogModuleManager: Shutting down and abandoning module EditorWidgets (664)
[2019.11.27-09.29.15:597][773]LogModuleManager: Shutting down and abandoning module CollectionManager (662)
[2019.11.27-09.29.15:597][773]LogModuleManager: Shutting down and abandoning module HierarchicalLODUtilities (660)
[2019.11.27-09.29.15:597][773]LogModuleManager: Shutting down and abandoning module StatsViewer (658)
[2019.11.27-09.29.15:597][773]LogModuleManager: Shutting down and abandoning module VirtualTexturingEditor (656)
[2019.11.27-09.29.15:598][773]LogModuleManager: Shutting down and abandoning module FoliageEdit (654)
[2019.11.27-09.29.15:598][773]LogModuleManager: Shutting down and abandoning module LandscapeEditor (652)
[2019.11.27-09.29.15:598][773]LogModuleManager: Shutting down and abandoning module MeshPaintMode (650)
[2019.11.27-09.29.15:598][773]LogModuleManager: Shutting down and abandoning module SceneDepthPickerMode (648)
[2019.11.27-09.29.15:598][773]LogModuleManager: Shutting down and abandoning module ActorPickerMode (646)
[2019.11.27-09.29.15:598][773]LogModuleManager: Shutting down and abandoning module GeometryMode (644)
[2019.11.27-09.29.15:598][773]LogModuleManager: Shutting down and abandoning module TextureAlignMode (642)
[2019.11.27-09.29.15:598][773]LogModuleManager: Shutting down and abandoning module BspMode (640)
[2019.11.27-09.29.15:598][773]LogModuleManager: Shutting down and abandoning module PIEPreviewDeviceProfileSelector (638)
[2019.11.27-09.29.15:598][773]LogModuleManager: Shutting down and abandoning module SequenceRecorderSections (636)
[2019.11.27-09.29.15:598][773]LogModuleManager: Shutting down and abandoning module AutomationWorker (634)
[2019.11.27-09.29.15:598][773]LogModuleManager: Shutting down and abandoning module OculusMR (632)
[2019.11.27-09.29.15:598][773]LogModuleManager: Shutting down and abandoning module AudioCaptureEditor (630)
[2019.11.27-09.29.15:598][773]LogModuleManager: Shutting down and abandoning module MatineeToLevelSequence (628)
[2019.11.27-09.29.15:598][773]LogModuleManager: Shutting down and abandoning module LevelSequenceEditor (626)
[2019.11.27-09.29.15:598][773]LogModuleManager: Shutting down and abandoning module PlacementMode (625)
[2019.11.27-09.29.15:598][773]LogModuleManager: Shutting down and abandoning module MaterialEditor (624)
[2019.11.27-09.29.15:598][773]LogModuleManager: Shutting down and abandoning module ActorSequenceEditor (620)
[2019.11.27-09.29.15:598][773]LogModuleManager: Shutting down and abandoning module WmfMediaFactory (618)
[2019.11.27-09.29.15:599][773]LogModuleManager: Shutting down and abandoning module WmfMediaEditor (616)
[2019.11.27-09.29.15:599][773]LogModuleManager: Shutting down and abandoning module WebMMediaFactory (614)
[2019.11.27-09.29.15:599][773]LogModuleManager: Shutting down and abandoning module WebMMediaEditor (612)
[2019.11.27-09.29.15:599][773]LogModuleManager: Shutting down and abandoning module WebMMedia (610)
[2019.11.27-09.29.15:599][773]LogModuleManager: Shutting down and abandoning module MediaPlayerEditor (608)
[2019.11.27-09.29.15:599][773]LogModuleManager: Shutting down and abandoning module MediaCompositingEditor (606)
[2019.11.27-09.29.15:599][773]LogModuleManager: Shutting down and abandoning module SequenceRecorder (605)
[2019.11.27-09.29.15:599][773]LogModuleManager: Shutting down and abandoning module OpenExrWrapper (602)
[2019.11.27-09.29.15:599][773]LogModuleManager: Shutting down and abandoning module ImgMediaFactory (600)
[2019.11.27-09.29.15:599][773]LogModuleManager: Shutting down and abandoning module ImgMediaEditor (598)
[2019.11.27-09.29.15:599][773]LogModuleManager: Shutting down and abandoning module AvfMediaFactory (596)
[2019.11.27-09.29.15:599][773]LogModuleManager: Shutting down and abandoning module AvfMediaEditor (594)
[2019.11.27-09.29.15:599][773]LogModuleManager: Shutting down and abandoning module AndroidMediaFactory (592)
[2019.11.27-09.29.15:599][773]LogModuleManager: Shutting down and abandoning module AndroidMediaEditor (590)
[2019.11.27-09.29.15:599][773]LogModuleManager: Shutting down and abandoning module MagicLeapCameraPreviewFactory (588)
[2019.11.27-09.29.15:599][773]LogModuleManager: Shutting down and abandoning module MagicLeapMediaCodecFactory (586)
[2019.11.27-09.29.15:599][773]LogModuleManager: Shutting down and abandoning module MagicLeapMediaFactory (584)
[2019.11.27-09.29.15:599][773]LogModuleManager: Shutting down and abandoning module MagicLeapMediaEditor (582)
[2019.11.27-09.29.15:599][773]LogModuleManager: Shutting down and abandoning module CharacterAI (580)
[2019.11.27-09.29.15:599][773]LogModuleManager: Shutting down and abandoning module SmartSnapping (578)
[2019.11.27-09.29.15:599][773]LogModuleManager: Shutting down and abandoning module SessionServices (576)
[2019.11.27-09.29.15:599][773]LogModuleManager: Shutting down and abandoning module MeshPaint (574)
[2019.11.27-09.29.15:599][773]LogModuleManager: Shutting down and abandoning module ViewportSnapping (572)
[2019.11.27-09.29.15:599][773]LogModuleManager: Shutting down and abandoning module ViewportInteraction (570)
[2019.11.27-09.29.15:599][773]LogModuleManager: Shutting down and abandoning module ClothPainter (568)
[2019.11.27-09.29.15:599][773]LogModuleManager: Shutting down and abandoning module SkeletalMeshEditor (567)
[2019.11.27-09.29.15:600][773]LogModuleManager: Shutting down and abandoning module LogVisualizer (564)
[2019.11.27-09.29.15:600][773]LogModuleManager: Shutting down and abandoning module IntroTutorials (562)
[2019.11.27-09.29.15:600][773]LogModuleManager: Shutting down and abandoning module GameProjectGeneration (561)
[2019.11.27-09.29.15:600][773]LogModuleManager: Shutting down and abandoning module LuminPlatformEditor (558)
[2019.11.27-09.29.15:600][773]LogModuleManager: Shutting down and abandoning module IOSPlatformEditor (556)
[2019.11.27-09.29.15:600][773]LogModuleManager: Shutting down and abandoning module HTML5PlatformEditor (554)
[2019.11.27-09.29.15:600][773]LogModuleManager: Shutting down and abandoning module AndroidPlatformEditor (552)
[2019.11.27-09.29.15:600][773]LogModuleManager: Shutting down and abandoning module AndroidDeviceDetection (551)
[2019.11.27-09.29.15:872][773]LogModuleManager: Shutting down and abandoning module WindowsPlatformEditor (548)
[2019.11.27-09.29.15:872][773]LogModuleManager: Shutting down and abandoning module LuminRuntimeSettings (546)
[2019.11.27-09.29.15:872][773]LogModuleManager: Shutting down and abandoning module IOSRuntimeSettings (544)
[2019.11.27-09.29.15:872][773]LogModuleManager: Shutting down and abandoning module AndroidRuntimeSettings (542)
[2019.11.27-09.29.15:872][773]LogModuleManager: Shutting down and abandoning module TimeManagementEditor (540)
[2019.11.27-09.29.15:872][773]LogModuleManager: Shutting down and abandoning module InputBindingEditor (538)
[2019.11.27-09.29.15:872][773]LogModuleManager: Shutting down and abandoning module MergeActors (536)
[2019.11.27-09.29.15:872][773]LogModuleManager: Shutting down and abandoning module LocalizationDashboard (534)
[2019.11.27-09.29.15:872][773]LogModuleManager: Shutting down and abandoning module LocalizationService (533)
[2019.11.27-09.29.15:872][773]LogModuleManager: Shutting down and abandoning module HardwareTargeting (530)
[2019.11.27-09.29.15:872][773]LogModuleManager: Shutting down and abandoning module DeviceProfileEditor (528)
[2019.11.27-09.29.15:873][773]LogModuleManager: Shutting down and abandoning module UndoHistory (526)
[2019.11.27-09.29.15:873][773]LogModuleManager: Shutting down and abandoning module XmlParser (524)
[2019.11.27-09.29.15:873][773]LogModuleManager: Shutting down and abandoning module Blutility (522)
[2019.11.27-09.29.15:873][773]LogModuleManager: Shutting down and abandoning module ProjectSettingsViewer (520)
[2019.11.27-09.29.15:873][773]LogModuleManager: Shutting down and abandoning module ProjectTargetPlatformEditor (519)
[2019.11.27-09.29.15:873][773]LogModuleManager: Shutting down and abandoning module EditorSettingsViewer (516)
[2019.11.27-09.29.15:873][773]LogModuleManager: Shutting down and abandoning module SettingsEditor (514)
[2019.11.27-09.29.15:873][773]LogModuleManager: Shutting down and abandoning module ProjectLauncher (512)
[2019.11.27-09.29.15:873][773]LogModuleManager: Shutting down and abandoning module SessionFrontend (510)
[2019.11.27-09.29.15:873][773]LogModuleManager: Shutting down and abandoning module ProfilerClient (508)
[2019.11.27-09.29.15:873][773]LogModuleManager: Shutting down and abandoning module DeviceManager (506)
[2019.11.27-09.29.15:873][773]LogModuleManager: Shutting down and abandoning module TargetDeviceServices (505)
[2019.11.27-09.29.15:933][773]LogModuleManager: Shutting down and abandoning module AutomationController (502)
[2019.11.27-09.29.15:933][773]LogModuleManager: Shutting down and abandoning module AutomationWindow (500)
[2019.11.27-09.29.15:933][773]LogModuleManager: Shutting down and abandoning module Layers (498)
[2019.11.27-09.29.15:933][773]LogModuleManager: Shutting down and abandoning module ComponentVisualizers (496)
[2019.11.27-09.29.15:933][773]LogModuleManager: Shutting down and abandoning module DetailCustomizations (494)
[2019.11.27-09.29.15:933][773]LogModuleManager: Shutting down and abandoning module PackagesDialog (492)
[2019.11.27-09.29.15:933][773]LogModuleManager: Shutting down and abandoning module AnimationBlueprintEditor (490)
[2019.11.27-09.29.15:933][773]LogModuleManager: Shutting down and abandoning module Persona (488)
[2019.11.27-09.29.15:933][773]LogModuleManager: Shutting down and abandoning module AdvancedPreviewScene (487)
[2019.11.27-09.29.15:933][773]LogModuleManager: Shutting down and abandoning module AnimGraph (485)
[2019.11.27-09.29.15:933][773]LogModuleManager: Shutting down and abandoning module Kismet (482)
[2019.11.27-09.29.15:934][773]LogModuleManager: Shutting down and abandoning module KismetWidgets (481)
[2019.11.27-09.29.15:934][773]LogModuleManager: Shutting down and abandoning module GraphEditor (478)
[2019.11.27-09.29.15:934][773]LogModuleManager: Shutting down and abandoning module StructViewer (476)
[2019.11.27-09.29.15:934][773]LogModuleManager: Shutting down and abandoning module ClassViewer (474)
[2019.11.27-09.29.15:934][773]LogModuleManager: Shutting down and abandoning module Toolbox (472)
[2019.11.27-09.29.15:934][773]LogModuleManager: Shutting down and abandoning module DesktopPlatform (471)
[2019.11.27-09.29.15:934][773]LogModuleManager: Shutting down and abandoning module ModuleUI (468)
[2019.11.27-09.29.15:934][773]LogModuleManager: Shutting down and abandoning module MovieSceneTools (466)
[2019.11.27-09.29.15:934][773]LogModuleManager: Shutting down and abandoning module OutputLog (464)
[2019.11.27-09.29.15:934][773]LogModuleManager: Shutting down and abandoning module GammaUI (462)
[2019.11.27-09.29.15:934][773]LogModuleManager: Shutting down and abandoning module Documentation (460)
[2019.11.27-09.29.15:934][773]LogModuleManager: Shutting down and abandoning module LiveCoding (458)
[2019.11.27-09.29.15:935][773]LogModuleManager: Shutting down and abandoning module LevelSequence (456)
[2019.11.27-09.29.15:935][773]LogModuleManager: Shutting down and abandoning module MovieSceneTracks (454)
[2019.11.27-09.29.15:935][773]LogModuleManager: Shutting down and abandoning module MovieScene (452)
[2019.11.27-09.29.15:935][773]LogModuleManager: Shutting down and abandoning module StreamingPauseRendering (450)
[2019.11.27-09.29.15:935][773]LogModuleManager: Shutting down and abandoning module LauncherPlatform (448)
[2019.11.27-09.29.15:935][773]LogModuleManager: Shutting down and abandoning module AnalyticsET (446)
[2019.11.27-09.29.15:935][773]LogModuleManager: Shutting down and abandoning module PortalServices (444)
[2019.11.27-09.29.15:935][773]LogModuleManager: Shutting down and abandoning module PortalRpc (442)
[2019.11.27-09.29.15:935][773]LogModuleManager: Shutting down and abandoning module MessagingRpc (440)
[2019.11.27-09.29.15:935][773]LogModuleManager: Shutting down and abandoning module AIModule (438)
[2019.11.27-09.29.15:935][773]LogModuleManager: Shutting down and abandoning module GameplayDebugger (437)
[2019.11.27-09.29.15:935][773]LogModuleManager: Shutting down and abandoning module AITestSuite (435)
[2019.11.27-09.29.15:935][773]LogModuleManager: Shutting down and abandoning module NavigationSystem (433)
[2019.11.27-09.29.15:935][773]LogModuleManager: Shutting down and abandoning module ImageWriteQueue (430)
[2019.11.27-09.29.15:943][773]LogModuleManager: Shutting down and abandoning module ProfilerService (428)
[2019.11.27-09.29.16:102][773]LogModuleManager: Shutting down and abandoning module TaskGraph (426)
[2019.11.27-09.29.16:102][773]LogModuleManager: Shutting down and abandoning module ScreenshotTools (424)
[2019.11.27-09.29.16:102][773]LogModuleManager: Shutting down and abandoning module SteamVRController (422)
[2019.11.27-09.29.16:102][773]LogModuleManager: Shutting down and abandoning module ProceduralMeshComponentEditor (420)
[2019.11.27-09.29.16:102][773]LogModuleManager: Shutting down and abandoning module ProceduralMeshComponent (418)
[2019.11.27-09.29.16:102][773]LogModuleManager: Shutting down and abandoning module OculusEditor (416)
[2019.11.27-09.29.16:103][773]LogModuleManager: Shutting down and abandoning module OculusInput (414)
[2019.11.27-09.29.16:103][773]LogModuleManager: Shutting down and abandoning module MobilePatchingUtils (412)
[2019.11.27-09.29.16:103][773]LogModuleManager: Shutting down and abandoning module EditableMesh (410)
[2019.11.27-09.29.16:103][773]LogModuleManager: Shutting down and abandoning module CustomMeshComponent (408)
[2019.11.27-09.29.16:103][773]LogModuleManager: Shutting down and abandoning module CableComponent (406)
[2019.11.27-09.29.16:103][773]LogModuleManager: Shutting down and abandoning module AudioCapture (404)
[2019.11.27-09.29.16:103][773]LogModuleManager: Shutting down and abandoning module ArchVisCharacter (402)
[2019.11.27-09.29.16:103][773]LogModuleManager: Shutting down and abandoning module AppleImageUtilsBlueprintSupport (400)
[2019.11.27-09.29.16:103][773]LogModuleManager: Shutting down and abandoning module AppleImageUtils (398)
[2019.11.27-09.29.16:103][773]LogModuleManager: Shutting down and abandoning module AndroidPermission (396)
[2019.11.27-09.29.16:103][773]LogModuleManager: Shutting down and abandoning module NUTUnrealEngine4 (394)
[2019.11.27-09.29.16:103][773]LogModuleManager: Shutting down and abandoning module NetcodeUnitTest (392)
[2019.11.27-09.29.16:103][773]LogModuleManager: Shutting down and abandoning module MediaCompositing (390)
[2019.11.27-09.29.16:103][773]LogModuleManager: Shutting down and abandoning module ImgMedia (388)
[2019.11.27-09.29.16:103][773]LogModuleManager: Shutting down and abandoning module MagicLeapHelperVulkan (386)
[2019.11.27-09.29.16:103][773]LogModuleManager: Shutting down and abandoning module MagicLeapHelperOpenGL (384)
[2019.11.27-09.29.16:103][773]LogModuleManager: Shutting down and abandoning module MagicLeapAudio (382)
[2019.11.27-09.29.16:103][773]LogModuleManager: Shutting down and abandoning module HTML5Networking (380)
[2019.11.27-09.29.16:103][773]LogModuleManager: Shutting down and abandoning module GeometryCacheTracks (378)
[2019.11.27-09.29.16:103][773]LogModuleManager: Shutting down and abandoning module GeometryCacheSequencer (376)
[2019.11.27-09.29.16:103][773]LogModuleManager: Shutting down and abandoning module BackChannel (374)
[2019.11.27-09.29.16:103][773]LogModuleManager: Shutting down and abandoning module AutomationUtilsEditor (372)
[2019.11.27-09.29.16:103][773]LogModuleManager: Shutting down and abandoning module AutomationUtils (370)
[2019.11.27-09.29.16:103][773]LogModuleManager: Shutting down and abandoning module AlembicImporter (368)
[2019.11.27-09.29.16:103][773]LogModuleManager: Shutting down and abandoning module AlembicLibrary (367)
[2019.11.27-09.29.16:103][773]LogModuleManager: Shutting down and abandoning module GeometryCache (366)
[2019.11.27-09.29.16:103][773]LogModuleManager: Shutting down and abandoning module GeometryCacheEd (365)
[2019.11.27-09.29.16:103][773]LogModuleManager: Shutting down and abandoning module VariantManagerContent (360)
[2019.11.27-09.29.16:103][773]LogModuleManager: Shutting down and abandoning module DatasmithContentEditor (358)
[2019.11.27-09.29.16:103][773]LogModuleManager: Shutting down and abandoning module SpeedTreeImporter (356)
[2019.11.27-09.29.16:103][773]LogModuleManager: Shutting down and abandoning module PluginBrowser (354)
[2019.11.27-09.29.16:103][773]LogModuleManager: Shutting down and abandoning module MobileLauncherProfileWizard (352)
[2019.11.27-09.29.16:103][773]LogModuleManager: Shutting down and abandoning module MaterialAnalyzer (350)
[2019.11.27-09.29.16:103][773]LogModuleManager: Shutting down and abandoning module CurveEditorTools (348)
[2019.11.27-09.29.16:103][773]LogModuleManager: Shutting down and abandoning module CurveEditor (347)
[2019.11.27-09.29.16:104][773]LogModuleManager: Shutting down and abandoning module CryptoKeysOpenSSL (344)
[2019.11.27-09.29.16:104][773]LogModuleManager: Shutting down and abandoning module CryptoKeys (342)
[2019.11.27-09.29.16:104][773]LogModuleManager: Shutting down and abandoning module VisualStudioSourceCodeAccess (340)
[2019.11.27-09.29.16:104][773]LogModuleManager: Shutting down and abandoning module VisualStudioCodeSourceCodeAccess (338)
[2019.11.27-09.29.16:104][773]LogModuleManager: Shutting down and abandoning module UObjectPlugin (336)
[2019.11.27-09.29.16:104][773]LogModuleManager: Shutting down and abandoning module SubversionSourceControl (334)
[2019.11.27-09.29.16:104][773]LogModuleManager: Shutting down and abandoning module PerforceSourceControl (332)
[2019.11.27-09.29.16:104][773]LogModuleManager: Shutting down and abandoning module GitSourceControl (330)
[2019.11.27-09.29.16:104][773]LogModuleManager: Shutting down and abandoning module SourceControl (329)
[2019.11.27-09.29.16:104][773]LogModuleManager: Shutting down and abandoning module CLionSourceCodeAccess (326)
[2019.11.27-09.29.16:104][773]LogModuleManager: Shutting down and abandoning module AnimationSharingEd (324)
[2019.11.27-09.29.16:104][773]LogModuleManager: Shutting down and abandoning module ActorLayerUtilitiesEditor (322)
[2019.11.27-09.29.16:104][773]LogModuleManager: Shutting down and abandoning module ActorLayerUtilities (320)
[2019.11.27-09.29.16:104][773]LogModuleManager: Shutting down and abandoning module LightPropagationVolumeEditor (318)
[2019.11.27-09.29.16:104][773]LogModuleManager: Shutting down and abandoning module PaperTiledImporter (316)
[2019.11.27-09.29.16:104][773]LogModuleManager: Shutting down and abandoning module PaperSpriteSheetImporter (314)
[2019.11.27-09.29.16:104][773]LogModuleManager: Shutting down and abandoning module Paper2DEditor (312)
[2019.11.27-09.29.16:105][773]LogModuleManager: Shutting down and abandoning module Fireball (310)
[2019.11.27-09.29.16:107][773]LogModuleManager: Shutting down and abandoning module SignificanceManager (308)
[2019.11.27-09.29.16:107][773]LogModuleManager: Shutting down and abandoning module RuntimePhysXCooking (306)
[2019.11.27-09.29.16:108][773]LogModuleManager: Shutting down and abandoning module PhysXVehiclesEditor (304)
[2019.11.27-09.29.16:108][773]LogModuleManager: Shutting down and abandoning module LocationServicesBPLibrary (300)
[2019.11.27-09.29.16:108][773]LogModuleManager: Shutting down and abandoning module ActorSequence (298)
[2019.11.27-09.29.16:108][773]LogModuleManager: Shutting down and abandoning module UdpMessaging (296)
[2019.11.27-09.29.16:209][773]LogModuleManager: Shutting down and abandoning module TcpMessaging (294)
[2019.11.27-09.29.16:310][773]LogModuleManager: Shutting down and abandoning module MagicLeapIdentity (292)
[2019.11.27-09.29.16:310][773]LogModuleManager: Shutting down and abandoning module MagicLeapSecureStorage (290)
[2019.11.27-09.29.16:310][773]LogModuleManager: Shutting down and abandoning module MagicLeapHandTracking (288)
[2019.11.27-09.29.16:310][773]LogModuleManager: Shutting down and abandoning module MagicLeapEyeTracker (286)
[2019.11.27-09.29.16:310][773]LogModuleManager: Shutting down and abandoning module MagicLeapController (284)
[2019.11.27-09.29.16:310][773]LogSlate: Slate User Destroyed.  User Index 0, Is Virtual User: 0
[2019.11.27-09.29.16:310][773]LogModuleManager: Shutting down and abandoning module MagicLeapAR (282)
[2019.11.27-09.29.16:310][773]LogModuleManager: Shutting down and abandoning module AugmentedReality (281)
[2019.11.27-09.29.16:310][773]LogModuleManager: Shutting down and abandoning module GameplayTagsEditor (278)
[2019.11.27-09.29.16:310][773]LogModuleManager: Shutting down and abandoning module FacialAnimationEditor (276)
[2019.11.27-09.29.16:310][773]LogModuleManager: Shutting down and abandoning module FacialAnimation (274)
[2019.11.27-09.29.16:310][773]LogModuleManager: Shutting down and abandoning module DataValidation (272)
[2019.11.27-09.29.16:310][773]LogModuleManager: Shutting down and abandoning module AssetManagerEditor (270)
[2019.11.27-09.29.16:311][773]LogModuleManager: Shutting down and abandoning module LevelEditor (269)
[2019.11.27-09.29.16:311][773]LogModuleManager: Shutting down and abandoning module PixelInspectorModule (268)
[2019.11.27-09.29.16:312][773]LogModuleManager: Shutting down and abandoning module CommonMenuExtensions (266)
[2019.11.27-09.29.16:312][773]LogModuleManager: Shutting down and abandoning module MainFrame (264)
[2019.11.27-09.29.16:312][773]LogModuleManager: Shutting down and abandoning module HotReload (263)
[2019.11.27-09.29.16:315][773]LogModuleManager: Shutting down and abandoning module ContentBrowser (259)
[2019.11.27-09.29.16:317][773]LogModuleManager: Shutting down and abandoning module TreeMap (257)
[2019.11.27-09.29.16:318][773]LogModuleManager: Shutting down and abandoning module AnimationSharing (254)
[2019.11.27-09.29.16:318][773]LogModuleManager: Shutting down and abandoning module LightPropagationVolumeRuntime (252)
[2019.11.27-09.29.16:318][773]LogModuleManager: Shutting down and abandoning module Paper2D (250)
[2019.11.27-09.29.16:318][773]LogModuleManager: Shutting down and abandoning module WindowsMoviePlayer (248)
[2019.11.27-09.29.16:322][773]LogModuleManager: Shutting down and abandoning module WebMMoviePlayer (246)
[2019.11.27-09.29.16:323][773]LogModuleManager: Shutting down and abandoning module NetworkReplayStreaming (244)
[2019.11.27-09.29.16:323][773]LogModuleManager: Shutting down and abandoning module PacketHandler (242)
[2019.11.27-09.29.16:323][773]LogModuleManager: Shutting down and abandoning module ClothingSystemEditor (240)
[2019.11.27-09.29.16:323][773]LogModuleManager: Shutting down and abandoning module ClothingSystemRuntime (238)
[2019.11.27-09.29.16:323][773]LogModuleManager: Shutting down and abandoning module MediaAssets (236)
[2019.11.27-09.29.16:323][773]LogModuleManager: Shutting down and abandoning module Overlay (234)
[2019.11.27-09.29.16:323][773]LogModuleManager: Shutting down and abandoning module OverlayEditor (233)
[2019.11.27-09.29.16:323][773]LogModuleManager: Shutting down and abandoning module VREditor (230)
[2019.11.27-09.29.16:323][773]LogModuleManager: Shutting down and abandoning module StringTableEditor (228)
[2019.11.27-09.29.16:323][773]LogModuleManager: Shutting down and abandoning module GameplayTasksEditor (226)
[2019.11.27-09.29.16:323][773]LogModuleManager: Shutting down and abandoning module BehaviorTreeEditor (224)
[2019.11.27-09.29.16:323][773]LogModuleManager: Shutting down and abandoning module FunctionalTesting (222)
[2019.11.27-09.29.16:323][773]LogModuleManager: Shutting down and abandoning module CollisionAnalyzer (220)
[2019.11.27-09.29.16:323][773]LogModuleManager: Shutting down and abandoning module WorkspaceMenuStructure (219)
[2019.11.27-09.29.16:323][773]LogModuleManager: Shutting down and abandoning module UMG (216)
[2019.11.27-09.29.16:323][773]LogModuleManager: Shutting down and abandoning module UMGEditor (215)
[2019.11.27-09.29.16:323][773]LogModuleManager: Shutting down and abandoning module Sequencer (214)
[2019.11.27-09.29.16:323][773]LogModuleManager: Shutting down and abandoning module MessageLog (211)
[2019.11.27-09.29.16:323][773]LogModuleManager: Shutting down and abandoning module SlateReflector (206)
[2019.11.27-09.29.16:323][773]LogModuleManager: Shutting down and abandoning module Slate (204)
[2019.11.27-09.29.16:324][773]LogModuleManager: Shutting down and abandoning module LandscapeEditorUtilities (202)
[2019.11.27-09.29.16:324][773]LogModuleManager: Shutting down and abandoning module EditorStyle (200)
[2019.11.27-09.29.16:327][773]LogModuleManager: Shutting down and abandoning module UnrealEd (198)
[2019.11.27-09.29.16:327][773]LogModuleManager: Shutting down and abandoning module MRMesh (196)
[2019.11.27-09.29.16:327][773]LogModuleManager: Shutting down and abandoning module SourceCodeAccess (194)
[2019.11.27-09.29.16:328][773]LogModuleManager: Shutting down and abandoning module HeadMountedDisplay (192)
[2019.11.27-09.29.16:328][773]LogModuleManager: Shutting down and abandoning module XAudio2 (190)
[2019.11.27-09.29.16:328][773]LogModuleManager: Shutting down and abandoning module Networking (188)
[2019.11.27-09.29.16:328][773]LogModuleManager: Shutting down and abandoning module Core (186)
[2019.11.27-09.29.16:328][773]LogModuleManager: Shutting down and abandoning module KismetCompiler (184)
[2019.11.27-09.29.16:328][773]LogModuleManager: Shutting down and abandoning module MeshUtilities (182)
[2019.11.27-09.29.16:328][773]LogModuleManager: Shutting down and abandoning module MeshMergeUtilities (181)
[2019.11.27-09.29.16:328][773]LogModuleManager: Shutting down and abandoning module MeshReductionInterface (180)
[2019.11.27-09.29.16:328][773]LogModuleManager: Shutting down and abandoning module SkeletalMeshReduction (179)
[2019.11.27-09.29.16:328][773]LogModuleManager: Shutting down and abandoning module ProxyLODMeshReduction (177)
[2019.11.27-09.29.16:328][773]LogModuleManager: Shutting down and abandoning module QuadricMeshReduction (175)
[2019.11.27-09.29.16:328][773]LogModuleManager: Shutting down and abandoning module MaterialBaking (171)
[2019.11.27-09.29.16:328][773]LogModuleManager: Shutting down and abandoning module NullInstallBundleManager (166)
[2019.11.27-09.29.16:328][773]LogModuleManager: Shutting down and abandoning module DerivedDataCache (164)
[2019.11.27-09.29.16:370][773]LogDerivedDataCache: Shutdown
[2019.11.27-09.29.16:370][773]LogModuleManager: Shutting down and abandoning module XGEController (162)
[2019.11.27-09.29.16:370][773]LogModuleManager: Shutting down and abandoning module TargetPlatform (160)
[2019.11.27-09.29.16:370][773]LogModuleManager: Shutting down and abandoning module VulkanShaderFormat (159)
[2019.11.27-09.29.16:370][773]LogModuleManager: Shutting down and abandoning module ShaderFormatVectorVM (157)
[2019.11.27-09.29.16:370][773]LogModuleManager: Shutting down and abandoning module ShaderFormatOpenGL (155)
[2019.11.27-09.29.16:370][773]LogModuleManager: Shutting down and abandoning module ShaderFormatD3D (153)
[2019.11.27-09.29.16:370][773]LogModuleManager: Shutting down and abandoning module MetalShaderFormat (151)
[2019.11.27-09.29.16:370][773]LogModuleManager: Shutting down and abandoning module TextureFormatUncompressed (149)
[2019.11.27-09.29.16:370][773]LogModuleManager: Shutting down and abandoning module TextureFormatPVR (147)
[2019.11.27-09.29.16:370][773]LogModuleManager: Shutting down and abandoning module TextureFormatDXT (145)
[2019.11.27-09.29.16:371][773]LogModuleManager: Shutting down and abandoning module TextureFormatIntelISPCTexComp (143)
[2019.11.27-09.29.16:371][773]LogModuleManager: Shutting down and abandoning module TextureFormatASTC (141)
[2019.11.27-09.29.16:371][773]LogModuleManager: Shutting down and abandoning module ImageWrapper (140)
[2019.11.27-09.29.16:371][773]LogModuleManager: Shutting down and abandoning module TextureFormatAndroid (137)
[2019.11.27-09.29.16:371][773]LogModuleManager: Shutting down and abandoning module AudioFormatOpus (135)
[2019.11.27-09.29.16:371][773]LogModuleManager: Shutting down and abandoning module AudioFormatOgg (133)
[2019.11.27-09.29.16:371][773]LogModuleManager: Shutting down and abandoning module AudioFormatADPCM (131)
[2019.11.27-09.29.16:371][773]LogModuleManager: Shutting down and abandoning module LuminTargetPlatform (129)
[2019.11.27-09.29.16:372][773]LogModuleManager: Shutting down and abandoning module LinuxTargetPlatform (127)
[2019.11.27-09.29.16:372][773]LogModuleManager: Shutting down and abandoning module LinuxServerTargetPlatform (125)
[2019.11.27-09.29.16:372][773]LogModuleManager: Shutting down and abandoning module LinuxNoEditorTargetPlatform (123)
[2019.11.27-09.29.16:373][773]LogModuleManager: Shutting down and abandoning module LinuxClientTargetPlatform (121)
[2019.11.27-09.29.16:373][773]LogModuleManager: Shutting down and abandoning module TVOSTargetPlatform (119)
[2019.11.27-09.29.16:374][773]LogModuleManager: Shutting down and abandoning module Messaging (117)
[2019.11.27-09.29.16:374][773]LogModuleManager: Shutting down and abandoning module IOSTargetPlatform (115)
[2019.11.27-09.29.16:375][773]LogModuleManager: Shutting down and abandoning module HTML5TargetPlatform (113)
[2019.11.27-09.29.16:375][773]LogModuleManager: Shutting down and abandoning module AndroidTargetPlatform (111)
[2019.11.27-09.29.16:391][773]LogModuleManager: Shutting down and abandoning module WindowsTargetPlatform (109)
[2019.11.27-09.29.16:391][773]LogModuleManager: Shutting down and abandoning module WindowsServerTargetPlatform (107)
[2019.11.27-09.29.16:391][773]LogModuleManager: Shutting down and abandoning module WindowsNoEditorTargetPlatform (105)
[2019.11.27-09.29.16:391][773]LogModuleManager: Shutting down and abandoning module WindowsClientTargetPlatform (103)
[2019.11.27-09.29.16:391][773]LogModuleManager: Shutting down and abandoning module MacTargetPlatform (101)
[2019.11.27-09.29.16:391][773]LogModuleManager: Shutting down and abandoning module MacServerTargetPlatform (99)
[2019.11.27-09.29.16:391][773]LogModuleManager: Shutting down and abandoning module MacNoEditorTargetPlatform (97)
[2019.11.27-09.29.16:391][773]LogModuleManager: Shutting down and abandoning module MacClientTargetPlatform (95)
[2019.11.27-09.29.16:391][773]LogModuleManager: Shutting down and abandoning module AllDesktopTargetPlatform (93)
[2019.11.27-09.29.16:391][773]LogModuleManager: Shutting down and abandoning module InputCore (90)
[2019.11.27-09.29.16:391][773]LogModuleManager: Shutting down and abandoning module Settings (88)
[2019.11.27-09.29.16:391][773]LogModuleManager: Shutting down and abandoning module DirectoryWatcher (86)
[2019.11.27-09.29.16:391][773]LogModuleManager: Shutting down and abandoning module PhysXCooking (84)
[2019.11.27-09.29.16:391][773]LogModuleManager: Shutting down and abandoning module WindowsPlatformFeatures (82)
[2019.11.27-09.29.16:391][773]LogModuleManager: Shutting down and abandoning module GameplayMediaEncoder (81)
[2019.11.27-09.29.16:391][773]LogModuleManager: Shutting down and abandoning module SteamVR (78)
[2019.11.27-09.29.16:391][773]LogHMD: Freeing OpenVRDLLHandle.
[2019.11.27-09.29.16:391][773]LogModuleManager: Shutting down and abandoning module OculusHMD (76)
[2019.11.27-09.29.16:391][773]LogModuleManager: Shutting down and abandoning module ExampleDeviceProfileSelector (74)
[2019.11.27-09.29.16:391][773]LogModuleManager: Shutting down and abandoning module LauncherChunkInstaller (72)
[2019.11.27-09.29.16:391][773]LogModuleManager: Shutting down and abandoning module OnlineBlueprintSupport (70)
[2019.11.27-09.29.16:391][773]LogModuleManager: Shutting down and abandoning module OnlineSubsystem (66)
[2019.11.27-09.29.16:393][773]LogModuleManager: Shutting down and abandoning module XMPP (61)
[2019.11.27-09.29.16:393][773]LogModuleManager: Shutting down and abandoning module WebSockets (60)
[2019.11.27-09.29.16:409][773]LogModuleManager: Shutting down and abandoning module HTTP (57)
[2019.11.27-09.29.16:409][773]LogHttp: Display: Http module shutting down, but needs to wait on 1 outstanding Http requests:
[2019.11.27-09.29.16:409][773]LogHttp: Display: 	verb=[POST] url=[https://datarouter.ol.epicgames.com/datarouter/api/v1/public/data?SessionID=%7BE3123474-4A0E-AA44-607B-C8B1632C11A5%7D&AppID=UEEditor.Rocket.Release&AppVersion=4.23.0-8386587%2B%2B%2BUE4%2BRelease-4.23&UserID=7b1df7b24925b54f8db462abc8476d1a%7C90d4b96fb5344c1dbb929e0726f5b393%7C2be021ec-6249-4017-bb88-c25339745d87&AppEnvironment=datacollector-binary&UploadType=eteventstream] status=Processing
[2019.11.27-09.29.16:434][773]LogModuleManager: Shutting down and abandoning module SSL (56)
[2019.11.27-09.29.16:436][773]LogModuleManager: Shutting down and abandoning module WmfMedia (52)
[2019.11.27-09.29.16:449][773]LogModuleManager: Shutting down and abandoning module Media (51)
[2019.11.27-09.29.16:451][773]LogModuleManager: Shutting down and abandoning module MagicLeap (48)
[2019.11.27-09.29.16:451][773]LogModuleManager: Shutting down and abandoning module DatasmithContent (46)
[2019.11.27-09.29.16:454][773]LogModuleManager: Shutting down and abandoning module AISupportModule (44)
[2019.11.27-09.29.16:454][773]LogModuleManager: Shutting down and abandoning module PlatformCryptoOpenSSL (42)
[2019.11.27-09.29.16:454][773]LogModuleManager: Shutting down and abandoning module PlatformCrypto (40)
[2019.11.27-09.29.16:454][773]LogModuleManager: Shutting down and abandoning module AnimationModifiers (38)
[2019.11.27-09.29.16:454][773]LogModuleManager: Shutting down and abandoning module PropertyEditor (37)
[2019.11.27-09.29.16:454][773]LogModuleManager: Shutting down and abandoning module AudioEditor (34)
[2019.11.27-09.29.16:454][773]LogModuleManager: Shutting down and abandoning module TextureCompressor (32)
[2019.11.27-09.29.16:454][773]LogModuleManager: Shutting down and abandoning module RenderCore (30)
[2019.11.27-09.29.16:454][773]LogModuleManager: Shutting down and abandoning module Landscape (28)
[2019.11.27-09.29.16:454][773]LogModuleManager: Shutting down and abandoning module SlateRHIRenderer (26)
[2019.11.27-09.29.16:457][773]LogModuleManager: Shutting down and abandoning module OpenGLDrv (24)
[2019.11.27-09.29.16:457][773]LogModuleManager: Shutting down and abandoning module D3D11RHI (22)
[2019.11.27-09.29.16:457][773]LogModuleManager: Shutting down and abandoning module AnimGraphRuntime (20)
[2019.11.27-09.29.16:457][773]LogModuleManager: Shutting down and abandoning module Renderer (18)
[2019.11.27-09.29.16:457][773]LogModuleManager: Shutting down and abandoning module Engine (16)
[2019.11.27-09.29.16:457][773]LogModuleManager: Shutting down and abandoning module CoreUObject (14)
[2019.11.27-09.29.16:457][773]LogModuleManager: Shutting down and abandoning module NetworkFile (12)
[2019.11.27-09.29.16:457][773]LogModuleManager: Shutting down and abandoning module CookedIterativeFile (10)
[2019.11.27-09.29.16:457][773]LogModuleManager: Shutting down and abandoning module StreamingFile (8)
[2019.11.27-09.29.16:457][773]LogModuleManager: Shutting down and abandoning module SandboxFile (6)
[2019.11.27-09.29.16:457][773]LogModuleManager: Shutting down and abandoning module PakFile (4)
[2019.11.27-09.29.16:457][773]LogModuleManager: Shutting down and abandoning module RSA (3)
[2019.11.27-09.29.16:459][773]LogD3D11RHI: Shutdown
[2019.11.27-09.29.16:459][773]LogD3D11RHI: CleanupD3DDevice
[2019.11.27-09.29.16:460][773]LogRendererCore: FGlobalDynamicReadBuffer::Cleanup()
[2019.11.27-09.29.16:460][773]LogRendererCore: FGlobalDynamicReadBuffer::Cleanup()
[2019.11.27-09.29.16:460][773]LogRendererCore: FGlobalDynamicReadBuffer::Cleanup()
[2019.11.27-09.29.16:598][773]LogD3D11RHI: ~FD3D11DynamicRHI
[2019.11.27-09.29.16:608][773]LogExit: Exiting.
[2019.11.27-09.29.16:653][773]Log file closed, 11/27/19 09:29:16
