Log file open, 11/21/19 18:17:50
LogWindows: Failed to load 'aqProf.dll' (GetLastError=126)
LogWindows: File 'aqProf.dll' does not exist
LogWindows: Failed to load 'VtuneApi.dll' (GetLastError=126)
LogWindows: File 'VtuneApi.dll' does not exist
LogWindows: Failed to load 'VtuneApi32e.dll' (GetLastError=126)
LogWindows: File 'VtuneApi32e.dll' does not exist
LogConsoleResponse: Display: Failed to find resolution value strings in scalability ini. Falling back to default.
LogInit: Display: Running engine for game: FPSProject
LogPlatformFile: Not using cached read wrapper
LogTaskGraph: Started task graph with 5 named threads and 11 total threads with 3 sets of task threads.
LogStats: Stats thread started at 0.544500
LogD3D11RHI: Loaded GFSDK_Aftermath_Lib.x64.dll
LogICUInternationalization: ICU TimeZone Detection - Raw Offset: +0:00, Platform Override: ''
LogPluginManager: Mounting plugin Paper2D
LogPluginManager: Mounting plugin AISupport
LogPluginManager: Mounting plugin LightPropagationVolume
LogPluginManager: Mounting plugin ActorLayerUtilities
LogPluginManager: Mounting plugin AnimationSharing
LogPluginManager: Mounting plugin CLionSourceCodeAccess
LogPluginManager: Mounting plugin CodeLiteSourceCodeAccess
LogPluginManager: Mounting plugin GitSourceControl
LogPluginManager: Mounting plugin KDevelopSourceCodeAccess
LogPluginManager: Mounting plugin NullSourceCodeAccess
LogPluginManager: Mounting plugin PerforceSourceControl
LogPluginManager: Mounting plugin SubversionSourceControl
LogPluginManager: Mounting plugin UObjectPlugin
LogPluginManager: Mounting plugin VisualStudioCodeSourceCodeAccess
LogPluginManager: Mounting plugin VisualStudioSourceCodeAccess
LogPluginManager: Mounting plugin XCodeSourceCodeAccess
LogPluginManager: Mounting plugin AssetManagerEditor
LogPluginManager: Mounting plugin CryptoKeys
LogPluginManager: Mounting plugin CurveEditorTools
LogPluginManager: Mounting plugin DataValidation
LogPluginManager: Mounting plugin FacialAnimation
LogPluginManager: Mounting plugin GameplayTagsEditor
LogPluginManager: Mounting plugin MacGraphicsSwitching
LogPluginManager: Mounting plugin MaterialAnalyzer
LogPluginManager: Mounting plugin MobileLauncherProfileWizard
LogPluginManager: Mounting plugin PluginBrowser
LogPluginManager: Mounting plugin SpeedTreeImporter
LogPluginManager: Mounting plugin DatasmithContent
LogPluginManager: Mounting plugin VariantManagerContent
LogPluginManager: Mounting plugin AlembicImporter
LogPluginManager: Mounting plugin AutomationUtils
LogPluginManager: Mounting plugin BackChannel
LogPluginManager: Mounting plugin CharacterAI
LogPluginManager: Mounting plugin GeometryCache
LogPluginManager: Mounting plugin HTML5Networking
LogPluginManager: Mounting plugin PlatformCrypto
LogPluginManager: Mounting plugin ProxyLODPlugin
LogPluginManager: Mounting plugin SkeletalReduction
LogPluginManager: Mounting plugin MagicLeap
LogPluginManager: Mounting plugin MagicLeapMedia
LogPluginManager: Mounting plugin AndroidMedia
LogPluginManager: Mounting plugin AvfMedia
LogPluginManager: Mounting plugin ImgMedia
LogPluginManager: Mounting plugin MediaCompositing
LogPluginManager: Mounting plugin MediaPlayerEditor
LogPluginManager: Mounting plugin WebMMedia
LogPluginManager: Mounting plugin WmfMedia
LogPluginManager: Mounting plugin TcpMessaging
LogPluginManager: Mounting plugin UdpMessaging
LogPluginManager: Mounting plugin ActorSequence
LogPluginManager: Mounting plugin LevelSequenceEditor
LogPluginManager: Mounting plugin MatineeToLevelSequence
LogPluginManager: Mounting plugin NetcodeUnitTest
LogPluginManager: Mounting plugin NUTUnrealEngine4
LogPluginManager: Mounting plugin OnlineSubsystemGooglePlay
LogPluginManager: Mounting plugin OnlineSubsystemIOS
LogPluginManager: Mounting plugin OnlineSubsystem
LogPluginManager: Mounting plugin OnlineSubsystemNull
LogPluginManager: Mounting plugin OnlineSubsystemUtils
LogPluginManager: Mounting plugin LauncherChunkInstaller
LogPluginManager: Mounting plugin AndroidDeviceProfileSelector
LogPluginManager: Mounting plugin AndroidMoviePlayer
LogPluginManager: Mounting plugin AndroidPermission
LogPluginManager: Mounting plugin AppleImageUtils
LogPluginManager: Mounting plugin AppleMoviePlayer
LogPluginManager: Mounting plugin ArchVisCharacter
LogPluginManager: Mounting plugin AudioCapture
LogPluginManager: Mounting plugin CableComponent
LogPluginManager: Mounting plugin CustomMeshComponent
LogPluginManager: Mounting plugin EditableMesh
LogPluginManager: Mounting plugin ExampleDeviceProfileSelector
LogPluginManager: Mounting plugin GoogleCloudMessaging
LogPluginManager: Mounting plugin IOSDeviceProfileSelector
LogPluginManager: Mounting plugin LinuxDeviceProfileSelector
LogPluginManager: Mounting plugin LocationServicesBPLibrary
LogPluginManager: Mounting plugin MobilePatchingUtils
LogPluginManager: Mounting plugin OculusVR
LogPluginManager: Mounting plugin PhysXVehicles
LogPluginManager: Mounting plugin ProceduralMeshComponent
LogPluginManager: Mounting plugin RuntimePhysXCooking
LogPluginManager: Mounting plugin SignificanceManager
LogPluginManager: Mounting plugin SteamVR
LogPluginManager: Mounting plugin WebMMoviePlayer
LogPluginManager: Mounting plugin WindowsMoviePlayer
LogPluginManager: Mounting plugin ScreenshotTools
LogInit: Using libcurl 7.55.1-DEV
LogInit:  - built for x86_64-pc-win32
LogInit:  - supports SSL with OpenSSL/1.1.1
LogInit:  - supports HTTP deflate (compression) using libz 1.2.8
LogInit:  - other features:
LogInit:      CURL_VERSION_SSL
LogInit:      CURL_VERSION_LIBZ
LogInit:      CURL_VERSION_IPV6
LogInit:      CURL_VERSION_ASYNCHDNS
LogInit:      CURL_VERSION_LARGEFILE
LogInit:      CURL_VERSION_IDN
LogInit:  CurlRequestOptions (configurable via config and command line):
LogInit:  - bVerifyPeer = true  - Libcurl will verify peer certificate
LogInit:  - bUseHttpProxy = false  - Libcurl will NOT use HTTP proxy
LogInit:  - bDontReuseConnections = false  - Libcurl will reuse connections
LogInit:  - MaxHostConnections = 16  - Libcurl will limit the number of connections to a host
LogInit:  - LocalHostAddr = Default
LogInit:  - BufferSize = 65536
LogOnline: OSS: Creating online subsystem instance for: NULL
LogInit: WinSock: version 1.1 (2.2), MaxSocks=32767, MaxUdp=65467
LogInit: Build: ++UE4+Release-4.23-CL-8386587
LogInit: Engine Version: 4.23.0-8386587+++UE4+Release-4.23
LogInit: Compatible Engine Version: 4.23.0-8386587+++UE4+Release-4.23
LogInit: Net CL: 8386587
LogInit: OS: Windows 10 (Release 1903) (), CPU: AMD A6-6400K APU with Radeon(tm) HD Graphics   , GPU: NVIDIA GeForce GT 710
LogInit: Compiled (64-bit): Aug 31 2019 02:04:44
LogInit: Compiled with Visual C++: 19.16.27030.01
LogInit: Build Configuration: Development
LogInit: Branch Name: ++UE4+Release-4.23
LogInit: Command Line: 
LogInit: Base Directory: C:/Program Files/Epic Games/UE_4.23/Engine/Binaries/Win64/
LogInit: Installed Engine Build: 1
LogDevObjectVersion: Number of dev versions registered: 23
LogDevObjectVersion:   Dev-Blueprints (B0D832E4-1F89-4F0D-ACCF-7EB736FD4AA2): 10
LogDevObjectVersion:   Dev-Build (E1C64328-A22C-4D53-A36C-8E866417BD8C): 0
LogDevObjectVersion:   Dev-Core (375EC13C-06E4-48FB-B500-84F0262A717E): 3
LogDevObjectVersion:   Dev-Editor (E4B068ED-F494-42E9-A231-DA0B2E46BB41): 34
LogDevObjectVersion:   Dev-Framework (CFFC743F-43B0-4480-9391-14DF171D2073): 35
LogDevObjectVersion:   Dev-Mobile (B02B49B5-BB20-44E9-A304-32B752E40360): 2
LogDevObjectVersion:   Dev-Networking (A4E4105C-59A1-49B5-A7C5-40C4547EDFEE): 0
LogDevObjectVersion:   Dev-Online (39C831C9-5AE6-47DC-9A44-9C173E1C8E7C): 0
LogDevObjectVersion:   Dev-Physics (78F01B33-EBEA-4F98-B9B4-84EACCB95AA2): 0
LogDevObjectVersion:   Dev-Platform (6631380F-2D4D-43E0-8009-CF276956A95A): 0
LogDevObjectVersion:   Dev-Rendering (12F88B9F-8875-4AFC-A67C-D90C383ABD29): 31
LogDevObjectVersion:   Dev-Sequencer (7B5AE74C-D270-4C10-A958-57980B212A5A): 11
LogDevObjectVersion:   Dev-VR (D7296918-1DD6-4BDD-9DE2-64A83CC13884): 2
LogDevObjectVersion:   Dev-LoadTimes (C2A15278-BFE7-4AFE-6C17-90FF531DF755): 1
LogDevObjectVersion:   Private-Geometry (6EACA3D4-40EC-4CC1-B786-8BED09428FC5): 3
LogDevObjectVersion:   Dev-AnimPhys (29E575DD-E0A3-4627-9D10-D276232CDCEA): 17
LogDevObjectVersion:   Dev-Anim (AF43A65D-7FD3-4947-9873-3E8ED9C1BB05): 2
LogDevObjectVersion:   Dev-ReflectionCapture (6B266CEC-1EC7-4B8F-A30B-E4D90942FC07): 1
LogDevObjectVersion:   Dev-Automation (0DF73D61-A23F-47EA-B727-89E90C41499A): 1
LogDevObjectVersion:   FortniteMain (601D1886-AC64-4F84-AA16-D3DE0DEAC7D6): 27
LogDevObjectVersion:   Dev-Enterprise (9DFFBCD6-494F-0158-E221-12823C92A888): 6
LogDevObjectVersion:   Dev-Niagara (F2AED0AC-9AFE-416F-8664-AA7FFA26D6FC): 1
LogDevObjectVersion:   Dev-Destruction (174F1F0B-B4C6-45A5-B13F-2EE8D0FB917D): 9
LogInit: Presizing for max 16777216 objects, including 0 objects not considered by GC, pre-allocating 0 bytes for permanent pool.
LogInit: Object subsystem initialized
LogConfig: Setting CVar [[con.DebugEarlyDefault:1]]
LogConfig: Setting CVar [[r.setres:1280x720]]
[2019.11.21-18.17.51:656][  0]LogConfig: Setting CVar [[r.VSync:0]]
[2019.11.21-18.17.51:656][  0]LogConfig: Setting CVar [[r.RHICmdBypass:0]]
[2019.11.21-18.17.51:656][  0]LogConfig: Applying CVar settings from Section [/Script/Engine.RendererSettings] File [D:/Unreal/FPSProject 4.23/Saved/Config/Windows/Engine.ini]
[2019.11.21-18.17.51:656][  0]LogConfig: Setting CVar [[r.GPUCrashDebugging:0]]
[2019.11.21-18.17.51:656][  0]LogConfig: Applying CVar settings from Section [/Script/Engine.RendererOverrideSettings] File [D:/Unreal/FPSProject 4.23/Saved/Config/Windows/Engine.ini]
[2019.11.21-18.17.51:656][  0]LogConfig: Applying CVar settings from Section [/Script/Engine.StreamingSettings] File [D:/Unreal/FPSProject 4.23/Saved/Config/Windows/Engine.ini]
[2019.11.21-18.17.51:657][  0]LogConfig: Setting CVar [[s.MinBulkDataSizeForAsyncLoading:131072]]
[2019.11.21-18.17.51:657][  0]LogConfig: Setting CVar [[s.AsyncLoadingThreadEnabled:0]]
[2019.11.21-18.17.51:657][  0]LogConfig: Setting CVar [[s.EventDrivenLoaderEnabled:1]]
[2019.11.21-18.17.51:657][  0]LogConfig: Setting CVar [[s.WarnIfTimeLimitExceeded:0]]
[2019.11.21-18.17.51:657][  0]LogConfig: Setting CVar [[s.TimeLimitExceededMultiplier:1.5]]
[2019.11.21-18.17.51:657][  0]LogConfig: Setting CVar [[s.TimeLimitExceededMinTime:0.005]]
[2019.11.21-18.17.51:657][  0]LogConfig: Setting CVar [[s.UseBackgroundLevelStreaming:1]]
[2019.11.21-18.17.51:657][  0]LogConfig: Setting CVar [[s.PriorityAsyncLoadingExtraTime:15.0]]
[2019.11.21-18.17.51:657][  0]LogConfig: Setting CVar [[s.LevelStreamingActorsUpdateTimeLimit:5.0]]
[2019.11.21-18.17.51:657][  0]LogConfig: Setting CVar [[s.PriorityLevelStreamingActorsUpdateExtraTime:5.0]]
[2019.11.21-18.17.51:657][  0]LogConfig: Setting CVar [[s.LevelStreamingComponentsRegistrationGranularity:10]]
[2019.11.21-18.17.51:657][  0]LogConfig: Setting CVar [[s.UnregisterComponentsTimeLimit:1.0]]
[2019.11.21-18.17.51:657][  0]LogConfig: Setting CVar [[s.LevelStreamingComponentsUnregistrationGranularity:5]]
[2019.11.21-18.17.51:657][  0]LogConfig: Applying CVar settings from Section [/Script/Engine.GarbageCollectionSettings] File [D:/Unreal/FPSProject 4.23/Saved/Config/Windows/Engine.ini]
[2019.11.21-18.17.51:657][  0]LogConfig: Setting CVar [[gc.MaxObjectsNotConsideredByGC:1]]
[2019.11.21-18.17.51:657][  0]LogConfig: Setting CVar [[gc.SizeOfPermanentObjectPool:0]]
[2019.11.21-18.17.51:657][  0]LogConfig: Setting CVar [[gc.FlushStreamingOnGC:0]]
[2019.11.21-18.17.51:657][  0]LogConfig: Setting CVar [[gc.NumRetriesBeforeForcingGC:10]]
[2019.11.21-18.17.51:657][  0]LogConfig: Setting CVar [[gc.AllowParallelGC:1]]
[2019.11.21-18.17.51:657][  0]LogConfig: Setting CVar [[gc.TimeBetweenPurgingPendingKillObjects:61.1]]
[2019.11.21-18.17.51:657][  0]LogConfig: Setting CVar [[gc.MaxObjectsInEditor:16777216]]
[2019.11.21-18.17.51:657][  0]LogConfig: Setting CVar [[gc.IncrementalBeginDestroyEnabled:1]]
[2019.11.21-18.17.51:657][  0]LogConfig: Setting CVar [[gc.CreateGCClusters:1]]
[2019.11.21-18.17.51:657][  0]LogConfig: Setting CVar [[gc.MinGCClusterSize:5]]
[2019.11.21-18.17.51:657][  0]LogConfig: Setting CVar [[gc.ActorClusteringEnabled:0]]
[2019.11.21-18.17.51:657][  0]LogConfig: Setting CVar [[gc.BlueprintClusteringEnabled:0]]
[2019.11.21-18.17.51:657][  0]LogConfig: Setting CVar [[gc.UseDisregardForGCOnDedicatedServers:0]]
[2019.11.21-18.17.51:657][  0]LogConfig: Applying CVar settings from Section [/Script/Engine.NetworkSettings] File [D:/Unreal/FPSProject 4.23/Saved/Config/Windows/Engine.ini]
[2019.11.21-18.17.51:657][  0]LogConfig: Applying CVar settings from Section [/Script/UnrealEd.CookerSettings] File [D:/Unreal/FPSProject 4.23/Saved/Config/Windows/Engine.ini]
[2019.11.21-18.17.51:667][  0]LogConfig: Applying CVar settings from Section [ViewDistanceQuality@3] File [D:/Unreal/FPSProject 4.23/Saved/Config/Windows/Scalability.ini]
[2019.11.21-18.17.51:667][  0]LogConfig: Setting CVar [[r.SkeletalMeshLODBias:0]]
[2019.11.21-18.17.51:667][  0]LogConfig: Setting CVar [[r.ViewDistanceScale:1.0]]
[2019.11.21-18.17.51:667][  0]LogConfig: Applying CVar settings from Section [AntiAliasingQuality@3] File [D:/Unreal/FPSProject 4.23/Saved/Config/Windows/Scalability.ini]
[2019.11.21-18.17.51:667][  0]LogConfig: Setting CVar [[r.PostProcessAAQuality:4]]
[2019.11.21-18.17.51:667][  0]LogConfig: Applying CVar settings from Section [ShadowQuality@3] File [D:/Unreal/FPSProject 4.23/Saved/Config/Windows/Scalability.ini]
[2019.11.21-18.17.51:667][  0]LogConfig: Setting CVar [[r.LightFunctionQuality:1]]
[2019.11.21-18.17.51:667][  0]LogConfig: Setting CVar [[r.ShadowQuality:5]]
[2019.11.21-18.17.51:667][  0]LogConfig: Setting CVar [[r.Shadow.CSM.MaxCascades:10]]
[2019.11.21-18.17.51:667][  0]LogConfig: Setting CVar [[r.Shadow.MaxResolution:2048]]
[2019.11.21-18.17.51:667][  0]LogConfig: Setting CVar [[r.Shadow.MaxCSMResolution:2048]]
[2019.11.21-18.17.51:667][  0]LogConfig: Setting CVar [[r.Shadow.RadiusThreshold:0.01]]
[2019.11.21-18.17.51:667][  0]LogConfig: Setting CVar [[r.Shadow.DistanceScale:1.0]]
[2019.11.21-18.17.51:667][  0]LogConfig: Setting CVar [[r.Shadow.CSM.TransitionScale:1.0]]
[2019.11.21-18.17.51:667][  0]LogConfig: Setting CVar [[r.Shadow.PreShadowResolutionFactor:1.0]]
[2019.11.21-18.17.51:667][  0]LogConfig: Setting CVar [[r.DistanceFieldShadowing:1]]
[2019.11.21-18.17.51:667][  0]LogConfig: Setting CVar [[r.DistanceFieldAO:1]]
[2019.11.21-18.17.51:667][  0]LogConfig: Setting CVar [[r.AOQuality:2]]
[2019.11.21-18.17.51:667][  0]LogConfig: Setting CVar [[r.VolumetricFog:1]]
[2019.11.21-18.17.51:667][  0]LogConfig: Setting CVar [[r.VolumetricFog.GridPixelSize:8]]
[2019.11.21-18.17.51:667][  0]LogConfig: Setting CVar [[r.VolumetricFog.GridSizeZ:128]]
[2019.11.21-18.17.51:668][  0]LogConfig: Setting CVar [[r.VolumetricFog.HistoryMissSupersampleCount:4]]
[2019.11.21-18.17.51:668][  0]LogConfig: Setting CVar [[r.LightMaxDrawDistanceScale:1]]
[2019.11.21-18.17.51:668][  0]LogConfig: Setting CVar [[r.CapsuleShadows:1]]
[2019.11.21-18.17.51:668][  0]LogConfig: Applying CVar settings from Section [PostProcessQuality@3] File [D:/Unreal/FPSProject 4.23/Saved/Config/Windows/Scalability.ini]
[2019.11.21-18.17.51:668][  0]LogConfig: Setting CVar [[r.MotionBlurQuality:4]]
[2019.11.21-18.17.51:668][  0]LogConfig: Setting CVar [[r.AmbientOcclusionMipLevelFactor:0.4]]
[2019.11.21-18.17.51:668][  0]LogConfig: Setting CVar [[r.AmbientOcclusionMaxQuality:100]]
[2019.11.21-18.17.51:668][  0]LogConfig: Setting CVar [[r.AmbientOcclusionLevels:-1]]
[2019.11.21-18.17.51:668][  0]LogConfig: Setting CVar [[r.AmbientOcclusionRadiusScale:1.0]]
[2019.11.21-18.17.51:668][  0]LogConfig: Setting CVar [[r.DepthOfFieldQuality:2]]
[2019.11.21-18.17.51:668][  0]LogConfig: Setting CVar [[r.RenderTargetPoolMin:400]]
[2019.11.21-18.17.51:668][  0]LogConfig: Setting CVar [[r.LensFlareQuality:2]]
[2019.11.21-18.17.51:668][  0]LogConfig: Setting CVar [[r.SceneColorFringeQuality:1]]
[2019.11.21-18.17.51:668][  0]LogConfig: Setting CVar [[r.EyeAdaptationQuality:2]]
[2019.11.21-18.17.51:668][  0]LogConfig: Setting CVar [[r.BloomQuality:5]]
[2019.11.21-18.17.51:668][  0]LogConfig: Setting CVar [[r.FastBlurThreshold:100]]
[2019.11.21-18.17.51:668][  0]LogConfig: Setting CVar [[r.Upscale.Quality:3]]
[2019.11.21-18.17.51:668][  0]LogConfig: Setting CVar [[r.Tonemapper.GrainQuantization:1]]
[2019.11.21-18.17.51:668][  0]LogConfig: Setting CVar [[r.LightShaftQuality:1]]
[2019.11.21-18.17.51:668][  0]LogConfig: Setting CVar [[r.Filter.SizeScale:1]]
[2019.11.21-18.17.51:668][  0]LogConfig: Setting CVar [[r.Tonemapper.Quality:5]]
[2019.11.21-18.17.51:668][  0]LogConfig: Setting CVar [[r.DOF.Gather.AccumulatorQuality:1        ; higher gathering accumulator quality]]
[2019.11.21-18.17.51:668][  0]LogConfig: Setting CVar [[r.DOF.Gather.PostfilterMethod:1          ; Median3x3 postfilering method]]
[2019.11.21-18.17.51:668][  0]LogConfig: Setting CVar [[r.DOF.Gather.EnableBokehSettings:0       ; no bokeh simulation when gathering]]
[2019.11.21-18.17.51:668][  0]LogConfig: Setting CVar [[r.DOF.Gather.RingCount:4                 ; medium number of samples when gathering]]
[2019.11.21-18.17.51:668][  0]LogConfig: Setting CVar [[r.DOF.Scatter.ForegroundCompositing:1    ; additive foreground scattering]]
[2019.11.21-18.17.51:668][  0]LogConfig: Setting CVar [[r.DOF.Scatter.BackgroundCompositing:2    ; additive background scattering]]
[2019.11.21-18.17.51:668][  0]LogConfig: Setting CVar [[r.DOF.Scatter.EnableBokehSettings:1      ; bokeh simulation when scattering]]
[2019.11.21-18.17.51:668][  0]LogConfig: Setting CVar [[r.DOF.Scatter.MaxSpriteRatio:0.1         ; only a maximum of 10% of scattered bokeh]]
[2019.11.21-18.17.51:668][  0]LogConfig: Setting CVar [[r.DOF.Recombine.Quality:1                ; cheap slight out of focus]]
[2019.11.21-18.17.51:668][  0]LogConfig: Setting CVar [[r.DOF.Recombine.EnableBokehSettings:0    ; no bokeh simulation on slight out of focus]]
[2019.11.21-18.17.51:668][  0]LogConfig: Setting CVar [[r.DOF.TemporalAAQuality:1                ; more stable temporal accumulation]]
[2019.11.21-18.17.51:668][  0]LogConfig: Setting CVar [[r.DOF.Kernel.MaxForegroundRadius:0.025]]
[2019.11.21-18.17.51:668][  0]LogConfig: Setting CVar [[r.DOF.Kernel.MaxBackgroundRadius:0.025]]
[2019.11.21-18.17.51:668][  0]LogConfig: Applying CVar settings from Section [TextureQuality@3] File [D:/Unreal/FPSProject 4.23/Saved/Config/Windows/Scalability.ini]
[2019.11.21-18.17.51:668][  0]LogConfig: Setting CVar [[r.Streaming.MipBias:0]]
[2019.11.21-18.17.51:669][  0]LogConfig: Setting CVar [[r.Streaming.AmortizeCPUToGPUCopy:0]]
[2019.11.21-18.17.51:669][  0]LogConfig: Setting CVar [[r.Streaming.MaxNumTexturesToStreamPerFrame:0]]
[2019.11.21-18.17.51:669][  0]LogConfig: Setting CVar [[r.Streaming.Boost:1]]
[2019.11.21-18.17.51:669][  0]LogConfig: Setting CVar [[r.MaxAnisotropy:8]]
[2019.11.21-18.17.51:669][  0]LogConfig: Setting CVar [[r.Streaming.LimitPoolSizeToVRAM:0]]
[2019.11.21-18.17.51:669][  0]LogConfig: Setting CVar [[r.Streaming.PoolSize:1000]]
[2019.11.21-18.17.51:669][  0]LogConfig: Setting CVar [[r.Streaming.MaxEffectiveScreenSize:0]]
[2019.11.21-18.17.51:669][  0]LogConfig: Applying CVar settings from Section [EffectsQuality@3] File [D:/Unreal/FPSProject 4.23/Saved/Config/Windows/Scalability.ini]
[2019.11.21-18.17.51:669][  0]LogConfig: Setting CVar [[r.TranslucencyLightingVolumeDim:64]]
[2019.11.21-18.17.51:669][  0]LogConfig: Setting CVar [[r.RefractionQuality:2]]
[2019.11.21-18.17.51:669][  0]LogConfig: Setting CVar [[r.SSR.Quality:3]]
[2019.11.21-18.17.51:669][  0]LogConfig: Setting CVar [[r.SceneColorFormat:4]]
[2019.11.21-18.17.51:669][  0]LogConfig: Setting CVar [[r.DetailMode:2]]
[2019.11.21-18.17.51:669][  0]LogConfig: Setting CVar [[r.TranslucencyVolumeBlur:1]]
[2019.11.21-18.17.51:669][  0]LogConfig: Setting CVar [[r.MaterialQualityLevel:1 ; High quality]]
[2019.11.21-18.17.51:669][  0]LogConfig: Setting CVar [[r.SSS.Scale:1]]
[2019.11.21-18.17.51:669][  0]LogConfig: Setting CVar [[r.SSS.SampleSet:2]]
[2019.11.21-18.17.51:669][  0]LogConfig: Setting CVar [[r.SSS.Quality:1]]
[2019.11.21-18.17.51:669][  0]LogConfig: Setting CVar [[r.SSS.HalfRes:1]]
[2019.11.21-18.17.51:669][  0]LogConfig: Setting CVar [[r.EmitterSpawnRateScale:1.0]]
[2019.11.21-18.17.51:669][  0]LogConfig: Setting CVar [[r.ParticleLightQuality:2]]
[2019.11.21-18.17.51:669][  0]LogConfig: Applying CVar settings from Section [FoliageQuality@3] File [D:/Unreal/FPSProject 4.23/Saved/Config/Windows/Scalability.ini]
[2019.11.21-18.17.51:669][  0]LogConfig: Setting CVar [[foliage.DensityScale:1.0]]
[2019.11.21-18.17.51:669][  0]LogConfig: Setting CVar [[grass.DensityScale:1.0]]
[2019.11.21-18.17.51:669][  0]LogInit: Selected Device Profile: [Windows]
[2019.11.21-18.17.51:669][  0]LogInit: Applying CVar settings loaded from the selected device profile: [Windows]
[2019.11.21-18.17.51:691][  0]LogHAL: Display: Platform has ~ 16 GB [17116311552 / 17179869184 / 16], which maps to Larger [LargestMinGB=32, LargerMinGB=12, DefaultMinGB=8, SmallerMinGB=6, SmallestMinGB=0)
[2019.11.21-18.17.51:692][  0]LogInit: Going up to parent DeviceProfile []
[2019.11.21-18.17.51:692][  0]LogConfig: Applying CVar settings from Section [ViewDistanceQuality@3] File [D:/Unreal/FPSProject 4.23/Saved/Config/Windows/Scalability.ini]
[2019.11.21-18.17.51:692][  0]LogConfig: Setting CVar [[r.SkeletalMeshLODBias:0]]
[2019.11.21-18.17.51:692][  0]LogConfig: Setting CVar [[r.ViewDistanceScale:1.0]]
[2019.11.21-18.17.51:692][  0]LogConfig: Applying CVar settings from Section [AntiAliasingQuality@3] File [D:/Unreal/FPSProject 4.23/Saved/Config/Windows/Scalability.ini]
[2019.11.21-18.17.51:692][  0]LogConfig: Setting CVar [[r.PostProcessAAQuality:4]]
[2019.11.21-18.17.51:692][  0]LogConfig: Applying CVar settings from Section [ShadowQuality@3] File [D:/Unreal/FPSProject 4.23/Saved/Config/Windows/Scalability.ini]
[2019.11.21-18.17.51:692][  0]LogConfig: Setting CVar [[r.LightFunctionQuality:1]]
[2019.11.21-18.17.51:692][  0]LogConfig: Setting CVar [[r.ShadowQuality:5]]
[2019.11.21-18.17.51:692][  0]LogConfig: Setting CVar [[r.Shadow.CSM.MaxCascades:10]]
[2019.11.21-18.17.51:692][  0]LogConfig: Setting CVar [[r.Shadow.MaxResolution:2048]]
[2019.11.21-18.17.51:692][  0]LogConfig: Setting CVar [[r.Shadow.MaxCSMResolution:2048]]
[2019.11.21-18.17.51:692][  0]LogConfig: Setting CVar [[r.Shadow.RadiusThreshold:0.01]]
[2019.11.21-18.17.51:692][  0]LogConfig: Setting CVar [[r.Shadow.DistanceScale:1.0]]
[2019.11.21-18.17.51:692][  0]LogConfig: Setting CVar [[r.Shadow.CSM.TransitionScale:1.0]]
[2019.11.21-18.17.51:692][  0]LogConfig: Setting CVar [[r.Shadow.PreShadowResolutionFactor:1.0]]
[2019.11.21-18.17.51:692][  0]LogConfig: Setting CVar [[r.DistanceFieldShadowing:1]]
[2019.11.21-18.17.51:692][  0]LogConfig: Setting CVar [[r.DistanceFieldAO:1]]
[2019.11.21-18.17.51:692][  0]LogConfig: Setting CVar [[r.AOQuality:2]]
[2019.11.21-18.17.51:692][  0]LogConfig: Setting CVar [[r.VolumetricFog:1]]
[2019.11.21-18.17.51:692][  0]LogConfig: Setting CVar [[r.VolumetricFog.GridPixelSize:8]]
[2019.11.21-18.17.51:692][  0]LogConfig: Setting CVar [[r.VolumetricFog.GridSizeZ:128]]
[2019.11.21-18.17.51:692][  0]LogConfig: Setting CVar [[r.VolumetricFog.HistoryMissSupersampleCount:4]]
[2019.11.21-18.17.51:692][  0]LogConfig: Setting CVar [[r.LightMaxDrawDistanceScale:1]]
[2019.11.21-18.17.51:692][  0]LogConfig: Setting CVar [[r.CapsuleShadows:1]]
[2019.11.21-18.17.51:692][  0]LogConfig: Applying CVar settings from Section [PostProcessQuality@3] File [D:/Unreal/FPSProject 4.23/Saved/Config/Windows/Scalability.ini]
[2019.11.21-18.17.51:692][  0]LogConfig: Setting CVar [[r.MotionBlurQuality:4]]
[2019.11.21-18.17.51:692][  0]LogConfig: Setting CVar [[r.AmbientOcclusionMipLevelFactor:0.4]]
[2019.11.21-18.17.51:692][  0]LogConfig: Setting CVar [[r.AmbientOcclusionMaxQuality:100]]
[2019.11.21-18.17.51:693][  0]LogConfig: Setting CVar [[r.AmbientOcclusionLevels:-1]]
[2019.11.21-18.17.51:693][  0]LogConfig: Setting CVar [[r.AmbientOcclusionRadiusScale:1.0]]
[2019.11.21-18.17.51:693][  0]LogConfig: Setting CVar [[r.DepthOfFieldQuality:2]]
[2019.11.21-18.17.51:693][  0]LogConfig: Setting CVar [[r.RenderTargetPoolMin:400]]
[2019.11.21-18.17.51:693][  0]LogConfig: Setting CVar [[r.LensFlareQuality:2]]
[2019.11.21-18.17.51:693][  0]LogConfig: Setting CVar [[r.SceneColorFringeQuality:1]]
[2019.11.21-18.17.51:693][  0]LogConfig: Setting CVar [[r.EyeAdaptationQuality:2]]
[2019.11.21-18.17.51:693][  0]LogConfig: Setting CVar [[r.BloomQuality:5]]
[2019.11.21-18.17.51:693][  0]LogConfig: Setting CVar [[r.FastBlurThreshold:100]]
[2019.11.21-18.17.51:693][  0]LogConfig: Setting CVar [[r.Upscale.Quality:3]]
[2019.11.21-18.17.51:693][  0]LogConfig: Setting CVar [[r.Tonemapper.GrainQuantization:1]]
[2019.11.21-18.17.51:693][  0]LogConfig: Setting CVar [[r.LightShaftQuality:1]]
[2019.11.21-18.17.51:693][  0]LogConfig: Setting CVar [[r.Filter.SizeScale:1]]
[2019.11.21-18.17.51:693][  0]LogConfig: Setting CVar [[r.Tonemapper.Quality:5]]
[2019.11.21-18.17.51:693][  0]LogConfig: Setting CVar [[r.DOF.Gather.AccumulatorQuality:1        ; higher gathering accumulator quality]]
[2019.11.21-18.17.51:693][  0]LogConfig: Setting CVar [[r.DOF.Gather.PostfilterMethod:1          ; Median3x3 postfilering method]]
[2019.11.21-18.17.51:693][  0]LogConfig: Setting CVar [[r.DOF.Gather.EnableBokehSettings:0       ; no bokeh simulation when gathering]]
[2019.11.21-18.17.51:693][  0]LogConfig: Setting CVar [[r.DOF.Gather.RingCount:4                 ; medium number of samples when gathering]]
[2019.11.21-18.17.51:693][  0]LogConfig: Setting CVar [[r.DOF.Scatter.ForegroundCompositing:1    ; additive foreground scattering]]
[2019.11.21-18.17.51:693][  0]LogConfig: Setting CVar [[r.DOF.Scatter.BackgroundCompositing:2    ; additive background scattering]]
[2019.11.21-18.17.51:693][  0]LogConfig: Setting CVar [[r.DOF.Scatter.EnableBokehSettings:1      ; bokeh simulation when scattering]]
[2019.11.21-18.17.51:693][  0]LogConfig: Setting CVar [[r.DOF.Scatter.MaxSpriteRatio:0.1         ; only a maximum of 10% of scattered bokeh]]
[2019.11.21-18.17.51:693][  0]LogConfig: Setting CVar [[r.DOF.Recombine.Quality:1                ; cheap slight out of focus]]
[2019.11.21-18.17.51:693][  0]LogConfig: Setting CVar [[r.DOF.Recombine.EnableBokehSettings:0    ; no bokeh simulation on slight out of focus]]
[2019.11.21-18.17.51:693][  0]LogConfig: Setting CVar [[r.DOF.TemporalAAQuality:1                ; more stable temporal accumulation]]
[2019.11.21-18.17.51:693][  0]LogConfig: Setting CVar [[r.DOF.Kernel.MaxForegroundRadius:0.025]]
[2019.11.21-18.17.51:693][  0]LogConfig: Setting CVar [[r.DOF.Kernel.MaxBackgroundRadius:0.025]]
[2019.11.21-18.17.51:693][  0]LogConfig: Applying CVar settings from Section [TextureQuality@3] File [D:/Unreal/FPSProject 4.23/Saved/Config/Windows/Scalability.ini]
[2019.11.21-18.17.51:693][  0]LogConfig: Setting CVar [[r.Streaming.MipBias:0]]
[2019.11.21-18.17.51:693][  0]LogConfig: Setting CVar [[r.Streaming.AmortizeCPUToGPUCopy:0]]
[2019.11.21-18.17.51:693][  0]LogConfig: Setting CVar [[r.Streaming.MaxNumTexturesToStreamPerFrame:0]]
[2019.11.21-18.17.51:693][  0]LogConfig: Setting CVar [[r.Streaming.Boost:1]]
[2019.11.21-18.17.51:693][  0]LogConfig: Setting CVar [[r.MaxAnisotropy:8]]
[2019.11.21-18.17.51:693][  0]LogConfig: Setting CVar [[r.Streaming.LimitPoolSizeToVRAM:0]]
[2019.11.21-18.17.51:694][  0]LogConfig: Setting CVar [[r.Streaming.PoolSize:1000]]
[2019.11.21-18.17.51:694][  0]LogConfig: Setting CVar [[r.Streaming.MaxEffectiveScreenSize:0]]
[2019.11.21-18.17.51:694][  0]LogConfig: Applying CVar settings from Section [EffectsQuality@3] File [D:/Unreal/FPSProject 4.23/Saved/Config/Windows/Scalability.ini]
[2019.11.21-18.17.51:694][  0]LogConfig: Setting CVar [[r.TranslucencyLightingVolumeDim:64]]
[2019.11.21-18.17.51:694][  0]LogConfig: Setting CVar [[r.RefractionQuality:2]]
[2019.11.21-18.17.51:694][  0]LogConfig: Setting CVar [[r.SSR.Quality:3]]
[2019.11.21-18.17.51:694][  0]LogConfig: Setting CVar [[r.SceneColorFormat:4]]
[2019.11.21-18.17.51:694][  0]LogConfig: Setting CVar [[r.DetailMode:2]]
[2019.11.21-18.17.51:694][  0]LogConfig: Setting CVar [[r.TranslucencyVolumeBlur:1]]
[2019.11.21-18.17.51:694][  0]LogConfig: Setting CVar [[r.MaterialQualityLevel:1 ; High quality]]
[2019.11.21-18.17.51:694][  0]LogConfig: Setting CVar [[r.SSS.Scale:1]]
[2019.11.21-18.17.51:694][  0]LogConfig: Setting CVar [[r.SSS.SampleSet:2]]
[2019.11.21-18.17.51:694][  0]LogConfig: Setting CVar [[r.SSS.Quality:1]]
[2019.11.21-18.17.51:694][  0]LogConfig: Setting CVar [[r.SSS.HalfRes:1]]
[2019.11.21-18.17.51:694][  0]LogConfig: Setting CVar [[r.EmitterSpawnRateScale:1.0]]
[2019.11.21-18.17.51:694][  0]LogConfig: Setting CVar [[r.ParticleLightQuality:2]]
[2019.11.21-18.17.51:694][  0]LogConfig: Applying CVar settings from Section [FoliageQuality@3] File [D:/Unreal/FPSProject 4.23/Saved/Config/Windows/Scalability.ini]
[2019.11.21-18.17.51:694][  0]LogConfig: Setting CVar [[foliage.DensityScale:1.0]]
[2019.11.21-18.17.51:694][  0]LogConfig: Setting CVar [[grass.DensityScale:1.0]]
[2019.11.21-18.17.51:694][  0]LogConfig: Applying CVar settings from Section [Startup] File [../../../Engine/Config/ConsoleVariables.ini]
[2019.11.21-18.17.51:707][  0]LogConfig: Setting CVar [[net.UseAdaptiveNetUpdateFrequency:0]]
[2019.11.21-18.17.51:707][  0]LogConfig: Setting CVar [[p.chaos.AllowCreatePhysxBodies:1]]
[2019.11.21-18.17.51:707][  0]LogConfig: Applying CVar settings from Section [ConsoleVariables] File [D:/Unreal/FPSProject 4.23/Saved/Config/Windows/Engine.ini]
[2019.11.21-18.17.51:707][  0]LogInit: Computer: DESKTOP-L4BREF2
[2019.11.21-18.17.51:707][  0]LogInit: User: Zoey
[2019.11.21-18.17.51:707][  0]LogInit: CPU Page size=4096, Cores=1
[2019.11.21-18.17.51:707][  0]LogInit: High frequency timer resolution =10.000000 MHz
[2019.11.21-18.17.51:711][  0]LogMemory: Memory total: Physical=15.9GB (16GB approx)
[2019.11.21-18.17.51:711][  0]LogMemory: Platform Memory Stats for Windows
[2019.11.21-18.17.51:711][  0]LogMemory: Process Physical Memory: 99.18 MB used, 99.18 MB peak
[2019.11.21-18.17.51:712][  0]LogMemory: Process Virtual Memory: 98.13 MB used, 98.13 MB peak
[2019.11.21-18.17.51:712][  0]LogMemory: Physical Memory: 6561.16 MB used,  9762.23 MB free, 16323.39 MB total
[2019.11.21-18.17.51:712][  0]LogMemory: Virtual Memory: 4649.67 MB used,  134213080.00 MB free, 134217728.00 MB total
[2019.11.21-18.17.51:718][  0]LogWindows: WindowsPlatformFeatures enabled
[2019.11.21-18.17.52:011][  0]LogInit: Using OS detected language (en-GB).
[2019.11.21-18.17.52:011][  0]LogInit: Using OS detected locale (en-GB).
[2019.11.21-18.17.52:013][  0]LogTextLocalizationManager: No specific localization for 'en-GB' exists, so the 'en' localization will be used.
[2019.11.21-18.17.52:627][  0]LogInit: Setting process to per monitor DPI aware
[2019.11.21-18.17.52:795][  0]LogSlate: New Slate User Created.  User Index 0, Is Virtual User: 0
[2019.11.21-18.17.52:795][  0]LogSlate: Slate User Registered.  User Index 0, Is Virtual User: 0
[2019.11.21-18.17.58:324][  0]LogHMD: Failed to initialize OpenVR with code 110
[2019.11.21-18.17.58:324][  0]LogD3D11RHI: D3D11 adapters:
[2019.11.21-18.17.58:890][  0]LogD3D11RHI:    0. 'NVIDIA GeForce GT 710' (Feature Level 11_0)
[2019.11.21-18.17.58:890][  0]LogD3D11RHI:       2007/0/8161 MB DedicatedVideo/DedicatedSystem/SharedSystem, Outputs:2, VendorId:0x10de
[2019.11.21-18.17.58:894][  0]LogD3D11RHI:    1. 'Microsoft Basic Render Driver' (Feature Level 11_0)
[2019.11.21-18.17.58:894][  0]LogD3D11RHI:       0/0/8161 MB DedicatedVideo/DedicatedSystem/SharedSystem, Outputs:0, VendorId:0x1414
[2019.11.21-18.17.58:895][  0]LogD3D11RHI: Chosen D3D11 Adapter: 0
[2019.11.21-18.17.58:908][  0]LogD3D11RHI: Creating new Direct3DDevice
[2019.11.21-18.17.58:909][  0]LogD3D11RHI:     GPU DeviceId: 0x128b (for the marketing name, search the web for "GPU Device Id")
[2019.11.21-18.17.58:909][  0]LogWindows: EnumDisplayDevices:
[2019.11.21-18.17.58:909][  0]LogWindows:    0. 'NVIDIA GeForce GT 710' (P:1 D:1)
[2019.11.21-18.17.58:910][  0]LogWindows:    1. 'NVIDIA GeForce GT 710' (P:0 D:1)
[2019.11.21-18.17.58:910][  0]LogWindows:    2. 'NVIDIA GeForce GT 710' (P:0 D:0)
[2019.11.21-18.17.58:910][  0]LogWindows: DebugString: FoundDriverCount:3 
[2019.11.21-18.17.58:910][  0]LogD3D11RHI:     Adapter Name: NVIDIA GeForce GT 710
[2019.11.21-18.17.58:910][  0]LogD3D11RHI:   Driver Version: 432.00 (internal:26.21.14.3200, unified:432.00)
[2019.11.21-18.17.58:911][  0]LogD3D11RHI:      Driver Date: 7-24-2019
[2019.11.21-18.17.58:911][  0]LogRHI: Texture pool is 1404 MB (70% of 2007 MB)
[2019.11.21-18.17.58:992][  0]LogD3D11RHI: Async texture creation enabled
[2019.11.21-18.17.59:014][  0]LogD3D11RHI: GPU Timing Frequency: 1000.000000 (Debug: 2 0)
[2019.11.21-18.18.01:011][  0]LogTemp: Display: Module 'AllDesktopTargetPlatform' loaded TargetPlatform 'AllDesktop'
[2019.11.21-18.18.01:034][  0]LogTemp: Display: Module 'MacClientTargetPlatform' loaded TargetPlatform 'MacClient'
[2019.11.21-18.18.01:057][  0]LogTemp: Display: Module 'MacNoEditorTargetPlatform' loaded TargetPlatform 'MacNoEditor'
[2019.11.21-18.18.01:080][  0]LogTemp: Display: Module 'MacServerTargetPlatform' loaded TargetPlatform 'MacServer'
[2019.11.21-18.18.01:112][  0]LogTemp: Display: Module 'MacTargetPlatform' loaded TargetPlatform 'Mac'
[2019.11.21-18.18.01:134][  0]LogTemp: Display: Module 'WindowsClientTargetPlatform' loaded TargetPlatform 'WindowsClient'
[2019.11.21-18.18.01:156][  0]LogTemp: Display: Module 'WindowsNoEditorTargetPlatform' loaded TargetPlatform 'WindowsNoEditor'
[2019.11.21-18.18.01:179][  0]LogTemp: Display: Module 'WindowsServerTargetPlatform' loaded TargetPlatform 'WindowsServer'
[2019.11.21-18.18.01:191][  0]LogTemp: Display: Module 'WindowsTargetPlatform' loaded TargetPlatform 'Windows'
[2019.11.21-18.18.01:301][  0]LogTemp: Display: Module 'AndroidTargetPlatform' loaded TargetPlatform 'Android'
[2019.11.21-18.18.01:301][  0]LogTemp: Display: Module 'AndroidTargetPlatform' loaded TargetPlatform 'Android_ASTC'
[2019.11.21-18.18.01:301][  0]LogTemp: Display: Module 'AndroidTargetPlatform' loaded TargetPlatform 'Android_ATC'
[2019.11.21-18.18.01:301][  0]LogTemp: Display: Module 'AndroidTargetPlatform' loaded TargetPlatform 'Android_DXT'
[2019.11.21-18.18.01:301][  0]LogTemp: Display: Module 'AndroidTargetPlatform' loaded TargetPlatform 'Android_ETC1'
[2019.11.21-18.18.01:301][  0]LogTemp: Display: Module 'AndroidTargetPlatform' loaded TargetPlatform 'Android_ETC1a'
[2019.11.21-18.18.01:301][  0]LogTemp: Display: Module 'AndroidTargetPlatform' loaded TargetPlatform 'Android_ETC2'
[2019.11.21-18.18.01:301][  0]LogTemp: Display: Module 'AndroidTargetPlatform' loaded TargetPlatform 'Android_PVRTC'
[2019.11.21-18.18.01:301][  0]LogTemp: Display: Module 'AndroidTargetPlatform' loaded TargetPlatform 'AndroidClient'
[2019.11.21-18.18.01:301][  0]LogTemp: Display: Module 'AndroidTargetPlatform' loaded TargetPlatform 'Android_ASTCClient'
[2019.11.21-18.18.01:301][  0]LogTemp: Display: Module 'AndroidTargetPlatform' loaded TargetPlatform 'Android_ATCClient'
[2019.11.21-18.18.01:302][  0]LogTemp: Display: Module 'AndroidTargetPlatform' loaded TargetPlatform 'Android_DXTClient'
[2019.11.21-18.18.01:302][  0]LogTemp: Display: Module 'AndroidTargetPlatform' loaded TargetPlatform 'Android_ETC1Client'
[2019.11.21-18.18.01:302][  0]LogTemp: Display: Module 'AndroidTargetPlatform' loaded TargetPlatform 'Android_ETC1aClient'
[2019.11.21-18.18.01:302][  0]LogTemp: Display: Module 'AndroidTargetPlatform' loaded TargetPlatform 'Android_ETC2Client'
[2019.11.21-18.18.01:302][  0]LogTemp: Display: Module 'AndroidTargetPlatform' loaded TargetPlatform 'Android_PVRTCClient'
[2019.11.21-18.18.01:302][  0]LogTemp: Display: Module 'AndroidTargetPlatform' loaded TargetPlatform 'Android_Multi'
[2019.11.21-18.18.01:302][  0]LogTemp: Display: Module 'AndroidTargetPlatform' loaded TargetPlatform 'Android_MultiClient'
[2019.11.21-18.18.01:306][  0]LogTemp: Display: Module 'HTML5TargetPlatform' loaded TargetPlatform 'HTML5'
[2019.11.21-18.18.01:386][  0]LogTemp: Display: Module 'IOSTargetPlatform' loaded TargetPlatform 'IOSClient'
[2019.11.21-18.18.01:386][  0]LogTemp: Display: Module 'IOSTargetPlatform' loaded TargetPlatform 'IOS'
[2019.11.21-18.18.01:420][  0]LogTemp: Display: Module 'TVOSTargetPlatform' loaded TargetPlatform 'TVOSClient'
[2019.11.21-18.18.01:420][  0]LogTemp: Display: Module 'TVOSTargetPlatform' loaded TargetPlatform 'TVOS'
[2019.11.21-18.18.01:438][  0]LogTemp: Display: Module 'LinuxClientTargetPlatform' loaded TargetPlatform 'LinuxClient'
[2019.11.21-18.18.01:455][  0]LogTemp: Display: Module 'LinuxNoEditorTargetPlatform' loaded TargetPlatform 'LinuxNoEditor'
[2019.11.21-18.18.01:473][  0]LogTemp: Display: Module 'LinuxServerTargetPlatform' loaded TargetPlatform 'LinuxServer'
[2019.11.21-18.18.01:512][  0]LogTemp: Display: Module 'LinuxTargetPlatform' loaded TargetPlatform 'Linux'
[2019.11.21-18.18.01:584][  0]LogTemp: Display: Module 'LuminTargetPlatform' loaded TargetPlatform 'Lumin'
[2019.11.21-18.18.01:584][  0]LogTemp: Display: Module 'LuminTargetPlatform' loaded TargetPlatform 'LuminClient'
[2019.11.21-18.18.01:584][  0]LogTargetPlatformManager: Display: Building Assets For Windows
[2019.11.21-18.18.01:677][  0]LogAudioDebug: Display: Lib vorbis DLL was dynamically loaded.
[2019.11.21-18.18.01:878][  0]LogShaderCompilers: Guid format shader working directory is 19 characters bigger than the processId version (D:/Unreal/FPSProject 4.23/Intermediate/Shaders/WorkingDirectory/12760/).
[2019.11.21-18.18.01:879][  0]LogShaderCompilers: Cleaned the shader compiler working directory 'C:/Users/Zoey/AppData/Local/Temp/UnrealShaderWorkingDir/2367BDE544AA267C63B173BD6AB7DD2E/'.
[2019.11.21-18.18.01:885][  0]LogXGEController: Cannot use XGE Controller as Incredibuild is not installed on this machine.
[2019.11.21-18.18.01:885][  0]LogShaderCompilers: Cannot use XGE Shader Compiler as Incredibuild is not installed on this machine.
[2019.11.21-18.18.01:885][  0]LogShaderCompilers: Display: Using Local Shader Compiler.
[2019.11.21-18.18.08:123][  0]LogDerivedDataCache: Display: Max Cache Size: 512 MB
[2019.11.21-18.18.08:346][  0]LogDerivedDataCache: Loaded boot cache 0.22s 74MB C:/Users/Zoey/AppData/Local/UnrealEngine/4.23/DerivedDataCache/Boot.ddc.
[2019.11.21-18.18.08:346][  0]LogDerivedDataCache: Display: Loaded Boot cache: C:/Users/Zoey/AppData/Local/UnrealEngine/4.23/DerivedDataCache/Boot.ddc
[2019.11.21-18.18.08:346][  0]LogDerivedDataCache: FDerivedDataBackendGraph:  Pak pak cache file D:/Unreal/FPSProject 4.23/DerivedDataCache/DDC.ddp not found, will not use a pak cache.
[2019.11.21-18.18.08:347][  0]LogDerivedDataCache: Unable to find inner node Pak for hierarchical cache Hierarchy.
[2019.11.21-18.18.08:347][  0]LogDerivedDataCache: FDerivedDataBackendGraph:  CompressedPak pak cache file D:/Unreal/FPSProject 4.23/DerivedDataCache/Compressed.ddp not found, will not use a pak cache.
[2019.11.21-18.18.08:347][  0]LogDerivedDataCache: Unable to find inner node CompressedPak for hierarchical cache Hierarchy.
[2019.11.21-18.18.08:402][  0]LogDerivedDataCache: Display: Pak cache opened for reading ../../../Engine/DerivedDataCache/Compressed.ddp.
[2019.11.21-18.18.08:403][  0]LogDerivedDataCache: FDerivedDataBackendGraph:  EnterprisePak pak cache file ../../../Enterprise/DerivedDataCache/Compressed.ddp not found, will not use a pak cache.
[2019.11.21-18.18.08:403][  0]LogDerivedDataCache: Unable to find inner node EnterprisePak for hierarchical cache Hierarchy.
[2019.11.21-18.18.08:435][  0]LogDerivedDataCache: Using Local data cache path C:/Users/Zoey/AppData/Local/UnrealEngine/Common/DerivedDataCache: Writable
[2019.11.21-18.18.08:435][  0]LogDerivedDataCache: Shared data cache path not found in *engine.ini, will not use an Shared cache.
[2019.11.21-18.18.08:435][  0]LogDerivedDataCache: Unable to find inner node Shared for hierarchical cache Hierarchy.
[2019.11.21-18.18.08:510][  0]LogMaterial: Verifying Global Shaders for PCD3D_SM5
[2019.11.21-18.18.08:515][  0]LogSlate: Using FreeType 2.6.0
[2019.11.21-18.18.08:583][  0]LogSlate: SlateFontServices - WITH_FREETYPE: 1, WITH_HARFBUZZ: 1
[2019.11.21-18.18.09:539][  0]LogAssetRegistry: FAssetRegistry took 0.1954 seconds to start up
[2019.11.21-18.18.10:370][  0]LogInit: Selected Device Profile: [Windows]
[2019.11.21-18.18.10:925][  0]LogMeshReduction: Using QuadricMeshReduction for automatic static mesh reduction
[2019.11.21-18.18.10:925][  0]LogMeshReduction: Using SimplygonMeshReduction for automatic skeletal mesh reduction
[2019.11.21-18.18.10:925][  0]LogMeshReduction: Using ProxyLODMeshReduction for automatic mesh merging
[2019.11.21-18.18.10:925][  0]LogMeshReduction: No distributed automatic mesh merging module available
[2019.11.21-18.18.10:925][  0]LogMeshMerging: No distributed automatic mesh merging module available
[2019.11.21-18.18.11:001][  0]LogNetVersion: FPSProject 1.0.0, NetCL: 8386587, EngineNetVer: 11, GameNetVer: 0 (Checksum: 1512644280)
[2019.11.21-18.18.13:763][  0]LogPackageLocalizationCache: Processed 12 localized package path(s) for 1 prioritized culture(s) in 0.507839 seconds
[2019.11.21-18.18.13:776][  0]LogUObjectArray: 43444 objects as part of root set at end of initial load.
[2019.11.21-18.18.13:777][  0]LogUObjectAllocator: 7548648 out of 0 bytes used by permanent object pool.
[2019.11.21-18.18.13:777][  0]LogUObjectArray: CloseDisregardForGC: 0/0 objects in disregard for GC pool
[2019.11.21-18.18.21:500][  0]LogTcpMessaging: Initializing TcpMessaging bridge
[2019.11.21-18.18.21:544][  0]LogUdpMessaging: Initializing bridge on interface 0.0.0.0:0 to multicast group 230.0.0.1:6666.
[2019.11.21-18.18.21:818][  0]SourceControl: Source control is disabled
[2019.11.21-18.18.21:819][  0]SourceControl: Source control is disabled
[2019.11.21-18.18.21:822][  0]SourceControl: Source control is disabled
[2019.11.21-18.18.21:824][  0]SourceControl: Source control is disabled
[2019.11.21-18.18.22:131][  0]LogAndroidPermission: UAndroidPermissionCallbackProxy::GetInstance
[2019.11.21-18.18.22:579][  0]LogOcInput: OculusInput pre-init called
[2019.11.21-18.18.22:600][  0]LogWindows: Failed to load 'OVRPlugin.dll' (GetLastError=126)
[2019.11.21-18.18.22:600][  0]LogWindows: File 'OVRPlugin.dll' does not exist
[2019.11.21-18.18.22:892][  0]LogEngine: Initializing Engine...
[2019.11.21-18.18.22:894][  0]LogHMD: Failed to initialize OpenVR with code 110
[2019.11.21-18.18.22:898][  0]LogStats: UGameplayTagsManager::InitializeManager -  0.001 s
[2019.11.21-18.18.24:011][  0]LogInit: Initializing FReadOnlyCVARCache
[2019.11.21-18.18.24:049][  0]LogAIModule: Creating AISystem for world Untitled
[2019.11.21-18.18.24:333][  0]LogInit: XAudio2 using 'Speakers (3- Scarlett Solo USB)' : 2 channels at 44.1 kHz using 32 bits per sample (channel mask 0x3)
[2019.11.21-18.18.24:463][  0]LogInit: FAudioDevice initialized.
[2019.11.21-18.18.24:464][  0]LogNetVersion: Set ProjectVersion to 1.0.0.0. Version Checksum will be recalculated on next use.
[2019.11.21-18.18.24:792][  0]LogDerivedDataCache: Saved boot cache 0.33s 73MB C:/Users/Zoey/AppData/Local/UnrealEngine/4.23/DerivedDataCache/Boot.ddc.
[2019.11.21-18.18.24:805][  0]LogInit: Texture streaming: Enabled
[2019.11.21-18.18.24:861][  0]LogEngineSessionManager: EngineSessionManager initialized
[2019.11.21-18.18.25:355][  0]LogInit: Transaction tracking system initialized
[2019.11.21-18.18.25:446][  0]BlueprintLog: New page: Editor Load
[2019.11.21-18.18.25:681][  0]LocalizationService: Localization service is disabled
[2019.11.21-18.18.27:025][  0]LogCook: Display: Max memory allowance for cook 16384mb min free memory 0mb
[2019.11.21-18.18.27:025][  0]LogCook: Display: Mobile HDR setting 1
[2019.11.21-18.18.27:643][  0]LogFileCache: Scanning file cache for directory 'D:/Unreal/FPSProject 4.23/Content/' took 0.14s
[2019.11.21-18.18.27:932][  0]SourceControl: Source control is disabled
[2019.11.21-18.18.27:932][  0]Cmd: MAP LOAD FILE="D:/Unreal/FPSProject 4.23/Content/Maps/FPSMap.umap" TEMPLATE=0 SHOWPROGRESS=1 FEATURELEVEL=3
[2019.11.21-18.18.27:997][  0]LightingResults: New page: Lighting Build
[2019.11.21-18.18.28:003][  0]LogWorld: UWorld::CleanupWorld for Untitled, bSessionEnded=true, bCleanupResources=true
[2019.11.21-18.18.28:003][  0]MapCheck: New page: Map Check
[2019.11.21-18.18.28:003][  0]LightingResults: New page: Lighting Build
[2019.11.21-18.18.28:069][  0]LogUObjectHash: Compacting FUObjectHashTables data took   3.86ms
[2019.11.21-18.18.28:497][  0]LogAIModule: Creating AISystem for world FPSMap
[2019.11.21-18.18.28:517][  0]LogEditorServer: Finished looking for orphan Actors (0.000 secs)
[2019.11.21-18.18.28:591][  0]LogUObjectHash: Compacting FUObjectHashTables data took   5.37ms
[2019.11.21-18.18.28:592][  0]Cmd: MAP CHECKDEP NOCLEARLOG
[2019.11.21-18.18.28:592][  0]MapCheck: Map check complete: 0 Error(s), 0 Warning(s), took 0.143ms to complete.
[2019.11.21-18.18.28:592][  0]LogFileHelpers: Loading map 'FPSMap' took 0.660
[2019.11.21-18.18.29:183][  0]LogSlate: Updating window title bar state: overlay mode, drag disabled, window buttons hidden, title bar hidden
[2019.11.21-18.18.29:206][  0]LogSlate: Updating window title bar state: overlay mode, drag disabled, window buttons hidden, title bar hidden
[2019.11.21-18.18.29:227][  0]LogSlate: Updating window title bar state: overlay mode, drag disabled, window buttons hidden, title bar hidden
[2019.11.21-18.18.29:247][  0]LogSlate: Updating window title bar state: overlay mode, drag disabled, window buttons hidden, title bar hidden
[2019.11.21-18.18.29:273][  0]LogCollectionManager: Loaded 0 collections in 0.004147 seconds
[2019.11.21-18.18.29:414][  0]LogFileCache: Scanning file cache for directory 'D:/Unreal/FPSProject 4.23/Saved/Collections/' took 0.13s
[2019.11.21-18.18.29:414][  0]LogFileCache: Scanning file cache for directory 'D:/Unreal/FPSProject 4.23/Content/Developers/Zoey/Collections/' took 0.00s
[2019.11.21-18.18.29:414][  0]LogFileCache: Scanning file cache for directory 'D:/Unreal/FPSProject 4.23/Content/Collections/' took 0.00s
[2019.11.21-18.18.29:414][  0]LogCollectionManager: Rebuilt the GUID cache for 0 collections in 0.000003 seconds
[2019.11.21-18.18.29:437][  0]LogContentBrowser: Native class hierarchy populated in 0.0230 seconds. Added 2867 classes and 682 folders.
[2019.11.21-18.18.29:456][  0]LogContentBrowser: Native class hierarchy updated for 'WidgetCarousel' in 0.0006 seconds. Added 0 classes and 0 folders.
[2019.11.21-18.18.30:156][  0]LogContentBrowser: Native class hierarchy updated for 'AddContentDialog' in 0.0007 seconds. Added 0 classes and 0 folders.
[2019.11.21-18.18.30:170][  0]LogContentBrowser: Native class hierarchy updated for 'SceneOutliner' in 0.0006 seconds. Added 1 classes and 2 folders.
[2019.11.21-18.18.30:224][  0]LogSlate: Took 0.010752 seconds to synchronously load lazily loaded font '../../../Engine/Content/Slate/Fonts/Roboto-Regular.ttf' (155K)
[2019.11.21-18.18.30:239][  0]LogSlate: Took 0.012608 seconds to synchronously load lazily loaded font '../../../Engine/Content/Slate/Fonts/Roboto-Bold.ttf' (160K)
[2019.11.21-18.18.30:261][  0]LogSlate: Took 0.013009 seconds to synchronously load lazily loaded font '../../../Engine/Content/Editor/Slate/Fonts/FontAwesome.ttf' (139K)
[2019.11.21-18.18.30:595][  0]LogRenderer: Reallocating scene render targets to support 1208x572 Format 10 NumSamples 1 (Frame:1).
[2019.11.21-18.18.30:890][  0]LogSlate: Took 0.008122 seconds to synchronously load lazily loaded font '../../../Engine/Content/Slate/Fonts/Roboto-Light.ttf' (167K)
[2019.11.21-18.18.31:149][  0]LogContentBrowser: Native class hierarchy updated for 'HierarchicalLODOutliner' in 0.0007 seconds. Added 0 classes and 0 folders.
[2019.11.21-18.18.31:149][  0]LogLoad: (Engine Initialization) Total time: 49.22 seconds
[2019.11.21-18.18.31:149][  0]LogLoad: (Engine Initialization) Total Blueprint compile time: 0.00 seconds
[2019.11.21-18.18.31:223][  0]LogContentStreaming: Texture pool size now 1000 MB
[2019.11.21-18.18.34:089][ 25]LogAssetRegistry: Asset discovery search completed in 24.7426 seconds
[2019.11.21-18.18.34:100][ 25]LogCollectionManager: Rebuilt the object cache for 0 collections in 0.000008 seconds (found 0 objects)
[2019.11.21-18.18.34:100][ 25]LogCollectionManager: Fixed up redirectors for 0 collections in 0.000123 seconds (updated 0 objects)
[2019.11.21-18.18.39:805][ 42]LogSlate: FSceneViewport::OnFocusLost() reason 5
[2019.11.21-18.18.41:673][156]LogSlate: FSceneViewport::OnFocusLost() reason 5
[2019.11.21-18.21.16:323][676]LogSlate: Window 'Editor Preferences' being destroyed
[2019.11.21-18.21.16:345][676]LogSlate: Window 'Editor Preferences' being destroyed
[2019.11.21-18.21.20:716][791]LogSlate: FSceneViewport::OnFocusLost() reason 5
[2019.11.21-18.21.23:554][924]Cmd: STAT FPS
[2019.11.21-18.21.25:722][983]LogSlate: FSceneViewport::OnFocusLost() reason 5
[2019.11.21-18.21.27:703][ 92]Cmd: STAT FPS
[2019.11.21-18.21.28:363][110]LogSlate: FSceneViewport::OnFocusLost() reason 5
[2019.11.21-18.21.31:640][279]LogSlate: FSceneViewport::OnFocusLost() reason 5
[2019.11.21-18.21.41:725][511]LogSlate: Window 'Editor Preferences' being destroyed
[2019.11.21-18.21.41:891][511]LogSlate: Window 'Editor Preferences' being destroyed
[2019.11.21-18.22.08:401][664]LogSlate: FSceneViewport::OnFocusLost() reason 5
[2019.11.21-18.22.13:373][942]LogSlate: FSceneViewport::OnFocusLost() reason 5
[2019.11.21-18.22.13:739][958]LogSlate: FSceneViewport::OnFocusLost() reason 5
[2019.11.21-18.22.19:193][259]LogSlate: FSceneViewport::OnFocusLost() reason 5
[2019.11.21-18.22.20:194][325]LogSlate: FSceneViewport::OnFocusLost() reason 5
[2019.11.21-18.22.24:732][325]LogSlate: Only BGRA pngs, bmps or icos are supported in by External Image Picker
[2019.11.21-18.22.43:377][202]LogSlate: Window 'Project Settings' being destroyed
[2019.11.21-18.22.43:410][202]LogSlate: Window 'Project Settings' being destroyed
[2019.11.21-18.22.44:140][214]LogSlate: FSceneViewport::OnFocusLost() reason 0
[2019.11.21-18.22.49:228][494]LogEditorViewport: Clicking on Actor (LMB): BP_Sky_Sphere_C (Sky Sphere)
[2019.11.21-18.22.53:907][605]LogSlate: FSceneViewport::OnFocusLost() reason 0
[2019.11.21-18.22.53:988][607]LogTemp: Repeating last play command: Selected Viewport
[2019.11.21-18.22.54:068][607]LogBlueprintUserMessages: Early PlayInEditor Detection: Level '/Game/Maps/FPSMap.FPSMap:PersistentLevel' has LevelScriptBlueprint '/Game/Maps/FPSMap.FPSMap:PersistentLevel.FPSMap' with GeneratedClass '/Game/Maps/FPSMap.FPSMap_C' with ClassGeneratedBy '/Game/Maps/FPSMap.FPSMap:PersistentLevel.FPSMap'
[2019.11.21-18.22.54:068][607]LogPlayLevel: PlayLevel: No blueprints needed recompiling
[2019.11.21-18.22.54:069][607]PIE: New page: PIE session: FPSMap (21 Nov 2019 18:22:54)
[2019.11.21-18.22.54:070][607]LogOnline: OSS: Creating online subsystem instance for: NULL
[2019.11.21-18.22.54:073][607]LogPlayLevel: Creating play world package: /Game/Maps/UEDPIE_0_FPSMap
[2019.11.21-18.22.54:079][607]LogPlayLevel: PIE: StaticDuplicateObject took: (0.006556s)
[2019.11.21-18.22.54:083][607]LogAIModule: Creating AISystem for world FPSMap
[2019.11.21-18.22.54:083][607]LogPlayLevel: PIE: World Init took: (0.004005s)
[2019.11.21-18.22.54:084][607]LogPlayLevel: PIE: Created PIE world by copying editor world from /Game/Maps/FPSMap.FPSMap to /Game/Maps/UEDPIE_0_FPSMap.FPSMap (0.010995s)
[2019.11.21-18.22.54:144][607]LogUObjectHash: Compacting FUObjectHashTables data took   3.32ms
[2019.11.21-18.22.54:376][607]LogInit: XAudio2 using 'Speakers (3- Scarlett Solo USB)' : 2 channels at 44.1 kHz using 32 bits per sample (channel mask 0x3)
[2019.11.21-18.22.54:447][607]LogInit: FAudioDevice initialized.
[2019.11.21-18.22.55:107][607]LogMaterial: Display: Missing cached shader map for material WorldGridMaterial, compiling. 
[2019.11.21-18.23.00:628][607]LogShaderCompilers: Display: Worker (1/1): shaders left to compile 60
[2019.11.21-18.23.00:628][607]LogLoad: Game class is 'BP_FPSProjectGameMode_C'
[2019.11.21-18.23.00:631][607]LogWorld: Bringing World /Game/Maps/UEDPIE_0_FPSMap.FPSMap up for play (max tick rate 0) at 2019.11.21-18.23.00
[2019.11.21-18.23.00:632][607]LogWorld: Bringing up level for play took: 0.002184
[2019.11.21-18.23.00:632][607]LogOnline: OSS: Creating online subsystem instance for: :Context_2
[2019.11.21-18.23.00:646][607]LogContentBrowser: Native class hierarchy updated for 'MovieSceneCapture' in 0.0012 seconds. Added 20 classes and 0 folders.
[2019.11.21-18.23.00:650][607]PIE: Play in editor start time for /Game/Maps/UEDPIE_0_FPSMap 5.595
[2019.11.21-18.23.00:650][607]LogBlueprintUserMessages: Late PlayInEditor Detection: Level '/Game/Maps/FPSMap.FPSMap:PersistentLevel' has LevelScriptBlueprint '/Game/Maps/FPSMap.FPSMap:PersistentLevel.FPSMap' with GeneratedClass '/Game/Maps/FPSMap.FPSMap_C' with ClassGeneratedBy '/Game/Maps/FPSMap.FPSMap:PersistentLevel.FPSMap'
[2019.11.21-18.23.39:461][723]LogBlueprintUserMessages: Early EndPlayMap Detection: Level '/Game/Maps/FPSMap.FPSMap:PersistentLevel' has LevelScriptBlueprint '/Game/Maps/FPSMap.FPSMap:PersistentLevel.FPSMap' with GeneratedClass '/Game/Maps/FPSMap.FPSMap_C' with ClassGeneratedBy '/Game/Maps/FPSMap.FPSMap:PersistentLevel.FPSMap'
[2019.11.21-18.23.39:462][723]LogSlate: Updating window title bar state: overlay mode, drag disabled, window buttons hidden, title bar hidden
[2019.11.21-18.23.39:462][723]LogWorld: BeginTearingDown for /Game/Maps/UEDPIE_0_FPSMap
[2019.11.21-18.23.39:462][723]LogWorld: UWorld::CleanupWorld for FPSMap, bSessionEnded=true, bCleanupResources=true
[2019.11.21-18.23.39:493][723]LogPlayLevel: Display: Shutting down PIE online subsystems
[2019.11.21-18.23.39:493][723]LogBlueprintUserMessages: Late EndPlayMap Detection: Level '/Game/Maps/FPSMap.FPSMap:PersistentLevel' has LevelScriptBlueprint '/Game/Maps/FPSMap.FPSMap:PersistentLevel.FPSMap' with GeneratedClass '/Game/Maps/FPSMap.FPSMap_C' with ClassGeneratedBy '/Game/Maps/FPSMap.FPSMap:PersistentLevel.FPSMap'
[2019.11.21-18.23.44:016][723]LogSlate: Updating window title bar state: overlay mode, drag disabled, window buttons hidden, title bar hidden
[2019.11.21-18.23.44:025][723]LogUObjectHash: Compacting FUObjectHashTables data took   3.74ms
[2019.11.21-18.23.44:061][724]LogPlayLevel: Display: Destroying online subsystem :Context_2
[2019.11.21-18.25.26:984][874]LogSlate: FSceneViewport::OnFocusLost() reason 2
[2019.11.21-18.25.38:540][131]LogConfig: Applying CVar settings from Section [ViewDistanceQuality@0] File [D:/Unreal/FPSProject 4.23/Saved/Config/Windows/Scalability.ini]
[2019.11.21-18.25.38:540][131]LogConfig: Setting CVar [[r.SkeletalMeshLODBias:2]]
[2019.11.21-18.25.38:540][131]LogConfig: Setting CVar [[r.ViewDistanceScale:0.4]]
[2019.11.21-18.25.38:540][131]LogConfig: Applying CVar settings from Section [AntiAliasingQuality@0] File [D:/Unreal/FPSProject 4.23/Saved/Config/Windows/Scalability.ini]
[2019.11.21-18.25.38:540][131]LogConfig: Setting CVar [[r.PostProcessAAQuality:0]]
[2019.11.21-18.25.38:540][131]LogConfig: Applying CVar settings from Section [ShadowQuality@0] File [D:/Unreal/FPSProject 4.23/Saved/Config/Windows/Scalability.ini]
[2019.11.21-18.25.38:540][131]LogConfig: Setting CVar [[r.LightFunctionQuality:0]]
[2019.11.21-18.25.38:540][131]LogConfig: Setting CVar [[r.ShadowQuality:0]]
[2019.11.21-18.25.38:540][131]LogConfig: Setting CVar [[r.Shadow.CSM.MaxCascades:1]]
[2019.11.21-18.25.38:540][131]LogConfig: Setting CVar [[r.Shadow.MaxResolution:512]]
[2019.11.21-18.25.38:540][131]LogConfig: Setting CVar [[r.Shadow.MaxCSMResolution:512]]
[2019.11.21-18.25.38:540][131]LogConfig: Setting CVar [[r.Shadow.RadiusThreshold:0.06]]
[2019.11.21-18.25.38:540][131]LogConfig: Setting CVar [[r.Shadow.DistanceScale:0.6]]
[2019.11.21-18.25.38:540][131]LogConfig: Setting CVar [[r.Shadow.CSM.TransitionScale:0]]
[2019.11.21-18.25.38:540][131]LogConfig: Setting CVar [[r.Shadow.PreShadowResolutionFactor:0.5]]
[2019.11.21-18.25.38:540][131]LogConfig: Setting CVar [[r.DistanceFieldShadowing:0]]
[2019.11.21-18.25.38:540][131]LogConfig: Setting CVar [[r.DistanceFieldAO:0]]
[2019.11.21-18.25.38:540][131]LogConfig: Setting CVar [[r.VolumetricFog:0]]
[2019.11.21-18.25.38:540][131]LogConfig: Setting CVar [[r.LightMaxDrawDistanceScale:0]]
[2019.11.21-18.25.38:540][131]LogConfig: Setting CVar [[r.CapsuleShadows:0]]
[2019.11.21-18.25.38:540][131]LogConfig: Applying CVar settings from Section [PostProcessQuality@0] File [D:/Unreal/FPSProject 4.23/Saved/Config/Windows/Scalability.ini]
[2019.11.21-18.25.38:540][131]LogConfig: Setting CVar [[r.MotionBlurQuality:0]]
[2019.11.21-18.25.38:540][131]LogConfig: Setting CVar [[r.AmbientOcclusionMipLevelFactor:1.0]]
[2019.11.21-18.25.38:540][131]LogConfig: Setting CVar [[r.AmbientOcclusionMaxQuality:0]]
[2019.11.21-18.25.38:540][131]LogConfig: Setting CVar [[r.AmbientOcclusionLevels:0]]
[2019.11.21-18.25.38:540][131]LogConfig: Setting CVar [[r.AmbientOcclusionRadiusScale:1.2]]
[2019.11.21-18.25.38:541][131]LogConfig: Setting CVar [[r.DepthOfFieldQuality:0]]
[2019.11.21-18.25.38:541][131]LogConfig: Setting CVar [[r.RenderTargetPoolMin:300]]
[2019.11.21-18.25.38:541][131]LogConfig: Setting CVar [[r.LensFlareQuality:0]]
[2019.11.21-18.25.38:541][131]LogConfig: Setting CVar [[r.SceneColorFringeQuality:0]]
[2019.11.21-18.25.38:541][131]LogConfig: Setting CVar [[r.EyeAdaptationQuality:0]]
[2019.11.21-18.25.38:541][131]LogConfig: Setting CVar [[r.BloomQuality:4]]
[2019.11.21-18.25.38:541][131]LogConfig: Setting CVar [[r.FastBlurThreshold:0]]
[2019.11.21-18.25.38:541][131]LogConfig: Setting CVar [[r.Upscale.Quality:1]]
[2019.11.21-18.25.38:541][131]LogConfig: Setting CVar [[r.Tonemapper.GrainQuantization:0]]
[2019.11.21-18.25.38:541][131]LogConfig: Setting CVar [[r.LightShaftQuality:0]]
[2019.11.21-18.25.38:541][131]LogConfig: Setting CVar [[r.Filter.SizeScale:0.6]]
[2019.11.21-18.25.38:541][131]LogConfig: Setting CVar [[r.Tonemapper.Quality:0]]
[2019.11.21-18.25.38:541][131]LogConfig: Applying CVar settings from Section [TextureQuality@0] File [D:/Unreal/FPSProject 4.23/Saved/Config/Windows/Scalability.ini]
[2019.11.21-18.25.38:541][131]LogConfig: Setting CVar [[r.Streaming.MipBias:16]]
[2019.11.21-18.25.38:541][131]LogConfig: Setting CVar [[r.Streaming.AmortizeCPUToGPUCopy:1]]
[2019.11.21-18.25.38:541][131]LogConfig: Setting CVar [[r.Streaming.MaxNumTexturesToStreamPerFrame:1]]
[2019.11.21-18.25.38:541][131]LogConfig: Setting CVar [[r.Streaming.Boost:0.3]]
[2019.11.21-18.25.38:541][131]LogConfig: Setting CVar [[r.MaxAnisotropy:0]]
[2019.11.21-18.25.38:541][131]LogConfig: Setting CVar [[r.Streaming.LimitPoolSizeToVRAM:1]]
[2019.11.21-18.25.38:541][131]LogConfig: Setting CVar [[r.Streaming.PoolSize:400]]
[2019.11.21-18.25.38:541][131]LogConfig: Setting CVar [[r.Streaming.MaxEffectiveScreenSize:0]]
[2019.11.21-18.25.38:541][131]LogConfig: Applying CVar settings from Section [EffectsQuality@0] File [D:/Unreal/FPSProject 4.23/Saved/Config/Windows/Scalability.ini]
[2019.11.21-18.25.38:541][131]LogConfig: Setting CVar [[r.TranslucencyLightingVolumeDim:24]]
[2019.11.21-18.25.38:541][131]LogConfig: Setting CVar [[r.RefractionQuality:0]]
[2019.11.21-18.25.38:541][131]LogConfig: Setting CVar [[r.SSR.Quality:0]]
[2019.11.21-18.25.38:541][131]LogConfig: Setting CVar [[r.SceneColorFormat:3]]
[2019.11.21-18.25.38:541][131]LogConfig: Setting CVar [[r.DetailMode:0]]
[2019.11.21-18.25.38:541][131]LogConfig: Setting CVar [[r.TranslucencyVolumeBlur:0]]
[2019.11.21-18.25.38:541][131]LogConfig: Setting CVar [[r.MaterialQualityLevel:0 ; Low quality]]
[2019.11.21-18.25.38:541][131]LogConfig: Setting CVar [[r.SSS.Scale:0]]
[2019.11.21-18.25.38:541][131]LogConfig: Setting CVar [[r.SSS.SampleSet:0]]
[2019.11.21-18.25.38:542][131]LogConfig: Setting CVar [[r.SSS.Quality:0]]
[2019.11.21-18.25.38:542][131]LogConfig: Setting CVar [[r.SSS.HalfRes:1]]
[2019.11.21-18.25.38:542][131]LogConfig: Setting CVar [[r.EmitterSpawnRateScale:0.125]]
[2019.11.21-18.25.38:542][131]LogConfig: Setting CVar [[r.ParticleLightQuality:0]]
[2019.11.21-18.25.38:542][131]LogConfig: Applying CVar settings from Section [FoliageQuality@0] File [D:/Unreal/FPSProject 4.23/Saved/Config/Windows/Scalability.ini]
[2019.11.21-18.25.38:542][131]LogConfig: Setting CVar [[foliage.DensityScale:0]]
[2019.11.21-18.25.38:542][131]LogConfig: Setting CVar [[grass.DensityScale:0]]
[2019.11.21-18.25.38:582][131]LogMaterial: Display: Missing cached shader map for material WorldGridMaterial, compiling. Is special engine material.
