Log file open, 10/11/19 11:00:45
LogWindows: Failed to load 'aqProf.dll' (GetLastError=126)
LogWindows: File 'aqProf.dll' does not exist
LogWindows: Failed to load 'VtuneApi.dll' (GetLastError=126)
LogWindows: File 'VtuneApi.dll' does not exist
LogWindows: Failed to load 'VtuneApi32e.dll' (GetLastError=126)
LogWindows: File 'VtuneApi32e.dll' does not exist
LogConsoleResponse: Display: Failed to find resolution value strings in scalability ini. Falling back to default.
LogInit: Display: Running engine for game: HowTo_PlayerCamera
LogPakFile: Registered encryption key '00000000000000000000000000000000': 0 pak files mounted, 0 remain pending
LogPlatformFile: Not using cached read wrapper
LogTaskGraph: Started task graph with 5 named threads and 23 total threads with 3 sets of task threads.
LogStats: Stats thread started at 0.384478
LogD3D11RHI: Loaded GFSDK_Aftermath_Lib.x64.dll
LogICUInternationalization: ICU TimeZone Detection - Raw Offset: +0:00, Platform Override: ''
LogPluginManager: Mounting plugin Paper2D
LogPluginManager: Mounting plugin AISupport
LogPluginManager: Mounting plugin LightPropagationVolume
LogPluginManager: Mounting plugin ActorLayerUtilities
LogPluginManager: Mounting plugin CLionSourceCodeAccess
LogPluginManager: Mounting plugin CodeLiteSourceCodeAccess
LogPluginManager: Mounting plugin GitSourceControl
LogPluginManager: Mounting plugin KDevelopSourceCodeAccess
LogPluginManager: Mounting plugin NullSourceCodeAccess
LogPluginManager: Mounting plugin PerforceSourceControl
LogPluginManager: Mounting plugin SubversionSourceControl
LogPluginManager: Mounting plugin UObjectPlugin
LogPluginManager: Mounting plugin VisualStudioCodeSourceCodeAccess
LogPluginManager: Mounting plugin VisualStudioSourceCodeAccess
LogPluginManager: Mounting plugin XCodeSourceCodeAccess
LogPluginManager: Mounting plugin AssetManagerEditor
LogPluginManager: Mounting plugin CryptoKeys
LogPluginManager: Mounting plugin DataValidation
LogPluginManager: Mounting plugin EditorScriptingUtilities
LogPluginManager: Mounting plugin FacialAnimation
LogPluginManager: Mounting plugin GameplayTagsEditor
LogPluginManager: Mounting plugin MacGraphicsSwitching
LogPluginManager: Mounting plugin MeshEditor
LogPluginManager: Mounting plugin MobileLauncherProfileWizard
LogPluginManager: Mounting plugin PluginBrowser
LogPluginManager: Mounting plugin SpeedTreeImporter
LogPluginManager: Mounting plugin DatasmithContent
LogPluginManager: Mounting plugin VariantManagerContent
LogPluginManager: Mounting plugin AlembicImporter
LogPluginManager: Mounting plugin AppleImageUtils
LogPluginManager: Mounting plugin AppleVision
LogPluginManager: Mounting plugin BackChannel
LogPluginManager: Mounting plugin CharacterAI
LogPluginManager: Mounting plugin GeometryCache
LogPluginManager: Mounting plugin HTML5Networking
LogPluginManager: Mounting plugin ProxyLODPlugin
LogPluginManager: Mounting plugin MagicLeap
LogPluginManager: Mounting plugin MagicLeapMedia
LogPluginManager: Mounting plugin AndroidMedia
LogPluginManager: Mounting plugin AvfMedia
LogPluginManager: Mounting plugin ImgMedia
LogPluginManager: Mounting plugin LinearTimecode
LogPluginManager: Mounting plugin MediaCompositing
LogPluginManager: Mounting plugin MediaPlayerEditor
LogPluginManager: Mounting plugin WebMMedia
LogPluginManager: Mounting plugin WmfMedia
LogPluginManager: Mounting plugin TcpMessaging
LogPluginManager: Mounting plugin UdpMessaging
LogPluginManager: Mounting plugin ActorSequence
LogPluginManager: Mounting plugin LevelSequenceEditor
LogPluginManager: Mounting plugin MatineeToLevelSequence
LogPluginManager: Mounting plugin NetcodeUnitTest
LogPluginManager: Mounting plugin NUTUnrealEngine4
LogPluginManager: Mounting plugin OnlineSubsystemGooglePlay
LogPluginManager: Mounting plugin OnlineSubsystemIOS
LogPluginManager: Mounting plugin OnlineSubsystem
LogPluginManager: Mounting plugin OnlineSubsystemNull
LogPluginManager: Mounting plugin OnlineSubsystemUtils
LogPluginManager: Mounting plugin LauncherChunkInstaller
LogPluginManager: Mounting plugin AndroidDeviceProfileSelector
LogPluginManager: Mounting plugin AndroidMoviePlayer
LogPluginManager: Mounting plugin AndroidPermission
LogPluginManager: Mounting plugin AppleMoviePlayer
LogPluginManager: Mounting plugin ArchVisCharacter
LogPluginManager: Mounting plugin AudioCapture
LogPluginManager: Mounting plugin CableComponent
LogPluginManager: Mounting plugin CustomMeshComponent
LogPluginManager: Mounting plugin EditableMesh
LogPluginManager: Mounting plugin ExampleDeviceProfileSelector
LogPluginManager: Mounting plugin Firebase
LogPluginManager: Mounting plugin GoogleCloudMessaging
LogPluginManager: Mounting plugin IOSDeviceProfileSelector
LogPluginManager: Mounting plugin LinuxDeviceProfileSelector
LogPluginManager: Mounting plugin LocationServicesBPLibrary
LogPluginManager: Mounting plugin MobilePatchingUtils
LogPluginManager: Mounting plugin OculusVR
LogPluginManager: Mounting plugin PhysXVehicles
LogPluginManager: Mounting plugin ProceduralMeshComponent
LogPluginManager: Mounting plugin RuntimePhysXCooking
LogPluginManager: Mounting plugin SteamVR
LogPluginManager: Mounting plugin WebMMoviePlayer
LogPluginManager: Mounting plugin WindowsMoviePlayer
LogPluginManager: Mounting plugin DatasmithCADImporter
LogPluginManager: Mounting plugin DatasmithFBXImporter
LogPluginManager: Mounting plugin DatasmithImporter
LogPluginManager: Mounting plugin MDLImporter
LogPluginManager: Mounting plugin StaticMeshEditorExtension
LogPluginManager: Mounting plugin VariantManager
LogStreaming: Display: Took  0.189s to configure plugins.
LogInit: Using libcurl 7.55.1-DEV
LogInit:  - built for x86_64-pc-win32
LogInit:  - supports SSL with OpenSSL/1.0.2h
LogInit:  - supports HTTP deflate (compression) using libz 1.2.8
LogInit:  - other features:
LogInit:      CURL_VERSION_SSL
LogInit:      CURL_VERSION_LIBZ
LogInit:      CURL_VERSION_IPV6
LogInit:      CURL_VERSION_ASYNCHDNS
LogInit:      CURL_VERSION_LARGEFILE
LogInit:      CURL_VERSION_IDN
LogInit:  CurlRequestOptions (configurable via config and command line):
LogInit:  - bVerifyPeer = true  - Libcurl will verify peer certificate
LogInit:  - bUseHttpProxy = false  - Libcurl will NOT use HTTP proxy
LogInit:  - bDontReuseConnections = false  - Libcurl will reuse connections
LogInit:  - MaxHostConnections = 16  - Libcurl will limit the number of connections to a host
LogInit:  - LocalHostAddr = Default
LogInit:  - BufferSize = 65536
LogInit: WinSock: version 1.1 (2.2), MaxSocks=32767, MaxUdp=65467
LogInit: Build: ++UE4+Release-4.21-CL-4753647
LogInit: Engine Version: 4.21.2-4753647+++UE4+Release-4.21
LogInit: Compatible Engine Version: 4.21.0-4541578+++UE4+Release-4.21
LogInit: Net CL: 4541578
LogInit: OS: Windows 10 (), CPU: Intel(R) Core(TM) i7-7700 CPU @ 3.60GHz, GPU: NVIDIA GeForce GTX 1070
LogInit: Compiled (64-bit): Jan 19 2019 02:07:31
LogInit: Compiled with Visual C++: 19.13.26129.00
LogInit: Build Configuration: DebugGame
LogInit: Branch Name: ++UE4+Release-4.21
LogInit: Command Line:  -skipcompile
LogInit: Base Directory: C:/Program Files/Epic Games/UE_4.21/Engine/Binaries/Win64/
LogInit: Installed Engine Build: 1
LogDevObjectVersion: Number of dev versions registered: 22
LogDevObjectVersion:   Dev-Blueprints (B0D832E4-1F89-4F0D-ACCF-7EB736FD4AA2): 10
LogDevObjectVersion:   Dev-Build (E1C64328-A22C-4D53-A36C-8E866417BD8C): 0
LogDevObjectVersion:   Dev-Core (375EC13C-06E4-48FB-B500-84F0262A717E): 2
LogDevObjectVersion:   Dev-Editor (E4B068ED-F494-42E9-A231-DA0B2E46BB41): 26
LogDevObjectVersion:   Dev-Framework (CFFC743F-43B0-4480-9391-14DF171D2073): 34
LogDevObjectVersion:   Dev-Mobile (B02B49B5-BB20-44E9-A304-32B752E40360): 2
LogDevObjectVersion:   Dev-Networking (A4E4105C-59A1-49B5-A7C5-40C4547EDFEE): 0
LogDevObjectVersion:   Dev-Online (39C831C9-5AE6-47DC-9A44-9C173E1C8E7C): 0
LogDevObjectVersion:   Dev-Physics (78F01B33-EBEA-4F98-B9B4-84EACCB95AA2): 0
LogDevObjectVersion:   Dev-Platform (6631380F-2D4D-43E0-8009-CF276956A95A): 0
LogDevObjectVersion:   Dev-Rendering (12F88B9F-8875-4AFC-A67C-D90C383ABD29): 27
LogDevObjectVersion:   Dev-Sequencer (7B5AE74C-D270-4C10-A958-57980B212A5A): 9
LogDevObjectVersion:   Dev-VR (D7296918-1DD6-4BDD-9DE2-64A83CC13884): 2
LogDevObjectVersion:   Dev-LoadTimes (C2A15278-BFE7-4AFE-6C17-90FF531DF755): 1
LogDevObjectVersion:   Private-Geometry (6EACA3D4-40EC-4CC1-B786-8BED09428FC5): 3
LogDevObjectVersion:   Dev-AnimPhys (29E575DD-E0A3-4627-9D10-D276232CDCEA): 17
LogDevObjectVersion:   Dev-Anim (AF43A65D-7FD3-4947-9873-3E8ED9C1BB05): 2
LogDevObjectVersion:   Dev-ReflectionCapture (6B266CEC-1EC7-4B8F-A30B-E4D90942FC07): 1
LogDevObjectVersion:   Dev-Automation (0DF73D61-A23F-47EA-B727-89E90C41499A): 1
LogDevObjectVersion:   FortniteMain (601D1886-AC64-4F84-AA16-D3DE0DEAC7D6): 17
LogDevObjectVersion:   Dev-Enterprise (9DFFBCD6-494F-0158-E221-12823C92A888): 4
LogDevObjectVersion:   Dev-Niagara (F2AED0AC-9AFE-416F-8664-AA7FFA26D6FC): 1
LogStreaming: Display: Took  0.000s to delete old logs.
LogInit: Presizing for max 8388607 objects, including 0 objects not considered by GC, pre-allocating 0 bytes for permanent pool.
LogInit: Object subsystem initialized
LogConfig: Setting CVar [[con.DebugEarlyDefault:1]]
LogConfig: Setting CVar [[r.setres:1280x720]]
[2019.10.11-10.00.45:832][  0]LogConfig: Setting CVar [[r.VSync:0]]
[2019.10.11-10.00.45:833][  0]LogConfig: Setting CVar [[r.RHICmdBypass:0]]
[2019.10.11-10.00.45:833][  0]LogConfig: Applying CVar settings from Section [/Script/Engine.RendererSettings] File [C:/Work/ZR/HowTo_PlayerCamera/Saved/Config/Windows/Engine.ini]
[2019.10.11-10.00.45:833][  0]LogConfig: Setting CVar [[r.GPUCrashDebugging:0]]
[2019.10.11-10.00.45:833][  0]LogConfig: Applying CVar settings from Section [/Script/Engine.RendererOverrideSettings] File [C:/Work/ZR/HowTo_PlayerCamera/Saved/Config/Windows/Engine.ini]
[2019.10.11-10.00.45:833][  0]LogConfig: Applying CVar settings from Section [/Script/Engine.StreamingSettings] File [C:/Work/ZR/HowTo_PlayerCamera/Saved/Config/Windows/Engine.ini]
[2019.10.11-10.00.45:833][  0]LogConfig: Setting CVar [[s.MinBulkDataSizeForAsyncLoading:131072]]
[2019.10.11-10.00.45:833][  0]LogConfig: Setting CVar [[s.AsyncLoadingThreadEnabled:0]]
[2019.10.11-10.00.45:833][  0]LogConfig: Setting CVar [[s.EventDrivenLoaderEnabled:1]]
[2019.10.11-10.00.45:833][  0]LogConfig: Setting CVar [[s.WarnIfTimeLimitExceeded:0]]
[2019.10.11-10.00.45:833][  0]LogConfig: Setting CVar [[s.TimeLimitExceededMultiplier:1.5]]
[2019.10.11-10.00.45:833][  0]LogConfig: Setting CVar [[s.TimeLimitExceededMinTime:0.005]]
[2019.10.11-10.00.45:833][  0]LogConfig: Setting CVar [[s.UseBackgroundLevelStreaming:1]]
[2019.10.11-10.00.45:833][  0]LogConfig: Setting CVar [[s.PriorityAsyncLoadingExtraTime:15.0]]
[2019.10.11-10.00.45:833][  0]LogConfig: Setting CVar [[s.LevelStreamingActorsUpdateTimeLimit:5.0]]
[2019.10.11-10.00.45:833][  0]LogConfig: Setting CVar [[s.PriorityLevelStreamingActorsUpdateExtraTime:5.0]]
[2019.10.11-10.00.45:834][  0]LogConfig: Setting CVar [[s.LevelStreamingComponentsRegistrationGranularity:10]]
[2019.10.11-10.00.45:834][  0]LogConfig: Setting CVar [[s.UnregisterComponentsTimeLimit:1.0]]
[2019.10.11-10.00.45:834][  0]LogConfig: Setting CVar [[s.LevelStreamingComponentsUnregistrationGranularity:5]]
[2019.10.11-10.00.45:834][  0]LogConfig: Applying CVar settings from Section [/Script/Engine.GarbageCollectionSettings] File [C:/Work/ZR/HowTo_PlayerCamera/Saved/Config/Windows/Engine.ini]
[2019.10.11-10.00.45:834][  0]LogConfig: Setting CVar [[gc.MaxObjectsNotConsideredByGC:1]]
[2019.10.11-10.00.45:834][  0]LogConfig: Setting CVar [[gc.SizeOfPermanentObjectPool:0]]
[2019.10.11-10.00.45:834][  0]LogConfig: Setting CVar [[gc.FlushStreamingOnGC:0]]
[2019.10.11-10.00.45:834][  0]LogConfig: Setting CVar [[gc.NumRetriesBeforeForcingGC:10]]
[2019.10.11-10.00.45:834][  0]LogConfig: Setting CVar [[gc.AllowParallelGC:1]]
[2019.10.11-10.00.45:834][  0]LogConfig: Setting CVar [[gc.TimeBetweenPurgingPendingKillObjects:61.1]]
[2019.10.11-10.00.45:834][  0]LogConfig: Setting CVar [[gc.MaxObjectsInEditor:8388607]]
[2019.10.11-10.00.45:834][  0]LogConfig: Setting CVar [[gc.IncrementalBeginDestroyEnabled:1]]
[2019.10.11-10.00.45:834][  0]LogConfig: Setting CVar [[gc.CreateGCClusters:1]]
[2019.10.11-10.00.45:834][  0]LogConfig: Setting CVar [[gc.MergeGCClusters:0]]
[2019.10.11-10.00.45:834][  0]LogConfig: Setting CVar [[gc.MinGCClusterSize:5]]
[2019.10.11-10.00.45:834][  0]LogConfig: Setting CVar [[gc.ActorClusteringEnabled:0]]
[2019.10.11-10.00.45:834][  0]LogConfig: Setting CVar [[gc.BlueprintClusteringEnabled:0]]
[2019.10.11-10.00.45:834][  0]LogConfig: Setting CVar [[gc.UseDisregardForGCOnDedicatedServers:0]]
[2019.10.11-10.00.45:834][  0]LogConfig: Applying CVar settings from Section [/Script/Engine.NetworkSettings] File [C:/Work/ZR/HowTo_PlayerCamera/Saved/Config/Windows/Engine.ini]
[2019.10.11-10.00.45:834][  0]LogConfig: Applying CVar settings from Section [/Script/UnrealEd.CookerSettings] File [C:/Work/ZR/HowTo_PlayerCamera/Saved/Config/Windows/Engine.ini]
[2019.10.11-10.00.45:845][  0]LogConfig: Applying CVar settings from Section [ViewDistanceQuality@3] File [C:/Work/ZR/HowTo_PlayerCamera/Saved/Config/Windows/Scalability.ini]
[2019.10.11-10.00.45:845][  0]LogConfig: Setting CVar [[r.SkeletalMeshLODBias:0]]
[2019.10.11-10.00.45:845][  0]LogConfig: Setting CVar [[r.ViewDistanceScale:1.0]]
[2019.10.11-10.00.45:846][  0]LogConfig: Applying CVar settings from Section [AntiAliasingQuality@3] File [C:/Work/ZR/HowTo_PlayerCamera/Saved/Config/Windows/Scalability.ini]
[2019.10.11-10.00.45:846][  0]LogConfig: Setting CVar [[r.PostProcessAAQuality:4]]
[2019.10.11-10.00.45:846][  0]LogConfig: Applying CVar settings from Section [ShadowQuality@3] File [C:/Work/ZR/HowTo_PlayerCamera/Saved/Config/Windows/Scalability.ini]
[2019.10.11-10.00.45:846][  0]LogConfig: Setting CVar [[r.LightFunctionQuality:1]]
[2019.10.11-10.00.45:846][  0]LogConfig: Setting CVar [[r.ShadowQuality:5]]
[2019.10.11-10.00.45:846][  0]LogConfig: Setting CVar [[r.Shadow.CSM.MaxCascades:10]]
[2019.10.11-10.00.45:846][  0]LogConfig: Setting CVar [[r.Shadow.MaxResolution:2048]]
[2019.10.11-10.00.45:846][  0]LogConfig: Setting CVar [[r.Shadow.MaxCSMResolution:2048]]
[2019.10.11-10.00.45:846][  0]LogConfig: Setting CVar [[r.Shadow.RadiusThreshold:0.01]]
[2019.10.11-10.00.45:847][  0]LogConfig: Setting CVar [[r.Shadow.DistanceScale:1.0]]
[2019.10.11-10.00.45:847][  0]LogConfig: Setting CVar [[r.Shadow.CSM.TransitionScale:1.0]]
[2019.10.11-10.00.45:847][  0]LogConfig: Setting CVar [[r.Shadow.PreShadowResolutionFactor:1.0]]
[2019.10.11-10.00.45:847][  0]LogConfig: Setting CVar [[r.DistanceFieldShadowing:1]]
[2019.10.11-10.00.45:847][  0]LogConfig: Setting CVar [[r.DistanceFieldAO:1]]
[2019.10.11-10.00.45:847][  0]LogConfig: Setting CVar [[r.AOQuality:2]]
[2019.10.11-10.00.45:847][  0]LogConfig: Setting CVar [[r.VolumetricFog:1]]
[2019.10.11-10.00.45:847][  0]LogConfig: Setting CVar [[r.VolumetricFog.GridPixelSize:8]]
[2019.10.11-10.00.45:848][  0]LogConfig: Setting CVar [[r.VolumetricFog.GridSizeZ:128]]
[2019.10.11-10.00.45:848][  0]LogConfig: Setting CVar [[r.VolumetricFog.HistoryMissSupersampleCount:4]]
[2019.10.11-10.00.45:848][  0]LogConfig: Setting CVar [[r.LightMaxDrawDistanceScale:1]]
[2019.10.11-10.00.45:848][  0]LogConfig: Setting CVar [[r.CapsuleShadows:1]]
[2019.10.11-10.00.45:848][  0]LogConfig: Applying CVar settings from Section [PostProcessQuality@3] File [C:/Work/ZR/HowTo_PlayerCamera/Saved/Config/Windows/Scalability.ini]
[2019.10.11-10.00.45:848][  0]LogConfig: Setting CVar [[r.MotionBlurQuality:4]]
[2019.10.11-10.00.45:848][  0]LogConfig: Setting CVar [[r.AmbientOcclusionMipLevelFactor:0.4]]
[2019.10.11-10.00.45:848][  0]LogConfig: Setting CVar [[r.AmbientOcclusionMaxQuality:100]]
[2019.10.11-10.00.45:848][  0]LogConfig: Setting CVar [[r.AmbientOcclusionLevels:-1]]
[2019.10.11-10.00.45:848][  0]LogConfig: Setting CVar [[r.AmbientOcclusionRadiusScale:1.0]]
[2019.10.11-10.00.45:848][  0]LogConfig: Setting CVar [[r.DepthOfFieldQuality:2]]
[2019.10.11-10.00.45:848][  0]LogConfig: Setting CVar [[r.RenderTargetPoolMin:400]]
[2019.10.11-10.00.45:849][  0]LogConfig: Setting CVar [[r.LensFlareQuality:2]]
[2019.10.11-10.00.45:849][  0]LogConfig: Setting CVar [[r.SceneColorFringeQuality:1]]
[2019.10.11-10.00.45:849][  0]LogConfig: Setting CVar [[r.EyeAdaptationQuality:2]]
[2019.10.11-10.00.45:849][  0]LogConfig: Setting CVar [[r.BloomQuality:5]]
[2019.10.11-10.00.45:849][  0]LogConfig: Setting CVar [[r.FastBlurThreshold:100]]
[2019.10.11-10.00.45:849][  0]LogConfig: Setting CVar [[r.Upscale.Quality:3]]
[2019.10.11-10.00.45:849][  0]LogConfig: Setting CVar [[r.Tonemapper.GrainQuantization:1]]
[2019.10.11-10.00.45:849][  0]LogConfig: Setting CVar [[r.LightShaftQuality:1]]
[2019.10.11-10.00.45:849][  0]LogConfig: Setting CVar [[r.Filter.SizeScale:1]]
[2019.10.11-10.00.45:849][  0]LogConfig: Setting CVar [[r.Tonemapper.Quality:5]]
[2019.10.11-10.00.45:849][  0]LogConfig: Setting CVar [[r.DOF.Gather.AccumulatorQuality:1        ; higher gathering accumulator quality]]
[2019.10.11-10.00.45:849][  0]LogConfig: Setting CVar [[r.DOF.Gather.PostfilterMethod:1          ; Median3x3 postfilering method]]
[2019.10.11-10.00.45:849][  0]LogConfig: Setting CVar [[r.DOF.Gather.EnableBokehSettings:0       ; no bokeh simulation when gathering]]
[2019.10.11-10.00.45:849][  0]LogConfig: Setting CVar [[r.DOF.Gather.RingCount:4                 ; medium number of samples when gathering]]
[2019.10.11-10.00.45:850][  0]LogConfig: Setting CVar [[r.DOF.Scatter.ForegroundCompositing:1    ; additive foreground scattering]]
[2019.10.11-10.00.45:850][  0]LogConfig: Setting CVar [[r.DOF.Scatter.BackgroundCompositing:2    ; additive background scattering]]
[2019.10.11-10.00.45:850][  0]LogConfig: Setting CVar [[r.DOF.Scatter.EnableBokehSettings:1      ; bokeh simulation when scattering]]
[2019.10.11-10.00.45:850][  0]LogConfig: Setting CVar [[r.DOF.Scatter.MaxSpriteRatio:0.1         ; only a maximum of 10% of scattered bokeh]]
[2019.10.11-10.00.45:850][  0]LogConfig: Setting CVar [[r.DOF.Recombine.Quality:1                ; cheap slight out of focus]]
[2019.10.11-10.00.45:850][  0]LogConfig: Setting CVar [[r.DOF.Recombine.EnableBokehSettings:0    ; no bokeh simulation on slight out of focus]]
[2019.10.11-10.00.45:850][  0]LogConfig: Setting CVar [[r.DOF.TemporalAAQuality:1                ; more stable temporal accumulation]]
[2019.10.11-10.00.45:850][  0]LogConfig: Setting CVar [[r.DOF.Kernel.MaxForegroundRadius:0.025]]
[2019.10.11-10.00.45:850][  0]LogConfig: Setting CVar [[r.DOF.Kernel.MaxBackgroundRadius:0.025]]
[2019.10.11-10.00.45:850][  0]LogConfig: Applying CVar settings from Section [TextureQuality@3] File [C:/Work/ZR/HowTo_PlayerCamera/Saved/Config/Windows/Scalability.ini]
[2019.10.11-10.00.45:850][  0]LogConfig: Setting CVar [[r.Streaming.MipBias:0]]
[2019.10.11-10.00.45:850][  0]LogConfig: Setting CVar [[r.Streaming.AmortizeCPUToGPUCopy:0]]
[2019.10.11-10.00.45:850][  0]LogConfig: Setting CVar [[r.Streaming.MaxNumTexturesToStreamPerFrame:0]]
[2019.10.11-10.00.45:850][  0]LogConfig: Setting CVar [[r.Streaming.Boost:1]]
[2019.10.11-10.00.45:850][  0]LogConfig: Setting CVar [[r.MaxAnisotropy:8]]
[2019.10.11-10.00.45:850][  0]LogConfig: Setting CVar [[r.Streaming.LimitPoolSizeToVRAM:0]]
[2019.10.11-10.00.45:850][  0]LogConfig: Setting CVar [[r.Streaming.PoolSize:1000]]
[2019.10.11-10.00.45:850][  0]LogConfig: Setting CVar [[r.Streaming.MaxEffectiveScreenSize:0]]
[2019.10.11-10.00.45:851][  0]LogConfig: Applying CVar settings from Section [EffectsQuality@3] File [C:/Work/ZR/HowTo_PlayerCamera/Saved/Config/Windows/Scalability.ini]
[2019.10.11-10.00.45:851][  0]LogConfig: Setting CVar [[r.TranslucencyLightingVolumeDim:64]]
[2019.10.11-10.00.45:851][  0]LogConfig: Setting CVar [[r.RefractionQuality:2]]
[2019.10.11-10.00.45:851][  0]LogConfig: Setting CVar [[r.SSR.Quality:3]]
[2019.10.11-10.00.45:851][  0]LogConfig: Setting CVar [[r.SceneColorFormat:4]]
[2019.10.11-10.00.45:851][  0]LogConfig: Setting CVar [[r.DetailMode:2]]
[2019.10.11-10.00.45:851][  0]LogConfig: Setting CVar [[r.TranslucencyVolumeBlur:1]]
[2019.10.11-10.00.45:851][  0]LogConfig: Setting CVar [[r.MaterialQualityLevel:1 ; High quality]]
[2019.10.11-10.00.45:851][  0]LogConfig: Setting CVar [[r.SSS.Scale:1]]
[2019.10.11-10.00.45:851][  0]LogConfig: Setting CVar [[r.SSS.SampleSet:2]]
[2019.10.11-10.00.45:851][  0]LogConfig: Setting CVar [[r.SSS.Quality:1]]
[2019.10.11-10.00.45:851][  0]LogConfig: Setting CVar [[r.SSS.HalfRes:1]]
[2019.10.11-10.00.45:851][  0]LogConfig: Setting CVar [[r.EmitterSpawnRateScale:1.0]]
[2019.10.11-10.00.45:851][  0]LogConfig: Setting CVar [[r.ParticleLightQuality:2]]
[2019.10.11-10.00.45:851][  0]LogConfig: Applying CVar settings from Section [FoliageQuality@3] File [C:/Work/ZR/HowTo_PlayerCamera/Saved/Config/Windows/Scalability.ini]
[2019.10.11-10.00.45:851][  0]LogConfig: Setting CVar [[foliage.DensityScale:1.0]]
[2019.10.11-10.00.45:851][  0]LogConfig: Setting CVar [[grass.DensityScale:1.0]]
[2019.10.11-10.00.45:852][  0]LogInit: Selected Device Profile: [Windows]
[2019.10.11-10.00.45:852][  0]LogInit: Applying CVar settings loaded from the selected device profile: [Windows]
[2019.10.11-10.00.45:860][  0]LogHAL: Display: Platform has ~ 16 GB [17027514368 / 17179869184 / 16], which maps to Larger [LargestMinGB=32, LargerMinGB=12, DefaultMinGB=8, SmallerMinGB=6, SmallestMinGB=0)
[2019.10.11-10.00.45:860][  0]LogConfig: Setting CVar [[r.Vulkan.UseRealUBs:1]]
[2019.10.11-10.00.45:860][  0]LogInit: Going up to parent DeviceProfile []
[2019.10.11-10.00.45:860][  0]LogConfig: Applying CVar settings from Section [ViewDistanceQuality@3] File [C:/Work/ZR/HowTo_PlayerCamera/Saved/Config/Windows/Scalability.ini]
[2019.10.11-10.00.45:860][  0]LogConfig: Setting CVar [[r.SkeletalMeshLODBias:0]]
[2019.10.11-10.00.45:860][  0]LogConfig: Setting CVar [[r.ViewDistanceScale:1.0]]
[2019.10.11-10.00.45:860][  0]LogConfig: Applying CVar settings from Section [AntiAliasingQuality@3] File [C:/Work/ZR/HowTo_PlayerCamera/Saved/Config/Windows/Scalability.ini]
[2019.10.11-10.00.45:860][  0]LogConfig: Setting CVar [[r.PostProcessAAQuality:4]]
[2019.10.11-10.00.45:861][  0]LogConfig: Applying CVar settings from Section [ShadowQuality@3] File [C:/Work/ZR/HowTo_PlayerCamera/Saved/Config/Windows/Scalability.ini]
[2019.10.11-10.00.45:861][  0]LogConfig: Setting CVar [[r.LightFunctionQuality:1]]
[2019.10.11-10.00.45:861][  0]LogConfig: Setting CVar [[r.ShadowQuality:5]]
[2019.10.11-10.00.45:861][  0]LogConfig: Setting CVar [[r.Shadow.CSM.MaxCascades:10]]
[2019.10.11-10.00.45:861][  0]LogConfig: Setting CVar [[r.Shadow.MaxResolution:2048]]
[2019.10.11-10.00.45:861][  0]LogConfig: Setting CVar [[r.Shadow.MaxCSMResolution:2048]]
[2019.10.11-10.00.45:861][  0]LogConfig: Setting CVar [[r.Shadow.RadiusThreshold:0.01]]
[2019.10.11-10.00.45:861][  0]LogConfig: Setting CVar [[r.Shadow.DistanceScale:1.0]]
[2019.10.11-10.00.45:861][  0]LogConfig: Setting CVar [[r.Shadow.CSM.TransitionScale:1.0]]
[2019.10.11-10.00.45:861][  0]LogConfig: Setting CVar [[r.Shadow.PreShadowResolutionFactor:1.0]]
[2019.10.11-10.00.45:862][  0]LogConfig: Setting CVar [[r.DistanceFieldShadowing:1]]
[2019.10.11-10.00.45:862][  0]LogConfig: Setting CVar [[r.DistanceFieldAO:1]]
[2019.10.11-10.00.45:862][  0]LogConfig: Setting CVar [[r.AOQuality:2]]
[2019.10.11-10.00.45:862][  0]LogConfig: Setting CVar [[r.VolumetricFog:1]]
[2019.10.11-10.00.45:862][  0]LogConfig: Setting CVar [[r.VolumetricFog.GridPixelSize:8]]
[2019.10.11-10.00.45:862][  0]LogConfig: Setting CVar [[r.VolumetricFog.GridSizeZ:128]]
[2019.10.11-10.00.45:862][  0]LogConfig: Setting CVar [[r.VolumetricFog.HistoryMissSupersampleCount:4]]
[2019.10.11-10.00.45:862][  0]LogConfig: Setting CVar [[r.LightMaxDrawDistanceScale:1]]
[2019.10.11-10.00.45:862][  0]LogConfig: Setting CVar [[r.CapsuleShadows:1]]
[2019.10.11-10.00.45:862][  0]LogConfig: Applying CVar settings from Section [PostProcessQuality@3] File [C:/Work/ZR/HowTo_PlayerCamera/Saved/Config/Windows/Scalability.ini]
[2019.10.11-10.00.45:862][  0]LogConfig: Setting CVar [[r.MotionBlurQuality:4]]
[2019.10.11-10.00.45:862][  0]LogConfig: Setting CVar [[r.AmbientOcclusionMipLevelFactor:0.4]]
[2019.10.11-10.00.45:863][  0]LogConfig: Setting CVar [[r.AmbientOcclusionMaxQuality:100]]
[2019.10.11-10.00.45:863][  0]LogConfig: Setting CVar [[r.AmbientOcclusionLevels:-1]]
[2019.10.11-10.00.45:863][  0]LogConfig: Setting CVar [[r.AmbientOcclusionRadiusScale:1.0]]
[2019.10.11-10.00.45:863][  0]LogConfig: Setting CVar [[r.DepthOfFieldQuality:2]]
[2019.10.11-10.00.45:863][  0]LogConfig: Setting CVar [[r.RenderTargetPoolMin:400]]
[2019.10.11-10.00.45:863][  0]LogConfig: Setting CVar [[r.LensFlareQuality:2]]
[2019.10.11-10.00.45:863][  0]LogConfig: Setting CVar [[r.SceneColorFringeQuality:1]]
[2019.10.11-10.00.45:863][  0]LogConfig: Setting CVar [[r.EyeAdaptationQuality:2]]
[2019.10.11-10.00.45:863][  0]LogConfig: Setting CVar [[r.BloomQuality:5]]
[2019.10.11-10.00.45:863][  0]LogConfig: Setting CVar [[r.FastBlurThreshold:100]]
[2019.10.11-10.00.45:863][  0]LogConfig: Setting CVar [[r.Upscale.Quality:3]]
[2019.10.11-10.00.45:864][  0]LogConfig: Setting CVar [[r.Tonemapper.GrainQuantization:1]]
[2019.10.11-10.00.45:864][  0]LogConfig: Setting CVar [[r.LightShaftQuality:1]]
[2019.10.11-10.00.45:864][  0]LogConfig: Setting CVar [[r.Filter.SizeScale:1]]
[2019.10.11-10.00.45:864][  0]LogConfig: Setting CVar [[r.Tonemapper.Quality:5]]
[2019.10.11-10.00.45:864][  0]LogConfig: Setting CVar [[r.DOF.Gather.AccumulatorQuality:1        ; higher gathering accumulator quality]]
[2019.10.11-10.00.45:864][  0]LogConfig: Setting CVar [[r.DOF.Gather.PostfilterMethod:1          ; Median3x3 postfilering method]]
[2019.10.11-10.00.45:864][  0]LogConfig: Setting CVar [[r.DOF.Gather.EnableBokehSettings:0       ; no bokeh simulation when gathering]]
[2019.10.11-10.00.45:864][  0]LogConfig: Setting CVar [[r.DOF.Gather.RingCount:4                 ; medium number of samples when gathering]]
[2019.10.11-10.00.45:864][  0]LogConfig: Setting CVar [[r.DOF.Scatter.ForegroundCompositing:1    ; additive foreground scattering]]
[2019.10.11-10.00.45:864][  0]LogConfig: Setting CVar [[r.DOF.Scatter.BackgroundCompositing:2    ; additive background scattering]]
[2019.10.11-10.00.45:864][  0]LogConfig: Setting CVar [[r.DOF.Scatter.EnableBokehSettings:1      ; bokeh simulation when scattering]]
[2019.10.11-10.00.45:864][  0]LogConfig: Setting CVar [[r.DOF.Scatter.MaxSpriteRatio:0.1         ; only a maximum of 10% of scattered bokeh]]
[2019.10.11-10.00.45:865][  0]LogConfig: Setting CVar [[r.DOF.Recombine.Quality:1                ; cheap slight out of focus]]
[2019.10.11-10.00.45:865][  0]LogConfig: Setting CVar [[r.DOF.Recombine.EnableBokehSettings:0    ; no bokeh simulation on slight out of focus]]
[2019.10.11-10.00.45:865][  0]LogConfig: Setting CVar [[r.DOF.TemporalAAQuality:1                ; more stable temporal accumulation]]
[2019.10.11-10.00.45:865][  0]LogConfig: Setting CVar [[r.DOF.Kernel.MaxForegroundRadius:0.025]]
[2019.10.11-10.00.45:865][  0]LogConfig: Setting CVar [[r.DOF.Kernel.MaxBackgroundRadius:0.025]]
[2019.10.11-10.00.45:865][  0]LogConfig: Applying CVar settings from Section [TextureQuality@3] File [C:/Work/ZR/HowTo_PlayerCamera/Saved/Config/Windows/Scalability.ini]
[2019.10.11-10.00.45:865][  0]LogConfig: Setting CVar [[r.Streaming.MipBias:0]]
[2019.10.11-10.00.45:865][  0]LogConfig: Setting CVar [[r.Streaming.AmortizeCPUToGPUCopy:0]]
[2019.10.11-10.00.45:865][  0]LogConfig: Setting CVar [[r.Streaming.MaxNumTexturesToStreamPerFrame:0]]
[2019.10.11-10.00.45:865][  0]LogConfig: Setting CVar [[r.Streaming.Boost:1]]
[2019.10.11-10.00.45:865][  0]LogConfig: Setting CVar [[r.MaxAnisotropy:8]]
[2019.10.11-10.00.45:866][  0]LogConfig: Setting CVar [[r.Streaming.LimitPoolSizeToVRAM:0]]
[2019.10.11-10.00.45:866][  0]LogConfig: Setting CVar [[r.Streaming.PoolSize:1000]]
[2019.10.11-10.00.45:866][  0]LogConfig: Setting CVar [[r.Streaming.MaxEffectiveScreenSize:0]]
[2019.10.11-10.00.45:866][  0]LogConfig: Applying CVar settings from Section [EffectsQuality@3] File [C:/Work/ZR/HowTo_PlayerCamera/Saved/Config/Windows/Scalability.ini]
[2019.10.11-10.00.45:866][  0]LogConfig: Setting CVar [[r.TranslucencyLightingVolumeDim:64]]
[2019.10.11-10.00.45:866][  0]LogConfig: Setting CVar [[r.RefractionQuality:2]]
[2019.10.11-10.00.45:866][  0]LogConfig: Setting CVar [[r.SSR.Quality:3]]
[2019.10.11-10.00.45:866][  0]LogConfig: Setting CVar [[r.SceneColorFormat:4]]
[2019.10.11-10.00.45:867][  0]LogConfig: Setting CVar [[r.DetailMode:2]]
[2019.10.11-10.00.45:867][  0]LogConfig: Setting CVar [[r.TranslucencyVolumeBlur:1]]
[2019.10.11-10.00.45:867][  0]LogConfig: Setting CVar [[r.MaterialQualityLevel:1 ; High quality]]
[2019.10.11-10.00.45:867][  0]LogConfig: Setting CVar [[r.SSS.Scale:1]]
[2019.10.11-10.00.45:867][  0]LogConfig: Setting CVar [[r.SSS.SampleSet:2]]
[2019.10.11-10.00.45:867][  0]LogConfig: Setting CVar [[r.SSS.Quality:1]]
[2019.10.11-10.00.45:867][  0]LogConfig: Setting CVar [[r.SSS.HalfRes:1]]
[2019.10.11-10.00.45:867][  0]LogConfig: Setting CVar [[r.EmitterSpawnRateScale:1.0]]
[2019.10.11-10.00.45:867][  0]LogConfig: Setting CVar [[r.ParticleLightQuality:2]]
[2019.10.11-10.00.45:867][  0]LogConfig: Applying CVar settings from Section [FoliageQuality@3] File [C:/Work/ZR/HowTo_PlayerCamera/Saved/Config/Windows/Scalability.ini]
[2019.10.11-10.00.45:867][  0]LogConfig: Setting CVar [[foliage.DensityScale:1.0]]
[2019.10.11-10.00.45:868][  0]LogConfig: Setting CVar [[grass.DensityScale:1.0]]
[2019.10.11-10.00.45:868][  0]LogConfig: Applying CVar settings from Section [Startup] File [../../../Engine/Config/ConsoleVariables.ini]
[2019.10.11-10.00.45:868][  0]LogConfig: Setting CVar [[net.UseAdaptiveNetUpdateFrequency:0]]
[2019.10.11-10.00.45:868][  0]LogConfig: Applying CVar settings from Section [ConsoleVariables] File [C:/Work/ZR/HowTo_PlayerCamera/Saved/Config/Windows/Engine.ini]
[2019.10.11-10.00.45:869][  0]LogInit: Computer: SJ504-30
[2019.10.11-10.00.45:869][  0]LogInit: User: u1756073
[2019.10.11-10.00.45:869][  0]LogInit: CPU Page size=4096, Cores=4
[2019.10.11-10.00.45:869][  0]LogInit: High frequency timer resolution =10.000000 MHz
[2019.10.11-10.00.45:869][  0]LogMemory: Memory total: Physical=15.9GB (16GB approx)
[2019.10.11-10.00.45:869][  0]LogMemory: Platform Memory Stats for Windows
[2019.10.11-10.00.45:869][  0]LogMemory: Process Physical Memory: 104.18 MB used, 104.18 MB peak
[2019.10.11-10.00.45:869][  0]LogMemory: Process Virtual Memory: 89.85 MB used, 89.85 MB peak
[2019.10.11-10.00.45:869][  0]LogMemory: Physical Memory: 8559.97 MB used,  7678.73 MB free, 16238.70 MB total
[2019.10.11-10.00.45:869][  0]LogMemory: Virtual Memory: 4649.44 MB used,  134213080.00 MB free, 134217728.00 MB total
[2019.10.11-10.00.46:019][  0]LogInit: Using OS detected language (en-US).
[2019.10.11-10.00.46:019][  0]LogInit: Using OS detected locale (en-GB).
[2019.10.11-10.00.46:020][  0]LogTextLocalizationManager: No specific localization for 'en-US' exists, so the 'en' localization will be used.
[2019.10.11-10.00.46:345][  0]LogStreaming: Display: Took  0.327s to InitEngineTextLocalization.
[2019.10.11-10.00.46:346][  0]LogInit: Setting process to per monitor DPI aware
[2019.10.11-10.00.46:409][  0]LogSlate: New Slate User Created.  User Index 0, Is Virtual User: 0
[2019.10.11-10.00.46:409][  0]LogSlate: Slate User Registered.  User Index 0, Is Virtual User: 0
[2019.10.11-10.00.46:764][  0]LogHMD: Failed to initialize OpenVR with code 110
[2019.10.11-10.00.46:764][  0]LogD3D11RHI: D3D11 adapters:
[2019.10.11-10.00.46:846][  0]LogD3D11RHI:    0. 'NVIDIA GeForce GTX 1070' (Feature Level 11_0)
[2019.10.11-10.00.46:846][  0]LogD3D11RHI:       8088/0/8119 MB DedicatedVideo/DedicatedSystem/SharedSystem, Outputs:2, VendorId:0x10de
[2019.10.11-10.00.46:897][  0]LogD3D11RHI:    1. 'Intel(R) HD Graphics 630' (Feature Level 11_0)
[2019.10.11-10.00.46:897][  0]LogD3D11RHI:       128/0/8119 MB DedicatedVideo/DedicatedSystem/SharedSystem, Outputs:0, VendorId:0x8086
[2019.10.11-10.00.46:903][  0]LogD3D11RHI:    2. 'Microsoft Basic Render Driver' (Feature Level 11_0)
[2019.10.11-10.00.46:904][  0]LogD3D11RHI:       0/0/8119 MB DedicatedVideo/DedicatedSystem/SharedSystem, Outputs:0, VendorId:0x1414
[2019.10.11-10.00.46:904][  0]LogD3D11RHI: Chosen D3D11 Adapter: 0
[2019.10.11-10.00.46:910][  0]LogD3D11RHI: Creating new Direct3DDevice
[2019.10.11-10.00.46:911][  0]LogD3D11RHI:     GPU DeviceId: 0x1b81 (for the marketing name, search the web for "GPU Device Id")
[2019.10.11-10.00.46:911][  0]LogWindows: EnumDisplayDevices:
[2019.10.11-10.00.46:911][  0]LogWindows:    0. 'NVIDIA GeForce GTX 1070' (P:0 D:1)
[2019.10.11-10.00.46:912][  0]LogWindows:    1. 'NVIDIA GeForce GTX 1070' (P:1 D:1)
[2019.10.11-10.00.46:912][  0]LogWindows:    2. 'NVIDIA GeForce GTX 1070' (P:0 D:0)
[2019.10.11-10.00.46:913][  0]LogWindows:    3. 'NVIDIA GeForce GTX 1070' (P:0 D:0)
[2019.10.11-10.00.46:913][  0]LogWindows:    4. 'Intel(R) HD Graphics 630' (P:0 D:0)
[2019.10.11-10.00.46:914][  0]LogWindows:    5. 'Intel(R) HD Graphics 630' (P:0 D:0)
[2019.10.11-10.00.46:914][  0]LogWindows:    6. 'Intel(R) HD Graphics 630' (P:0 D:0)
[2019.10.11-10.00.46:915][  0]LogWindows: DebugString: PrimaryIsNotTheChoosenAdapter PrimaryIsNotTheChoosenAdapter PrimaryIsNotTheChoosenAdapter FoundDriverCount:4 
[2019.10.11-10.00.46:915][  0]LogD3D11RHI:     Adapter Name: NVIDIA GeForce GTX 1070
[2019.10.11-10.00.46:915][  0]LogD3D11RHI:   Driver Version: 430.86 (internal:26.21.14.3086, unified:430.86)
[2019.10.11-10.00.46:915][  0]LogD3D11RHI:      Driver Date: 5-22-2019
[2019.10.11-10.00.46:915][  0]LogRHI: Texture pool is 5661 MB (70% of 8088 MB)
[2019.10.11-10.00.46:971][  0]LogD3D11RHI: Async texture creation enabled
[2019.10.11-10.00.46:983][  0]LogD3D11RHI: GPU Timing Frequency: 1000.000000 (Debug: 2 1)
[2019.10.11-10.00.47:413][  0]LogTemp: Display: Loaded TP AllDesktopTargetPlatform
[2019.10.11-10.00.47:426][  0]LogTemp: Display: Loaded TP MacClientTargetPlatform
[2019.10.11-10.00.47:439][  0]LogTemp: Display: Loaded TP MacNoEditorTargetPlatform
[2019.10.11-10.00.47:453][  0]LogTemp: Display: Loaded TP MacServerTargetPlatform
[2019.10.11-10.00.47:467][  0]LogTemp: Display: Loaded TP MacTargetPlatform
[2019.10.11-10.00.47:480][  0]LogTemp: Display: Loaded TP WindowsClientTargetPlatform
[2019.10.11-10.00.47:494][  0]LogTemp: Display: Loaded TP WindowsNoEditorTargetPlatform
[2019.10.11-10.00.47:507][  0]LogTemp: Display: Loaded TP WindowsServerTargetPlatform
[2019.10.11-10.00.47:515][  0]LogTemp: Display: Loaded TP WindowsTargetPlatform
[2019.10.11-10.00.47:587][  0]LogTemp: Display: Loaded TP AndroidTargetPlatform
[2019.10.11-10.00.47:587][  0]LogTemp: Display: Loaded TP AndroidTargetPlatform
[2019.10.11-10.00.47:587][  0]LogTemp: Display: Loaded TP AndroidTargetPlatform
[2019.10.11-10.00.47:587][  0]LogTemp: Display: Loaded TP AndroidTargetPlatform
[2019.10.11-10.00.47:587][  0]LogTemp: Display: Loaded TP AndroidTargetPlatform
[2019.10.11-10.00.47:587][  0]LogTemp: Display: Loaded TP AndroidTargetPlatform
[2019.10.11-10.00.47:587][  0]LogTemp: Display: Loaded TP AndroidTargetPlatform
[2019.10.11-10.00.47:588][  0]LogTemp: Display: Loaded TP AndroidTargetPlatform
[2019.10.11-10.00.47:588][  0]LogTemp: Display: Loaded TP AndroidTargetPlatform
[2019.10.11-10.00.47:588][  0]LogTemp: Display: Loaded TP AndroidTargetPlatform
[2019.10.11-10.00.47:588][  0]LogTemp: Display: Loaded TP AndroidTargetPlatform
[2019.10.11-10.00.47:588][  0]LogTemp: Display: Loaded TP AndroidTargetPlatform
[2019.10.11-10.00.47:588][  0]LogTemp: Display: Loaded TP AndroidTargetPlatform
[2019.10.11-10.00.47:588][  0]LogTemp: Display: Loaded TP AndroidTargetPlatform
[2019.10.11-10.00.47:588][  0]LogTemp: Display: Loaded TP AndroidTargetPlatform
[2019.10.11-10.00.47:588][  0]LogTemp: Display: Loaded TP AndroidTargetPlatform
[2019.10.11-10.00.47:589][  0]LogTemp: Display: Loaded TP AndroidTargetPlatform
[2019.10.11-10.00.47:589][  0]LogTemp: Display: Loaded TP AndroidTargetPlatform
[2019.10.11-10.00.47:592][  0]LogTemp: Display: Loaded TP HTML5TargetPlatform
[2019.10.11-10.00.47:659][  0]LogTemp: Display: Loaded TP IOSTargetPlatform
[2019.10.11-10.00.47:659][  0]LogTemp: Display: Loaded TP IOSTargetPlatform
[2019.10.11-10.00.47:681][  0]LogTemp: Display: Loaded TP TVOSTargetPlatform
[2019.10.11-10.00.47:681][  0]LogTemp: Display: Loaded TP TVOSTargetPlatform
[2019.10.11-10.00.47:694][  0]LogTemp: Display: Loaded TP LinuxClientTargetPlatform
[2019.10.11-10.00.47:718][  0]LogTemp: Display: Loaded TP LinuxNoEditorTargetPlatform
[2019.10.11-10.00.47:731][  0]LogTemp: Display: Loaded TP LinuxServerTargetPlatform
[2019.10.11-10.00.47:745][  0]LogTemp: Display: Loaded TP LinuxTargetPlatform
[2019.10.11-10.00.47:788][  0]LogTemp: Display: Loaded TP LuminTargetPlatform
[2019.10.11-10.00.47:788][  0]LogTemp: Display: Loaded TP LuminTargetPlatform
[2019.10.11-10.00.47:788][  0]LogTargetPlatformManager: Display: Building Assets For Windows
[2019.10.11-10.00.47:915][  0]LogShaderCompilers: Guid format shader working directory is 4 characters bigger than the processId version (../../../../../../Work/ZR/HowTo_PlayerCamera/Intermediate/Shaders/WorkingDirectory/19580/).
[2019.10.11-10.00.47:916][  0]LogShaderCompilers: Cleaned the shader compiler working directory 'C:/Users/u1756073/AppData/Local/Temp/UnrealShaderWorkingDir/1EBB51CA43A219563185E6AE1A2DCE27/'.
[2019.10.11-10.00.47:918][  0]LogXGEController: Cannot use XGE Controller as Incredibuild is not installed on this machine.
[2019.10.11-10.00.47:918][  0]LogShaderCompilers: Cannot use XGE Shader Compiler as Incredibuild is not installed on this machine.
[2019.10.11-10.00.47:918][  0]LogShaderCompilers: Display: Using Local Shader Compiler.
[2019.10.11-10.00.48:445][  0]LogDerivedDataCache: Display: Max Cache Size: 512 MB
[2019.10.11-10.00.48:507][  0]LogDerivedDataCache: Loaded boot cache 0.06s 87MB C:/Users/u1756073/AppData/Local/UnrealEngine/4.21/DerivedDataCache/Boot.ddc.
[2019.10.11-10.00.48:507][  0]LogDerivedDataCache: Display: Loaded Boot cache: C:/Users/u1756073/AppData/Local/UnrealEngine/4.21/DerivedDataCache/Boot.ddc
[2019.10.11-10.00.48:507][  0]LogDerivedDataCache: FDerivedDataBackendGraph:  Pak pak cache file ../../../../../../Work/ZR/HowTo_PlayerCamera/DerivedDataCache/DDC.ddp not found, will not use a pak cache.
[2019.10.11-10.00.48:507][  0]LogDerivedDataCache: Unable to find inner node Pak for hierarchical cache Hierarchy.
[2019.10.11-10.00.48:507][  0]LogDerivedDataCache: FDerivedDataBackendGraph:  CompressedPak pak cache file ../../../../../../Work/ZR/HowTo_PlayerCamera/DerivedDataCache/Compressed.ddp not found, will not use a pak cache.
[2019.10.11-10.00.48:507][  0]LogDerivedDataCache: Unable to find inner node CompressedPak for hierarchical cache Hierarchy.
[2019.10.11-10.00.48:521][  0]LogDerivedDataCache: Display: Pak cache opened for reading ../../../Engine/DerivedDataCache/Compressed.ddp.
[2019.10.11-10.00.48:524][  0]LogDerivedDataCache: Display: Pak cache opened for reading ../../../Enterprise/DerivedDataCache/Compressed.ddp.
[2019.10.11-10.00.48:538][  0]LogDerivedDataCache: Using Local data cache path C:/Users/u1756073/AppData/Local/UnrealEngine/Common/DerivedDataCache: Writable
[2019.10.11-10.00.48:538][  0]LogDerivedDataCache: Shared data cache path not found in *engine.ini, will not use an Shared cache.
[2019.10.11-10.00.48:538][  0]LogDerivedDataCache: Unable to find inner node Shared for hierarchical cache Hierarchy.
[2019.10.11-10.00.48:558][  0]LogMaterial: Verifying Global Shaders for PCD3D_SM5
[2019.10.11-10.00.48:559][  0]LogSlate: Using FreeType 2.6.0
[2019.10.11-10.00.48:561][  0]LogSlate: SlateFontServices - WITH_FREETYPE: 1, WITH_HARFBUZZ: 1
[2019.10.11-10.00.48:672][  0]LogAssetRegistry: FAssetRegistry took 0.0344 seconds to start up
[2019.10.11-10.00.48:936][  0]LogInit: Selected Device Profile: [Windows]
[2019.10.11-10.00.49:106][  0]LogSimplygon: Simplygon DLL not present - disabling.
[2019.10.11-10.00.49:115][  0]LogMeshReduction: Using SimplygonSwarm for distributed automatic mesh merging
[2019.10.11-10.00.49:116][  0]LogMeshReduction: Using ProxyLODMeshReduction for automatic mesh merging
[2019.10.11-10.00.49:116][  0]LogMeshReduction: Using QuadricMeshReduction for automatic static mesh reduction
[2019.10.11-10.00.49:116][  0]LogMeshReduction: No automatic skeletal mesh reduction module available
[2019.10.11-10.00.49:132][  0]LogNetVersion: HowTo_PlayerCamera 1.0.0, NetCL: 4541578, EngineNetVer: 5, GameNetVer: 0 (Checksum: 4143685883)
[2019.10.11-10.00.49:664][  0]LogPackageLocalizationCache: Processed 14 localized package path(s) for 2 prioritized culture(s) in 0.106066 seconds
[2019.10.11-10.00.49:669][  0]LogUObjectArray: 39775 objects as part of root set at end of initial load.
[2019.10.11-10.00.49:669][  0]LogUObjectAllocator: 6914656 out of 0 bytes used by permanent object pool.
[2019.10.11-10.00.49:670][  0]LogUObjectArray: CloseDisregardForGC: 0/0 objects in disregard for GC pool
[2019.10.11-10.00.50:885][  0]LogTcpMessaging: Initializing TcpMessaging bridge
[2019.10.11-10.00.50:902][  0]LogUdpMessaging: Initializing bridge on interface 0.0.0.0:0 to multicast group 230.0.0.1:6666.
[2019.10.11-10.00.51:903][  0]SourceControl: Source control is disabled
[2019.10.11-10.00.51:904][  0]SourceControl: Source control is disabled
[2019.10.11-10.00.51:907][  0]SourceControl: Source control is disabled
[2019.10.11-10.00.51:912][  0]SourceControl: Source control is disabled
[2019.10.11-10.00.52:185][  0]LogAndroidPermission: UAndroidPermissionCallbackProxy::GetInstance
[2019.10.11-10.00.52:376][  0]LogOcInput: OculusInput pre-init called
[2019.10.11-10.00.54:442][  0]LogEngine: Initializing Engine...
[2019.10.11-10.00.54:443][  0]LogHMD: Failed to initialize OpenVR with code 110
[2019.10.11-10.00.54:444][  0]LogStats: UGameplayTagsManager::ConstructGameplayTagTree: ImportINI prefixes -  0.000 s
[2019.10.11-10.00.54:444][  0]LogStats: UGameplayTagsManager::ConstructGameplayTagTree: Construct from data asset -  0.000 s
[2019.10.11-10.00.54:445][  0]LogStats: UGameplayTagsManager::ConstructGameplayTagTree: ImportINI -  0.000 s
[2019.10.11-10.00.54:445][  0]LogStats: UGameplayTagsManager::ConstructGameplayTagTree: GameplayTagTreeChangedEvent.Broadcast -  0.000 s
[2019.10.11-10.00.54:669][  0]LogInit: Initializing FReadOnlyCVARCache
[2019.10.11-10.00.54:683][  0]LogAIModule: Creating AISystem for world Untitled
[2019.10.11-10.00.54:752][  0]LogInit: XAudio2 using 'PLE2283H (NVIDIA High Definition Audio)' : 2 channels at 48 kHz using 16 bits per sample (channel mask 0x3)
[2019.10.11-10.00.54:800][  0]LogInit: FAudioDevice initialized.
[2019.10.11-10.00.54:800][  0]LogNetVersion: Set ProjectVersion to 1.0.0.0. Version Checksum will be recalculated on next use.
[2019.10.11-10.00.54:885][  0]LogDerivedDataCache: Saved boot cache 0.09s 87MB C:/Users/u1756073/AppData/Local/UnrealEngine/4.21/DerivedDataCache/Boot.ddc.
[2019.10.11-10.00.54:892][  0]LogInit: Texture streaming: Enabled
[2019.10.11-10.00.54:923][  0]LogEngineSessionManager: EngineSessionManager initialized
[2019.10.11-10.00.54:936][  0]LogInit: Transaction tracking system initialized
[2019.10.11-10.00.54:984][  0]BlueprintLog: New page: Editor Load
[2019.10.11-10.00.55:127][  0]LocalizationService: Localization service is disabled
[2019.10.11-10.00.55:593][  0]LogFileCache: Scanning file cache for directory 'C:/Work/ZR/HowTo_PlayerCamera/Content/' took 0.01s
[2019.10.11-10.00.55:593][  0]LogCook: Display: Max memory allowance for cook 16384mb min free memory 0mb
[2019.10.11-10.00.55:593][  0]LogCook: Display: Mobile HDR setting 1
[2019.10.11-10.00.55:593][  0]LogGameplayTags: Display: UGameplayTagsManager::DoneAddingNativeTags. DelegateIsBound: 0
[2019.10.11-10.00.55:593][  0]LogStats: UGameplayTagsManager::ConstructGameplayTagTree: ImportINI prefixes -  0.000 s
[2019.10.11-10.00.55:593][  0]LogStats: UGameplayTagsManager::ConstructGameplayTagTree: Construct from data asset -  0.000 s
[2019.10.11-10.00.55:594][  0]LogStats: UGameplayTagsManager::ConstructGameplayTagTree: ImportINI -  0.000 s
[2019.10.11-10.00.55:594][  0]LogStats: UGameplayTagsManager::ConstructGameplayTagTree: GameplayTagTreeChangedEvent.Broadcast -  0.000 s
[2019.10.11-10.00.57:438][  0]SourceControl: Source control is disabled
[2019.10.11-10.00.57:438][  0]Cmd: MAP LOAD FILE="../../../Engine/Content/Maps/Templates/Template_Default.umap" TEMPLATE=1 SHOWPROGRESS=1 FEATURELEVEL=3
[2019.10.11-10.00.57:439][  0]LightingResults: New page: Lighting Build
[2019.10.11-10.00.57:441][  0]MapCheck: New page: Map Check
[2019.10.11-10.00.57:442][  0]LightingResults: New page: Lighting Build
[2019.10.11-10.00.57:580][  0]LogAIModule: Creating AISystem for world Untitled_1
[2019.10.11-10.00.57:592][  0]LogEditorServer: Finished looking for orphan Actors (0.000 secs)
[2019.10.11-10.00.57:617][  0]Cmd: MAP CHECKDEP NOCLEARLOG
[2019.10.11-10.00.57:617][  0]MapCheck: Map check complete: 0 Error(s), 0 Warning(s), took 0.145ms to complete.
[2019.10.11-10.00.57:617][  0]LogFileHelpers: Loading map 'Template_Default' took 0.180
[2019.10.11-10.00.57:711][  0]LogSlate: Updating window title bar state: overlay mode, drag disabled, window buttons hidden, title bar hidden
[2019.10.11-10.00.57:716][  0]LogSlate: Updating window title bar state: overlay mode, drag disabled, window buttons hidden, title bar hidden
[2019.10.11-10.00.57:722][  0]LogSlate: Updating window title bar state: overlay mode, drag disabled, window buttons hidden, title bar hidden
[2019.10.11-10.00.57:728][  0]LogSlate: Updating window title bar state: overlay mode, drag disabled, window buttons hidden, title bar hidden
[2019.10.11-10.00.57:736][  0]LogCollectionManager: Loaded 0 collections in 0.001559 seconds
[2019.10.11-10.00.57:781][  0]LogFileCache: Scanning file cache for directory 'C:/Work/ZR/HowTo_PlayerCamera/Saved/Collections/' took 0.01s
[2019.10.11-10.00.57:781][  0]LogFileCache: Scanning file cache for directory 'C:/Work/ZR/HowTo_PlayerCamera/Content/Developers/u1756073/Collections/' took 0.01s
[2019.10.11-10.00.57:781][  0]LogFileCache: Scanning file cache for directory 'C:/Work/ZR/HowTo_PlayerCamera/Content/Collections/' took 0.01s
[2019.10.11-10.00.57:781][  0]LogCollectionManager: Rebuilt the GUID cache for 0 collections in 0.000000 seconds
[2019.10.11-10.00.57:790][  0]LogContentBrowser: Native class hierarchy populated in 0.0085 seconds. Added 2710 classes and 655 folders.
[2019.10.11-10.00.57:796][  0]LogContentBrowser: Native class hierarchy updated for 'WidgetCarousel' in 0.0004 seconds. Added 0 classes and 0 folders.
[2019.10.11-10.00.57:799][  0]LogPakFile: Registered encryption key '00000000000000000000000000000000': 0 pak files mounted, 0 remain pending
[2019.10.11-10.00.57:800][  0]LogPakFile: Registered encryption key '00000000000000000000000000000000': 0 pak files mounted, 0 remain pending
[2019.10.11-10.00.57:801][  0]LogPakFile: Registered encryption key '00000000000000000000000000000000': 0 pak files mounted, 0 remain pending
[2019.10.11-10.00.57:802][  0]LogPakFile: Registered encryption key '00000000000000000000000000000000': 0 pak files mounted, 0 remain pending
[2019.10.11-10.00.57:803][  0]LogPakFile: Registered encryption key '00000000000000000000000000000000': 0 pak files mounted, 0 remain pending
[2019.10.11-10.00.57:804][  0]LogPakFile: Registered encryption key '00000000000000000000000000000000': 0 pak files mounted, 0 remain pending
[2019.10.11-10.00.57:805][  0]LogPakFile: Registered encryption key '00000000000000000000000000000000': 0 pak files mounted, 0 remain pending
[2019.10.11-10.00.57:806][  0]LogPakFile: Registered encryption key '00000000000000000000000000000000': 0 pak files mounted, 0 remain pending
[2019.10.11-10.00.57:807][  0]LogPakFile: Registered encryption key '00000000000000000000000000000000': 0 pak files mounted, 0 remain pending
[2019.10.11-10.00.57:808][  0]LogPakFile: Registered encryption key '00000000000000000000000000000000': 0 pak files mounted, 0 remain pending
[2019.10.11-10.00.57:809][  0]LogPakFile: Registered encryption key '00000000000000000000000000000000': 0 pak files mounted, 0 remain pending
[2019.10.11-10.00.57:810][  0]LogPakFile: Registered encryption key '00000000000000000000000000000000': 0 pak files mounted, 0 remain pending
[2019.10.11-10.00.57:812][  0]LogPakFile: Registered encryption key '00000000000000000000000000000000': 0 pak files mounted, 0 remain pending
[2019.10.11-10.00.57:813][  0]LogPakFile: Registered encryption key '00000000000000000000000000000000': 0 pak files mounted, 0 remain pending
[2019.10.11-10.00.57:814][  0]LogPakFile: Registered encryption key '00000000000000000000000000000000': 0 pak files mounted, 0 remain pending
[2019.10.11-10.00.57:816][  0]LogPakFile: Registered encryption key '00000000000000000000000000000000': 0 pak files mounted, 0 remain pending
[2019.10.11-10.00.57:817][  0]LogPakFile: Registered encryption key '00000000000000000000000000000000': 0 pak files mounted, 0 remain pending
[2019.10.11-10.00.57:818][  0]LogPakFile: Registered encryption key '00000000000000000000000000000000': 0 pak files mounted, 0 remain pending
[2019.10.11-10.00.57:819][  0]LogPakFile: Registered encryption key '00000000000000000000000000000000': 0 pak files mounted, 0 remain pending
[2019.10.11-10.00.57:820][  0]LogPakFile: Registered encryption key '00000000000000000000000000000000': 0 pak files mounted, 0 remain pending
[2019.10.11-10.00.57:821][  0]LogPakFile: Registered encryption key '00000000000000000000000000000000': 0 pak files mounted, 0 remain pending
[2019.10.11-10.00.57:822][  0]LogPakFile: Registered encryption key '00000000000000000000000000000000': 0 pak files mounted, 0 remain pending
[2019.10.11-10.00.57:823][  0]LogPakFile: Registered encryption key '00000000000000000000000000000000': 0 pak files mounted, 0 remain pending
[2019.10.11-10.00.57:824][  0]LogPakFile: Registered encryption key '00000000000000000000000000000000': 0 pak files mounted, 0 remain pending
[2019.10.11-10.00.57:825][  0]LogPakFile: Registered encryption key '00000000000000000000000000000000': 0 pak files mounted, 0 remain pending
[2019.10.11-10.00.57:826][  0]LogPakFile: Registered encryption key '00000000000000000000000000000000': 0 pak files mounted, 0 remain pending
[2019.10.11-10.00.57:828][  0]LogPakFile: Registered encryption key '00000000000000000000000000000000': 0 pak files mounted, 0 remain pending
[2019.10.11-10.00.57:829][  0]LogPakFile: Registered encryption key '00000000000000000000000000000000': 0 pak files mounted, 0 remain pending
[2019.10.11-10.00.57:871][  0]LogContentBrowser: Native class hierarchy updated for 'AddContentDialog' in 0.0003 seconds. Added 0 classes and 0 folders.
[2019.10.11-10.00.57:892][  0]LogContentBrowser: Native class hierarchy updated for 'SceneOutliner' in 0.0004 seconds. Added 1 classes and 2 folders.
[2019.10.11-10.00.57:905][  0]LogSlate: Took 0.000399 seconds to synchronously load lazily loaded font '../../../Engine/Content/Slate/Fonts/Roboto-Regular.ttf' (155K)
[2019.10.11-10.00.57:908][  0]LogSlate: Took 0.000400 seconds to synchronously load lazily loaded font '../../../Engine/Content/Slate/Fonts/Roboto-Bold.ttf' (160K)
[2019.10.11-10.00.57:914][  0]LogSlate: Took 0.000513 seconds to synchronously load lazily loaded font '../../../Engine/Content/Editor/Slate/Fonts/FontAwesome.ttf' (139K)
[2019.10.11-10.00.57:982][  0]LogRenderer: Reallocating scene render targets to support 1208x576 Format 10 NumSamples 1 (Frame:1).
[2019.10.11-10.00.58:154][  0]LogContentBrowser: Native class hierarchy updated for 'HierarchicalLODOutliner' in 0.0004 seconds. Added 0 classes and 0 folders.
[2019.10.11-10.00.58:154][  0]LogLoad: (Engine Initialization) Total time: 14.44 seconds
[2019.10.11-10.00.58:154][  0]LogLoad: (Engine Initialization) Total Blueprint compile time: 0.00 seconds
[2019.10.11-10.00.58:219][  0]LogContentStreaming: Texture pool size now 1000 MB
[2019.10.11-10.00.58:319][  1]LogAssetRegistry: Asset discovery search completed in 9.6719 seconds
[2019.10.11-10.00.58:320][  1]LogCollectionManager: Rebuilt the object cache for 0 collections in 0.000000 seconds (found 0 objects)
[2019.10.11-10.00.58:321][  1]LogCollectionManager: Fixed up redirectors for 0 collections in 0.000130 seconds (updated 0 objects)
[2019.10.11-10.01.14:063][881]LogSlate: FSceneViewport::OnFocusLost() reason 0
[2019.10.11-10.01.18:535][408]LogSlate: FSceneViewport::OnFocusLost() reason 2
[2019.10.11-10.01.21:820][800]LogSlate: Took 0.000443 seconds to synchronously load lazily loaded font '../../../Engine/Content/Slate/Fonts/Roboto-Light.ttf' (167K)
[2019.10.11-10.01.21:822][800]LogSlate: FSceneViewport::OnFocusLost() reason 2
[2019.10.11-10.01.21:860][800]LogSlate: FSceneViewport::OnFocusLost() reason 2
[2019.10.11-10.01.21:870][800]LogSlate: Took 0.001307 seconds to synchronously load lazily loaded font '../../../Engine/Content/Slate/Fonts/Roboto-BoldCondensed.ttf' (158K)
[2019.10.11-10.01.45:554][575]Running C:/Program Files/Epic Games/UE_4.21/Engine/Binaries/DotNET/UnrealBuildTool.exe Win64 DebugGame -TargetType=Editor -Project="C:/Work/ZR/HowTo_PlayerCamera/HowTo_PlayerCamera.uproject" -invalidatemakefilesonly
[2019.10.11-10.01.46:361][575]Invalidating makefiles only in this run.
[2019.10.11-10.01.46:483][575]Candidate modules for hot reload:
[2019.10.11-10.01.46:483][575]  HowTo_PlayerCamera
[2019.10.11-10.01.46:484][575]Launching UnrealBuildTool... [C:/Program Files/Epic Games/UE_4.21/Engine/Binaries/DotNET/UnrealBuildTool.exe  -ModuleWithSuffix=HowTo_PlayerCamera,252 Win64 DebugGame -TargetType=Editor -Project="../../../../../../Work/ZR/HowTo_PlayerCamera/HowTo_PlayerCamera.uproject" -canskiplink "C:/Work/ZR/HowTo_PlayerCamera/HowTo_PlayerCamera.uproject" ]
[2019.10.11-10.02.01:850][575]CompilerResultsLog: New page: Compilation - 11 Oct 2019 12:02:01
[2019.10.11-10.02.01:851][575]CompilerResultsLog: Creating makefile for hot reloading HowTo_PlayerCameraEditor (no existing makefile)
[2019.10.11-10.02.01:851][575]CompilerResultsLog: Compiling game modules for hot reload
[2019.10.11-10.02.01:851][575]CompilerResultsLog: Using Visual Studio 2017 14.16.27023 toolchain (C:\Program Files (x86)\Microsoft Visual Studio\2017\Enterprise\VC\Tools\MSVC\14.16.27023) and Windows 10.0.17763.0 SDK (C:\Program Files (x86)\Windows Kits\10).
[2019.10.11-10.02.01:851][575]CompilerResultsLog: Parsing headers for HowTo_PlayerCameraEditor
[2019.10.11-10.02.01:851][575]CompilerResultsLog:   Running UnrealHeaderTool "C:\Work\ZR\HowTo_PlayerCamera\HowTo_PlayerCamera.uproject" "C:\Work\ZR\HowTo_PlayerCamera\Intermediate\Build\Win64\HowTo_PlayerCameraEditor\DebugGame\HowTo_PlayerCameraEditor.uhtmanifest" -LogCmds="loginit warning, logexit warning, logdatabase error" -Unattended -WarningsAsErrors -installed
[2019.10.11-10.02.01:851][575]CompilerResultsLog: Reflection code generated for HowTo_PlayerCameraEditor in 8.500746 seconds
[2019.10.11-10.02.01:851][575]CompilerResultsLog: Building 8 actions with 8 processes...
[2019.10.11-10.02.01:851][575]CompilerResultsLog:   [1/8] HowTo_PlayerCamera.cpp
[2019.10.11-10.02.01:851][575]CompilerResultsLog:   [2/8] PawnWithCamera.cpp
[2019.10.11-10.02.01:851][575]CompilerResultsLog:   [3/8] HowTo_PlayerCameraGameModeBase.cpp
[2019.10.11-10.02.01:852][575]CompilerResultsLog:   [4/8] HowTo_PlayerCamera.init.gen.cpp
[2019.10.11-10.02.01:852][575]CompilerResultsLog:   [5/8] PawnWithCamera.gen.cpp
[2019.10.11-10.02.01:852][575]CompilerResultsLog:   [6/8] HowTo_PlayerCameraGameModeBase.gen.cpp
[2019.10.11-10.02.01:852][575]CompilerResultsLog:   [7/8] UE4Editor-HowTo_PlayerCamera-252-Win64-DebugGame.lib
[2019.10.11-10.02.01:852][575]CompilerResultsLog:      Creating library C:\Work\ZR\HowTo_PlayerCamera\Intermediate\Build\Win64\UE4Editor\DebugGame\HowTo_PlayerCamera\UE4Editor-HowTo_PlayerCamera-252-Win64-DebugGame.lib and object C:\Work\ZR\HowTo_PlayerCamera\Intermediate\Build\Win64\UE4Editor\DebugGame\HowTo_PlayerCamera\UE4Editor-HowTo_PlayerCamera-252-Win64-DebugGame.exp
[2019.10.11-10.02.01:852][575]CompilerResultsLog:   [8/8] UE4Editor-HowTo_PlayerCamera-252-Win64-DebugGame.dll
[2019.10.11-10.02.01:852][575]CompilerResultsLog:      Creating library C:\Work\ZR\HowTo_PlayerCamera\Intermediate\Build\Win64\UE4Editor\DebugGame\HowTo_PlayerCamera\UE4Editor-HowTo_PlayerCamera-252-Win64-DebugGame.suppressed.lib and object C:\Work\ZR\HowTo_PlayerCamera\Intermediate\Build\Win64\UE4Editor\DebugGame\HowTo_PlayerCamera\UE4Editor-HowTo_PlayerCamera-252-Win64-DebugGame.suppressed.exp
[2019.10.11-10.02.01:852][575]CompilerResultsLog: Total build time: 15.10 seconds (Parallel executor: 1.69 seconds)
[2019.10.11-10.02.01:852][575]LogMainFrame: MainFrame: Module compiling took 15.372 seconds
[2019.10.11-10.02.01:906][575]LogClass: Could not find existing class PawnWithCamera in package /Script/HowTo_PlayerCamera for HotReload, assuming new class
[2019.10.11-10.02.01:908][575]LogContentBrowser: Native class hierarchy updated for 'HowTo_PlayerCamera' in 0.0004 seconds. Added 2 classes and 2 folders.
[2019.10.11-10.02.01:910][575]Display: HotReload successful (0 functions remapped  0 scriptstructs remapped)
[2019.10.11-10.02.02:037][575]LogContentBrowser: Native class hierarchy populated in 0.0070 seconds. Added 2712 classes and 657 folders.
[2019.10.11-10.02.02:038][575]Display: HotReload took 15.6s.
[2019.10.11-10.02.02:039][575]Warning: HotReload operation took 15.6s.
[2019.10.11-10.02.02:730][575]LogVSAccessor: Warning: Couldn't goto line number '1' in 'C:/Work/ZR/HowTo_PlayerCamera/Source/HowTo_PlayerCamera/PawnWithCamera.h'
[2019.10.11-10.02.02:814][575]LogVSAccessor: Warning: Couldn't goto line number '1' in 'C:/Work/ZR/HowTo_PlayerCamera/Source/HowTo_PlayerCamera/PawnWithCamera.cpp'
[2019.10.11-10.02.02:824][575]LogSlate: Window 'Add C++ Class' being destroyed
[2019.10.11-10.02.02:835][575]LogHotReload: New module detected: UE4Editor-HowTo_PlayerCamera-252-Win64-DebugGame.dll
[2019.10.11-10.02.02:846][575]LogSlate: FSceneViewport::OnFocusLost() reason 2
[2019.10.11-10.02.02:852][575]LogSlate: Took 0.000394 seconds to synchronously load lazily loaded font '../../../Engine/Content/Slate/Fonts/Roboto-Light.ttf' (167K)
[2019.10.11-10.02.02:878][576]LogHotReload: Starting Hot-Reload from IDE
[2019.10.11-10.02.02:916][576]LogContentBrowser: Native class hierarchy updated for 'HowTo_PlayerCamera' in 0.0004 seconds. Added 2 classes and 2 folders.
[2019.10.11-10.02.02:918][576]Display: HotReload successful (0 functions remapped  0 scriptstructs remapped)
[2019.10.11-10.02.02:947][576]LogContentBrowser: Native class hierarchy populated in 0.0074 seconds. Added 2712 classes and 657 folders.
[2019.10.11-10.02.02:950][576]Display: HotReload took  0.1s.
