Log file open, 10/11/19 10:58:59
LogWindows: Failed to load 'aqProf.dll' (GetLastError=126)
LogWindows: File 'aqProf.dll' does not exist
LogWindows: Failed to load 'VtuneApi.dll' (GetLastError=126)
LogWindows: File 'VtuneApi.dll' does not exist
LogWindows: Failed to load 'VtuneApi32e.dll' (GetLastError=126)
LogWindows: File 'VtuneApi32e.dll' does not exist
LogConsoleResponse: Display: Failed to find resolution value strings in scalability ini. Falling back to default.
LogInit: Display: Running engine for game: HowTo_PlayerCamera
LogPakFile: Registered encryption key '00000000000000000000000000000000': 0 pak files mounted, 0 remain pending
LogPlatformFile: Not using cached read wrapper
LogTaskGraph: Started task graph with 5 named threads and 23 total threads with 3 sets of task threads.
LogStats: Stats thread started at 0.272762
LogD3D11RHI: Loaded GFSDK_Aftermath_Lib.x64.dll
LogICUInternationalization: ICU TimeZone Detection - Raw Offset: +0:00, Platform Override: ''
LogPluginManager: Mounting plugin Paper2D
LogPluginManager: Mounting plugin AISupport
LogPluginManager: Mounting plugin LightPropagationVolume
LogPluginManager: Mounting plugin ActorLayerUtilities
LogPluginManager: Mounting plugin CLionSourceCodeAccess
LogPluginManager: Mounting plugin CodeLiteSourceCodeAccess
LogPluginManager: Mounting plugin GitSourceControl
LogPluginManager: Mounting plugin KDevelopSourceCodeAccess
LogPluginManager: Mounting plugin NullSourceCodeAccess
LogPluginManager: Mounting plugin PerforceSourceControl
LogPluginManager: Mounting plugin SubversionSourceControl
LogPluginManager: Mounting plugin UObjectPlugin
LogPluginManager: Mounting plugin VisualStudioCodeSourceCodeAccess
LogPluginManager: Mounting plugin VisualStudioSourceCodeAccess
LogPluginManager: Mounting plugin XCodeSourceCodeAccess
LogPluginManager: Mounting plugin AssetManagerEditor
LogPluginManager: Mounting plugin CryptoKeys
LogPluginManager: Mounting plugin DataValidation
LogPluginManager: Mounting plugin EditorScriptingUtilities
LogPluginManager: Mounting plugin FacialAnimation
LogPluginManager: Mounting plugin GameplayTagsEditor
LogPluginManager: Mounting plugin MacGraphicsSwitching
LogPluginManager: Mounting plugin MeshEditor
LogPluginManager: Mounting plugin MobileLauncherProfileWizard
LogPluginManager: Mounting plugin PluginBrowser
LogPluginManager: Mounting plugin SpeedTreeImporter
LogPluginManager: Mounting plugin DatasmithContent
LogPluginManager: Mounting plugin VariantManagerContent
LogPluginManager: Mounting plugin AlembicImporter
LogPluginManager: Mounting plugin AppleImageUtils
LogPluginManager: Mounting plugin AppleVision
LogPluginManager: Mounting plugin BackChannel
LogPluginManager: Mounting plugin CharacterAI
LogPluginManager: Mounting plugin GeometryCache
LogPluginManager: Mounting plugin HTML5Networking
LogPluginManager: Mounting plugin ProxyLODPlugin
LogPluginManager: Mounting plugin MagicLeap
LogPluginManager: Mounting plugin MagicLeapMedia
LogPluginManager: Mounting plugin AndroidMedia
LogPluginManager: Mounting plugin AvfMedia
LogPluginManager: Mounting plugin ImgMedia
LogPluginManager: Mounting plugin LinearTimecode
LogPluginManager: Mounting plugin MediaCompositing
LogPluginManager: Mounting plugin MediaPlayerEditor
LogPluginManager: Mounting plugin WebMMedia
LogPluginManager: Mounting plugin WmfMedia
LogPluginManager: Mounting plugin TcpMessaging
LogPluginManager: Mounting plugin UdpMessaging
LogPluginManager: Mounting plugin ActorSequence
LogPluginManager: Mounting plugin LevelSequenceEditor
LogPluginManager: Mounting plugin MatineeToLevelSequence
LogPluginManager: Mounting plugin NetcodeUnitTest
LogPluginManager: Mounting plugin NUTUnrealEngine4
LogPluginManager: Mounting plugin OnlineSubsystemGooglePlay
LogPluginManager: Mounting plugin OnlineSubsystemIOS
LogPluginManager: Mounting plugin OnlineSubsystem
LogPluginManager: Mounting plugin OnlineSubsystemNull
LogPluginManager: Mounting plugin OnlineSubsystemUtils
LogPluginManager: Mounting plugin LauncherChunkInstaller
LogPluginManager: Mounting plugin AndroidDeviceProfileSelector
LogPluginManager: Mounting plugin AndroidMoviePlayer
LogPluginManager: Mounting plugin AndroidPermission
LogPluginManager: Mounting plugin AppleMoviePlayer
LogPluginManager: Mounting plugin ArchVisCharacter
LogPluginManager: Mounting plugin AudioCapture
LogPluginManager: Mounting plugin CableComponent
LogPluginManager: Mounting plugin CustomMeshComponent
LogPluginManager: Mounting plugin EditableMesh
LogPluginManager: Mounting plugin ExampleDeviceProfileSelector
LogPluginManager: Mounting plugin Firebase
LogPluginManager: Mounting plugin GoogleCloudMessaging
LogPluginManager: Mounting plugin IOSDeviceProfileSelector
LogPluginManager: Mounting plugin LinuxDeviceProfileSelector
LogPluginManager: Mounting plugin LocationServicesBPLibrary
LogPluginManager: Mounting plugin MobilePatchingUtils
LogPluginManager: Mounting plugin OculusVR
LogPluginManager: Mounting plugin PhysXVehicles
LogPluginManager: Mounting plugin ProceduralMeshComponent
LogPluginManager: Mounting plugin RuntimePhysXCooking
LogPluginManager: Mounting plugin SteamVR
LogPluginManager: Mounting plugin WebMMoviePlayer
LogPluginManager: Mounting plugin WindowsMoviePlayer
LogPluginManager: Mounting plugin DatasmithCADImporter
LogPluginManager: Mounting plugin DatasmithFBXImporter
LogPluginManager: Mounting plugin DatasmithImporter
LogPluginManager: Mounting plugin MDLImporter
LogPluginManager: Mounting plugin StaticMeshEditorExtension
LogPluginManager: Mounting plugin VariantManager
LogStreaming: Display: Took  0.180s to configure plugins.
LogInit: Using libcurl 7.55.1-DEV
LogInit:  - built for x86_64-pc-win32
LogInit:  - supports SSL with OpenSSL/1.0.2h
LogInit:  - supports HTTP deflate (compression) using libz 1.2.8
LogInit:  - other features:
LogInit:      CURL_VERSION_SSL
LogInit:      CURL_VERSION_LIBZ
LogInit:      CURL_VERSION_IPV6
LogInit:      CURL_VERSION_ASYNCHDNS
LogInit:      CURL_VERSION_LARGEFILE
LogInit:      CURL_VERSION_IDN
LogInit:  CurlRequestOptions (configurable via config and command line):
LogInit:  - bVerifyPeer = true  - Libcurl will verify peer certificate
LogInit:  - bUseHttpProxy = false  - Libcurl will NOT use HTTP proxy
LogInit:  - bDontReuseConnections = false  - Libcurl will reuse connections
LogInit:  - MaxHostConnections = 16  - Libcurl will limit the number of connections to a host
LogInit:  - LocalHostAddr = Default
LogInit:  - BufferSize = 65536
LogInit: WinSock: version 1.1 (2.2), MaxSocks=32767, MaxUdp=65467
LogInit: Build: ++UE4+Release-4.21-CL-4753647
LogInit: Engine Version: 4.21.2-4753647+++UE4+Release-4.21
LogInit: Compatible Engine Version: 4.21.0-4541578+++UE4+Release-4.21
LogInit: Net CL: 4541578
LogInit: OS: Windows 10 (), CPU: Intel(R) Core(TM) i7-7700 CPU @ 3.60GHz, GPU: NVIDIA GeForce GTX 1070
LogInit: Compiled (64-bit): Jan 19 2019 02:07:31
LogInit: Compiled with Visual C++: 19.13.26129.00
LogInit: Build Configuration: Development
LogInit: Branch Name: ++UE4+Release-4.21
LogInit: Command Line: 
LogInit: Base Directory: C:/Program Files/Epic Games/UE_4.21/Engine/Binaries/Win64/
LogInit: Installed Engine Build: 1
LogDevObjectVersion: Number of dev versions registered: 22
LogDevObjectVersion:   Dev-Blueprints (B0D832E4-1F89-4F0D-ACCF-7EB736FD4AA2): 10
LogDevObjectVersion:   Dev-Build (E1C64328-A22C-4D53-A36C-8E866417BD8C): 0
LogDevObjectVersion:   Dev-Core (375EC13C-06E4-48FB-B500-84F0262A717E): 2
LogDevObjectVersion:   Dev-Editor (E4B068ED-F494-42E9-A231-DA0B2E46BB41): 26
LogDevObjectVersion:   Dev-Framework (CFFC743F-43B0-4480-9391-14DF171D2073): 34
LogDevObjectVersion:   Dev-Mobile (B02B49B5-BB20-44E9-A304-32B752E40360): 2
LogDevObjectVersion:   Dev-Networking (A4E4105C-59A1-49B5-A7C5-40C4547EDFEE): 0
LogDevObjectVersion:   Dev-Online (39C831C9-5AE6-47DC-9A44-9C173E1C8E7C): 0
LogDevObjectVersion:   Dev-Physics (78F01B33-EBEA-4F98-B9B4-84EACCB95AA2): 0
LogDevObjectVersion:   Dev-Platform (6631380F-2D4D-43E0-8009-CF276956A95A): 0
LogDevObjectVersion:   Dev-Rendering (12F88B9F-8875-4AFC-A67C-D90C383ABD29): 27
LogDevObjectVersion:   Dev-Sequencer (7B5AE74C-D270-4C10-A958-57980B212A5A): 9
LogDevObjectVersion:   Dev-VR (D7296918-1DD6-4BDD-9DE2-64A83CC13884): 2
LogDevObjectVersion:   Dev-LoadTimes (C2A15278-BFE7-4AFE-6C17-90FF531DF755): 1
LogDevObjectVersion:   Private-Geometry (6EACA3D4-40EC-4CC1-B786-8BED09428FC5): 3
LogDevObjectVersion:   Dev-AnimPhys (29E575DD-E0A3-4627-9D10-D276232CDCEA): 17
LogDevObjectVersion:   Dev-Anim (AF43A65D-7FD3-4947-9873-3E8ED9C1BB05): 2
LogDevObjectVersion:   Dev-ReflectionCapture (6B266CEC-1EC7-4B8F-A30B-E4D90942FC07): 1
LogDevObjectVersion:   Dev-Automation (0DF73D61-A23F-47EA-B727-89E90C41499A): 1
LogDevObjectVersion:   FortniteMain (601D1886-AC64-4F84-AA16-D3DE0DEAC7D6): 17
LogDevObjectVersion:   Dev-Enterprise (9DFFBCD6-494F-0158-E221-12823C92A888): 4
LogDevObjectVersion:   Dev-Niagara (F2AED0AC-9AFE-416F-8664-AA7FFA26D6FC): 1
LogStreaming: Display: Took  0.000s to delete old logs.
LogInit: Presizing for max 8388607 objects, including 0 objects not considered by GC, pre-allocating 0 bytes for permanent pool.
LogInit: Object subsystem initialized
LogConfig: Setting CVar [[con.DebugEarlyDefault:1]]
LogConfig: Setting CVar [[r.setres:1280x720]]
[2019.10.11-09.59.00:231][  0]LogConfig: Setting CVar [[r.VSync:0]]
[2019.10.11-09.59.00:231][  0]LogConfig: Setting CVar [[r.RHICmdBypass:0]]
[2019.10.11-09.59.00:231][  0]LogConfig: Applying CVar settings from Section [/Script/Engine.RendererSettings] File [C:/Work/ZR/HowTo_PlayerCamera/Saved/Config/Windows/Engine.ini]
[2019.10.11-09.59.00:231][  0]LogConfig: Setting CVar [[r.GPUCrashDebugging:0]]
[2019.10.11-09.59.00:231][  0]LogConfig: Applying CVar settings from Section [/Script/Engine.RendererOverrideSettings] File [C:/Work/ZR/HowTo_PlayerCamera/Saved/Config/Windows/Engine.ini]
[2019.10.11-09.59.00:231][  0]LogConfig: Applying CVar settings from Section [/Script/Engine.StreamingSettings] File [C:/Work/ZR/HowTo_PlayerCamera/Saved/Config/Windows/Engine.ini]
[2019.10.11-09.59.00:231][  0]LogConfig: Setting CVar [[s.MinBulkDataSizeForAsyncLoading:131072]]
[2019.10.11-09.59.00:231][  0]LogConfig: Setting CVar [[s.AsyncLoadingThreadEnabled:0]]
[2019.10.11-09.59.00:231][  0]LogConfig: Setting CVar [[s.EventDrivenLoaderEnabled:1]]
[2019.10.11-09.59.00:231][  0]LogConfig: Setting CVar [[s.WarnIfTimeLimitExceeded:0]]
[2019.10.11-09.59.00:231][  0]LogConfig: Setting CVar [[s.TimeLimitExceededMultiplier:1.5]]
[2019.10.11-09.59.00:231][  0]LogConfig: Setting CVar [[s.TimeLimitExceededMinTime:0.005]]
[2019.10.11-09.59.00:231][  0]LogConfig: Setting CVar [[s.UseBackgroundLevelStreaming:1]]
[2019.10.11-09.59.00:231][  0]LogConfig: Setting CVar [[s.PriorityAsyncLoadingExtraTime:15.0]]
[2019.10.11-09.59.00:231][  0]LogConfig: Setting CVar [[s.LevelStreamingActorsUpdateTimeLimit:5.0]]
[2019.10.11-09.59.00:231][  0]LogConfig: Setting CVar [[s.PriorityLevelStreamingActorsUpdateExtraTime:5.0]]
[2019.10.11-09.59.00:231][  0]LogConfig: Setting CVar [[s.LevelStreamingComponentsRegistrationGranularity:10]]
[2019.10.11-09.59.00:231][  0]LogConfig: Setting CVar [[s.UnregisterComponentsTimeLimit:1.0]]
[2019.10.11-09.59.00:231][  0]LogConfig: Setting CVar [[s.LevelStreamingComponentsUnregistrationGranularity:5]]
[2019.10.11-09.59.00:231][  0]LogConfig: Applying CVar settings from Section [/Script/Engine.GarbageCollectionSettings] File [C:/Work/ZR/HowTo_PlayerCamera/Saved/Config/Windows/Engine.ini]
[2019.10.11-09.59.00:231][  0]LogConfig: Setting CVar [[gc.MaxObjectsNotConsideredByGC:1]]
[2019.10.11-09.59.00:231][  0]LogConfig: Setting CVar [[gc.SizeOfPermanentObjectPool:0]]
[2019.10.11-09.59.00:231][  0]LogConfig: Setting CVar [[gc.FlushStreamingOnGC:0]]
[2019.10.11-09.59.00:231][  0]LogConfig: Setting CVar [[gc.NumRetriesBeforeForcingGC:10]]
[2019.10.11-09.59.00:231][  0]LogConfig: Setting CVar [[gc.AllowParallelGC:1]]
[2019.10.11-09.59.00:232][  0]LogConfig: Setting CVar [[gc.TimeBetweenPurgingPendingKillObjects:61.1]]
[2019.10.11-09.59.00:232][  0]LogConfig: Setting CVar [[gc.MaxObjectsInEditor:8388607]]
[2019.10.11-09.59.00:232][  0]LogConfig: Setting CVar [[gc.IncrementalBeginDestroyEnabled:1]]
[2019.10.11-09.59.00:232][  0]LogConfig: Setting CVar [[gc.CreateGCClusters:1]]
[2019.10.11-09.59.00:232][  0]LogConfig: Setting CVar [[gc.MergeGCClusters:0]]
[2019.10.11-09.59.00:232][  0]LogConfig: Setting CVar [[gc.MinGCClusterSize:5]]
[2019.10.11-09.59.00:232][  0]LogConfig: Setting CVar [[gc.ActorClusteringEnabled:0]]
[2019.10.11-09.59.00:232][  0]LogConfig: Setting CVar [[gc.BlueprintClusteringEnabled:0]]
[2019.10.11-09.59.00:232][  0]LogConfig: Setting CVar [[gc.UseDisregardForGCOnDedicatedServers:0]]
[2019.10.11-09.59.00:232][  0]LogConfig: Applying CVar settings from Section [/Script/Engine.NetworkSettings] File [C:/Work/ZR/HowTo_PlayerCamera/Saved/Config/Windows/Engine.ini]
[2019.10.11-09.59.00:232][  0]LogConfig: Applying CVar settings from Section [/Script/UnrealEd.CookerSettings] File [C:/Work/ZR/HowTo_PlayerCamera/Saved/Config/Windows/Engine.ini]
[2019.10.11-09.59.00:237][  0]LogConfig: Applying CVar settings from Section [ViewDistanceQuality@3] File [C:/Work/ZR/HowTo_PlayerCamera/Saved/Config/Windows/Scalability.ini]
[2019.10.11-09.59.00:237][  0]LogConfig: Setting CVar [[r.SkeletalMeshLODBias:0]]
[2019.10.11-09.59.00:237][  0]LogConfig: Setting CVar [[r.ViewDistanceScale:1.0]]
[2019.10.11-09.59.00:237][  0]LogConfig: Applying CVar settings from Section [AntiAliasingQuality@3] File [C:/Work/ZR/HowTo_PlayerCamera/Saved/Config/Windows/Scalability.ini]
[2019.10.11-09.59.00:237][  0]LogConfig: Setting CVar [[r.PostProcessAAQuality:4]]
[2019.10.11-09.59.00:237][  0]LogConfig: Applying CVar settings from Section [ShadowQuality@3] File [C:/Work/ZR/HowTo_PlayerCamera/Saved/Config/Windows/Scalability.ini]
[2019.10.11-09.59.00:237][  0]LogConfig: Setting CVar [[r.LightFunctionQuality:1]]
[2019.10.11-09.59.00:237][  0]LogConfig: Setting CVar [[r.ShadowQuality:5]]
[2019.10.11-09.59.00:237][  0]LogConfig: Setting CVar [[r.Shadow.CSM.MaxCascades:10]]
[2019.10.11-09.59.00:237][  0]LogConfig: Setting CVar [[r.Shadow.MaxResolution:2048]]
[2019.10.11-09.59.00:237][  0]LogConfig: Setting CVar [[r.Shadow.MaxCSMResolution:2048]]
[2019.10.11-09.59.00:237][  0]LogConfig: Setting CVar [[r.Shadow.RadiusThreshold:0.01]]
[2019.10.11-09.59.00:237][  0]LogConfig: Setting CVar [[r.Shadow.DistanceScale:1.0]]
[2019.10.11-09.59.00:237][  0]LogConfig: Setting CVar [[r.Shadow.CSM.TransitionScale:1.0]]
[2019.10.11-09.59.00:237][  0]LogConfig: Setting CVar [[r.Shadow.PreShadowResolutionFactor:1.0]]
[2019.10.11-09.59.00:237][  0]LogConfig: Setting CVar [[r.DistanceFieldShadowing:1]]
[2019.10.11-09.59.00:237][  0]LogConfig: Setting CVar [[r.DistanceFieldAO:1]]
[2019.10.11-09.59.00:237][  0]LogConfig: Setting CVar [[r.AOQuality:2]]
[2019.10.11-09.59.00:237][  0]LogConfig: Setting CVar [[r.VolumetricFog:1]]
[2019.10.11-09.59.00:237][  0]LogConfig: Setting CVar [[r.VolumetricFog.GridPixelSize:8]]
[2019.10.11-09.59.00:237][  0]LogConfig: Setting CVar [[r.VolumetricFog.GridSizeZ:128]]
[2019.10.11-09.59.00:237][  0]LogConfig: Setting CVar [[r.VolumetricFog.HistoryMissSupersampleCount:4]]
[2019.10.11-09.59.00:237][  0]LogConfig: Setting CVar [[r.LightMaxDrawDistanceScale:1]]
[2019.10.11-09.59.00:237][  0]LogConfig: Setting CVar [[r.CapsuleShadows:1]]
[2019.10.11-09.59.00:237][  0]LogConfig: Applying CVar settings from Section [PostProcessQuality@3] File [C:/Work/ZR/HowTo_PlayerCamera/Saved/Config/Windows/Scalability.ini]
[2019.10.11-09.59.00:237][  0]LogConfig: Setting CVar [[r.MotionBlurQuality:4]]
[2019.10.11-09.59.00:237][  0]LogConfig: Setting CVar [[r.AmbientOcclusionMipLevelFactor:0.4]]
[2019.10.11-09.59.00:237][  0]LogConfig: Setting CVar [[r.AmbientOcclusionMaxQuality:100]]
[2019.10.11-09.59.00:237][  0]LogConfig: Setting CVar [[r.AmbientOcclusionLevels:-1]]
[2019.10.11-09.59.00:237][  0]LogConfig: Setting CVar [[r.AmbientOcclusionRadiusScale:1.0]]
[2019.10.11-09.59.00:237][  0]LogConfig: Setting CVar [[r.DepthOfFieldQuality:2]]
[2019.10.11-09.59.00:237][  0]LogConfig: Setting CVar [[r.RenderTargetPoolMin:400]]
[2019.10.11-09.59.00:237][  0]LogConfig: Setting CVar [[r.LensFlareQuality:2]]
[2019.10.11-09.59.00:237][  0]LogConfig: Setting CVar [[r.SceneColorFringeQuality:1]]
[2019.10.11-09.59.00:237][  0]LogConfig: Setting CVar [[r.EyeAdaptationQuality:2]]
[2019.10.11-09.59.00:237][  0]LogConfig: Setting CVar [[r.BloomQuality:5]]
[2019.10.11-09.59.00:237][  0]LogConfig: Setting CVar [[r.FastBlurThreshold:100]]
[2019.10.11-09.59.00:237][  0]LogConfig: Setting CVar [[r.Upscale.Quality:3]]
[2019.10.11-09.59.00:237][  0]LogConfig: Setting CVar [[r.Tonemapper.GrainQuantization:1]]
[2019.10.11-09.59.00:237][  0]LogConfig: Setting CVar [[r.LightShaftQuality:1]]
[2019.10.11-09.59.00:237][  0]LogConfig: Setting CVar [[r.Filter.SizeScale:1]]
[2019.10.11-09.59.00:237][  0]LogConfig: Setting CVar [[r.Tonemapper.Quality:5]]
[2019.10.11-09.59.00:237][  0]LogConfig: Setting CVar [[r.DOF.Gather.AccumulatorQuality:1        ; higher gathering accumulator quality]]
[2019.10.11-09.59.00:237][  0]LogConfig: Setting CVar [[r.DOF.Gather.PostfilterMethod:1          ; Median3x3 postfilering method]]
[2019.10.11-09.59.00:237][  0]LogConfig: Setting CVar [[r.DOF.Gather.EnableBokehSettings:0       ; no bokeh simulation when gathering]]
[2019.10.11-09.59.00:237][  0]LogConfig: Setting CVar [[r.DOF.Gather.RingCount:4                 ; medium number of samples when gathering]]
[2019.10.11-09.59.00:237][  0]LogConfig: Setting CVar [[r.DOF.Scatter.ForegroundCompositing:1    ; additive foreground scattering]]
[2019.10.11-09.59.00:237][  0]LogConfig: Setting CVar [[r.DOF.Scatter.BackgroundCompositing:2    ; additive background scattering]]
[2019.10.11-09.59.00:237][  0]LogConfig: Setting CVar [[r.DOF.Scatter.EnableBokehSettings:1      ; bokeh simulation when scattering]]
[2019.10.11-09.59.00:237][  0]LogConfig: Setting CVar [[r.DOF.Scatter.MaxSpriteRatio:0.1         ; only a maximum of 10% of scattered bokeh]]
[2019.10.11-09.59.00:237][  0]LogConfig: Setting CVar [[r.DOF.Recombine.Quality:1                ; cheap slight out of focus]]
[2019.10.11-09.59.00:237][  0]LogConfig: Setting CVar [[r.DOF.Recombine.EnableBokehSettings:0    ; no bokeh simulation on slight out of focus]]
[2019.10.11-09.59.00:237][  0]LogConfig: Setting CVar [[r.DOF.TemporalAAQuality:1                ; more stable temporal accumulation]]
[2019.10.11-09.59.00:237][  0]LogConfig: Setting CVar [[r.DOF.Kernel.MaxForegroundRadius:0.025]]
[2019.10.11-09.59.00:237][  0]LogConfig: Setting CVar [[r.DOF.Kernel.MaxBackgroundRadius:0.025]]
[2019.10.11-09.59.00:238][  0]LogConfig: Applying CVar settings from Section [TextureQuality@3] File [C:/Work/ZR/HowTo_PlayerCamera/Saved/Config/Windows/Scalability.ini]
[2019.10.11-09.59.00:238][  0]LogConfig: Setting CVar [[r.Streaming.MipBias:0]]
[2019.10.11-09.59.00:238][  0]LogConfig: Setting CVar [[r.Streaming.AmortizeCPUToGPUCopy:0]]
[2019.10.11-09.59.00:238][  0]LogConfig: Setting CVar [[r.Streaming.MaxNumTexturesToStreamPerFrame:0]]
[2019.10.11-09.59.00:238][  0]LogConfig: Setting CVar [[r.Streaming.Boost:1]]
[2019.10.11-09.59.00:238][  0]LogConfig: Setting CVar [[r.MaxAnisotropy:8]]
[2019.10.11-09.59.00:238][  0]LogConfig: Setting CVar [[r.Streaming.LimitPoolSizeToVRAM:0]]
[2019.10.11-09.59.00:238][  0]LogConfig: Setting CVar [[r.Streaming.PoolSize:1000]]
[2019.10.11-09.59.00:238][  0]LogConfig: Setting CVar [[r.Streaming.MaxEffectiveScreenSize:0]]
[2019.10.11-09.59.00:238][  0]LogConfig: Applying CVar settings from Section [EffectsQuality@3] File [C:/Work/ZR/HowTo_PlayerCamera/Saved/Config/Windows/Scalability.ini]
[2019.10.11-09.59.00:238][  0]LogConfig: Setting CVar [[r.TranslucencyLightingVolumeDim:64]]
[2019.10.11-09.59.00:238][  0]LogConfig: Setting CVar [[r.RefractionQuality:2]]
[2019.10.11-09.59.00:238][  0]LogConfig: Setting CVar [[r.SSR.Quality:3]]
[2019.10.11-09.59.00:238][  0]LogConfig: Setting CVar [[r.SceneColorFormat:4]]
[2019.10.11-09.59.00:238][  0]LogConfig: Setting CVar [[r.DetailMode:2]]
[2019.10.11-09.59.00:238][  0]LogConfig: Setting CVar [[r.TranslucencyVolumeBlur:1]]
[2019.10.11-09.59.00:238][  0]LogConfig: Setting CVar [[r.MaterialQualityLevel:1 ; High quality]]
[2019.10.11-09.59.00:238][  0]LogConfig: Setting CVar [[r.SSS.Scale:1]]
[2019.10.11-09.59.00:238][  0]LogConfig: Setting CVar [[r.SSS.SampleSet:2]]
[2019.10.11-09.59.00:238][  0]LogConfig: Setting CVar [[r.SSS.Quality:1]]
[2019.10.11-09.59.00:238][  0]LogConfig: Setting CVar [[r.SSS.HalfRes:1]]
[2019.10.11-09.59.00:238][  0]LogConfig: Setting CVar [[r.EmitterSpawnRateScale:1.0]]
[2019.10.11-09.59.00:238][  0]LogConfig: Setting CVar [[r.ParticleLightQuality:2]]
[2019.10.11-09.59.00:238][  0]LogConfig: Applying CVar settings from Section [FoliageQuality@3] File [C:/Work/ZR/HowTo_PlayerCamera/Saved/Config/Windows/Scalability.ini]
[2019.10.11-09.59.00:238][  0]LogConfig: Setting CVar [[foliage.DensityScale:1.0]]
[2019.10.11-09.59.00:238][  0]LogConfig: Setting CVar [[grass.DensityScale:1.0]]
[2019.10.11-09.59.00:238][  0]LogInit: Selected Device Profile: [Windows]
[2019.10.11-09.59.00:238][  0]LogInit: Applying CVar settings loaded from the selected device profile: [Windows]
[2019.10.11-09.59.00:245][  0]LogHAL: Display: Platform has ~ 16 GB [17027514368 / 17179869184 / 16], which maps to Larger [LargestMinGB=32, LargerMinGB=12, DefaultMinGB=8, SmallerMinGB=6, SmallestMinGB=0)
[2019.10.11-09.59.00:245][  0]LogConfig: Setting CVar [[r.Vulkan.UseRealUBs:1]]
[2019.10.11-09.59.00:245][  0]LogInit: Going up to parent DeviceProfile []
[2019.10.11-09.59.00:245][  0]LogConfig: Applying CVar settings from Section [ViewDistanceQuality@3] File [C:/Work/ZR/HowTo_PlayerCamera/Saved/Config/Windows/Scalability.ini]
[2019.10.11-09.59.00:245][  0]LogConfig: Setting CVar [[r.SkeletalMeshLODBias:0]]
[2019.10.11-09.59.00:245][  0]LogConfig: Setting CVar [[r.ViewDistanceScale:1.0]]
[2019.10.11-09.59.00:245][  0]LogConfig: Applying CVar settings from Section [AntiAliasingQuality@3] File [C:/Work/ZR/HowTo_PlayerCamera/Saved/Config/Windows/Scalability.ini]
[2019.10.11-09.59.00:245][  0]LogConfig: Setting CVar [[r.PostProcessAAQuality:4]]
[2019.10.11-09.59.00:245][  0]LogConfig: Applying CVar settings from Section [ShadowQuality@3] File [C:/Work/ZR/HowTo_PlayerCamera/Saved/Config/Windows/Scalability.ini]
[2019.10.11-09.59.00:245][  0]LogConfig: Setting CVar [[r.LightFunctionQuality:1]]
[2019.10.11-09.59.00:245][  0]LogConfig: Setting CVar [[r.ShadowQuality:5]]
[2019.10.11-09.59.00:245][  0]LogConfig: Setting CVar [[r.Shadow.CSM.MaxCascades:10]]
[2019.10.11-09.59.00:245][  0]LogConfig: Setting CVar [[r.Shadow.MaxResolution:2048]]
[2019.10.11-09.59.00:245][  0]LogConfig: Setting CVar [[r.Shadow.MaxCSMResolution:2048]]
[2019.10.11-09.59.00:245][  0]LogConfig: Setting CVar [[r.Shadow.RadiusThreshold:0.01]]
[2019.10.11-09.59.00:245][  0]LogConfig: Setting CVar [[r.Shadow.DistanceScale:1.0]]
[2019.10.11-09.59.00:245][  0]LogConfig: Setting CVar [[r.Shadow.CSM.TransitionScale:1.0]]
[2019.10.11-09.59.00:245][  0]LogConfig: Setting CVar [[r.Shadow.PreShadowResolutionFactor:1.0]]
[2019.10.11-09.59.00:245][  0]LogConfig: Setting CVar [[r.DistanceFieldShadowing:1]]
[2019.10.11-09.59.00:245][  0]LogConfig: Setting CVar [[r.DistanceFieldAO:1]]
[2019.10.11-09.59.00:245][  0]LogConfig: Setting CVar [[r.AOQuality:2]]
[2019.10.11-09.59.00:245][  0]LogConfig: Setting CVar [[r.VolumetricFog:1]]
[2019.10.11-09.59.00:245][  0]LogConfig: Setting CVar [[r.VolumetricFog.GridPixelSize:8]]
[2019.10.11-09.59.00:245][  0]LogConfig: Setting CVar [[r.VolumetricFog.GridSizeZ:128]]
[2019.10.11-09.59.00:245][  0]LogConfig: Setting CVar [[r.VolumetricFog.HistoryMissSupersampleCount:4]]
[2019.10.11-09.59.00:245][  0]LogConfig: Setting CVar [[r.LightMaxDrawDistanceScale:1]]
[2019.10.11-09.59.00:245][  0]LogConfig: Setting CVar [[r.CapsuleShadows:1]]
[2019.10.11-09.59.00:245][  0]LogConfig: Applying CVar settings from Section [PostProcessQuality@3] File [C:/Work/ZR/HowTo_PlayerCamera/Saved/Config/Windows/Scalability.ini]
[2019.10.11-09.59.00:245][  0]LogConfig: Setting CVar [[r.MotionBlurQuality:4]]
[2019.10.11-09.59.00:245][  0]LogConfig: Setting CVar [[r.AmbientOcclusionMipLevelFactor:0.4]]
[2019.10.11-09.59.00:245][  0]LogConfig: Setting CVar [[r.AmbientOcclusionMaxQuality:100]]
[2019.10.11-09.59.00:245][  0]LogConfig: Setting CVar [[r.AmbientOcclusionLevels:-1]]
[2019.10.11-09.59.00:245][  0]LogConfig: Setting CVar [[r.AmbientOcclusionRadiusScale:1.0]]
[2019.10.11-09.59.00:245][  0]LogConfig: Setting CVar [[r.DepthOfFieldQuality:2]]
[2019.10.11-09.59.00:245][  0]LogConfig: Setting CVar [[r.RenderTargetPoolMin:400]]
[2019.10.11-09.59.00:245][  0]LogConfig: Setting CVar [[r.LensFlareQuality:2]]
[2019.10.11-09.59.00:245][  0]LogConfig: Setting CVar [[r.SceneColorFringeQuality:1]]
[2019.10.11-09.59.00:245][  0]LogConfig: Setting CVar [[r.EyeAdaptationQuality:2]]
[2019.10.11-09.59.00:245][  0]LogConfig: Setting CVar [[r.BloomQuality:5]]
[2019.10.11-09.59.00:245][  0]LogConfig: Setting CVar [[r.FastBlurThreshold:100]]
[2019.10.11-09.59.00:245][  0]LogConfig: Setting CVar [[r.Upscale.Quality:3]]
[2019.10.11-09.59.00:245][  0]LogConfig: Setting CVar [[r.Tonemapper.GrainQuantization:1]]
[2019.10.11-09.59.00:245][  0]LogConfig: Setting CVar [[r.LightShaftQuality:1]]
[2019.10.11-09.59.00:245][  0]LogConfig: Setting CVar [[r.Filter.SizeScale:1]]
[2019.10.11-09.59.00:245][  0]LogConfig: Setting CVar [[r.Tonemapper.Quality:5]]
[2019.10.11-09.59.00:245][  0]LogConfig: Setting CVar [[r.DOF.Gather.AccumulatorQuality:1        ; higher gathering accumulator quality]]
[2019.10.11-09.59.00:245][  0]LogConfig: Setting CVar [[r.DOF.Gather.PostfilterMethod:1          ; Median3x3 postfilering method]]
[2019.10.11-09.59.00:245][  0]LogConfig: Setting CVar [[r.DOF.Gather.EnableBokehSettings:0       ; no bokeh simulation when gathering]]
[2019.10.11-09.59.00:245][  0]LogConfig: Setting CVar [[r.DOF.Gather.RingCount:4                 ; medium number of samples when gathering]]
[2019.10.11-09.59.00:245][  0]LogConfig: Setting CVar [[r.DOF.Scatter.ForegroundCompositing:1    ; additive foreground scattering]]
[2019.10.11-09.59.00:245][  0]LogConfig: Setting CVar [[r.DOF.Scatter.BackgroundCompositing:2    ; additive background scattering]]
[2019.10.11-09.59.00:245][  0]LogConfig: Setting CVar [[r.DOF.Scatter.EnableBokehSettings:1      ; bokeh simulation when scattering]]
[2019.10.11-09.59.00:245][  0]LogConfig: Setting CVar [[r.DOF.Scatter.MaxSpriteRatio:0.1         ; only a maximum of 10% of scattered bokeh]]
[2019.10.11-09.59.00:245][  0]LogConfig: Setting CVar [[r.DOF.Recombine.Quality:1                ; cheap slight out of focus]]
[2019.10.11-09.59.00:245][  0]LogConfig: Setting CVar [[r.DOF.Recombine.EnableBokehSettings:0    ; no bokeh simulation on slight out of focus]]
[2019.10.11-09.59.00:245][  0]LogConfig: Setting CVar [[r.DOF.TemporalAAQuality:1                ; more stable temporal accumulation]]
[2019.10.11-09.59.00:245][  0]LogConfig: Setting CVar [[r.DOF.Kernel.MaxForegroundRadius:0.025]]
[2019.10.11-09.59.00:245][  0]LogConfig: Setting CVar [[r.DOF.Kernel.MaxBackgroundRadius:0.025]]
[2019.10.11-09.59.00:245][  0]LogConfig: Applying CVar settings from Section [TextureQuality@3] File [C:/Work/ZR/HowTo_PlayerCamera/Saved/Config/Windows/Scalability.ini]
[2019.10.11-09.59.00:245][  0]LogConfig: Setting CVar [[r.Streaming.MipBias:0]]
[2019.10.11-09.59.00:245][  0]LogConfig: Setting CVar [[r.Streaming.AmortizeCPUToGPUCopy:0]]
[2019.10.11-09.59.00:245][  0]LogConfig: Setting CVar [[r.Streaming.MaxNumTexturesToStreamPerFrame:0]]
[2019.10.11-09.59.00:245][  0]LogConfig: Setting CVar [[r.Streaming.Boost:1]]
[2019.10.11-09.59.00:245][  0]LogConfig: Setting CVar [[r.MaxAnisotropy:8]]
[2019.10.11-09.59.00:245][  0]LogConfig: Setting CVar [[r.Streaming.LimitPoolSizeToVRAM:0]]
[2019.10.11-09.59.00:245][  0]LogConfig: Setting CVar [[r.Streaming.PoolSize:1000]]
[2019.10.11-09.59.00:245][  0]LogConfig: Setting CVar [[r.Streaming.MaxEffectiveScreenSize:0]]
[2019.10.11-09.59.00:245][  0]LogConfig: Applying CVar settings from Section [EffectsQuality@3] File [C:/Work/ZR/HowTo_PlayerCamera/Saved/Config/Windows/Scalability.ini]
[2019.10.11-09.59.00:246][  0]LogConfig: Setting CVar [[r.TranslucencyLightingVolumeDim:64]]
[2019.10.11-09.59.00:246][  0]LogConfig: Setting CVar [[r.RefractionQuality:2]]
[2019.10.11-09.59.00:246][  0]LogConfig: Setting CVar [[r.SSR.Quality:3]]
[2019.10.11-09.59.00:246][  0]LogConfig: Setting CVar [[r.SceneColorFormat:4]]
[2019.10.11-09.59.00:246][  0]LogConfig: Setting CVar [[r.DetailMode:2]]
[2019.10.11-09.59.00:246][  0]LogConfig: Setting CVar [[r.TranslucencyVolumeBlur:1]]
[2019.10.11-09.59.00:246][  0]LogConfig: Setting CVar [[r.MaterialQualityLevel:1 ; High quality]]
[2019.10.11-09.59.00:246][  0]LogConfig: Setting CVar [[r.SSS.Scale:1]]
[2019.10.11-09.59.00:246][  0]LogConfig: Setting CVar [[r.SSS.SampleSet:2]]
[2019.10.11-09.59.00:246][  0]LogConfig: Setting CVar [[r.SSS.Quality:1]]
[2019.10.11-09.59.00:246][  0]LogConfig: Setting CVar [[r.SSS.HalfRes:1]]
[2019.10.11-09.59.00:246][  0]LogConfig: Setting CVar [[r.EmitterSpawnRateScale:1.0]]
[2019.10.11-09.59.00:246][  0]LogConfig: Setting CVar [[r.ParticleLightQuality:2]]
[2019.10.11-09.59.00:246][  0]LogConfig: Applying CVar settings from Section [FoliageQuality@3] File [C:/Work/ZR/HowTo_PlayerCamera/Saved/Config/Windows/Scalability.ini]
[2019.10.11-09.59.00:246][  0]LogConfig: Setting CVar [[foliage.DensityScale:1.0]]
[2019.10.11-09.59.00:246][  0]LogConfig: Setting CVar [[grass.DensityScale:1.0]]
[2019.10.11-09.59.00:246][  0]LogConfig: Applying CVar settings from Section [Startup] File [../../../Engine/Config/ConsoleVariables.ini]
[2019.10.11-09.59.00:246][  0]LogConfig: Setting CVar [[net.UseAdaptiveNetUpdateFrequency:0]]
[2019.10.11-09.59.00:246][  0]LogConfig: Applying CVar settings from Section [ConsoleVariables] File [C:/Work/ZR/HowTo_PlayerCamera/Saved/Config/Windows/Engine.ini]
[2019.10.11-09.59.00:246][  0]LogInit: Computer: SJ504-30
[2019.10.11-09.59.00:246][  0]LogInit: User: u1756073
[2019.10.11-09.59.00:246][  0]LogInit: CPU Page size=4096, Cores=4
[2019.10.11-09.59.00:246][  0]LogInit: High frequency timer resolution =10.000000 MHz
[2019.10.11-09.59.00:246][  0]LogMemory: Memory total: Physical=15.9GB (16GB approx)
[2019.10.11-09.59.00:246][  0]LogMemory: Platform Memory Stats for Windows
[2019.10.11-09.59.00:246][  0]LogMemory: Process Physical Memory: 103.12 MB used, 103.12 MB peak
[2019.10.11-09.59.00:246][  0]LogMemory: Process Virtual Memory: 89.62 MB used, 89.62 MB peak
[2019.10.11-09.59.00:246][  0]LogMemory: Physical Memory: 7485.92 MB used,  8752.78 MB free, 16238.70 MB total
[2019.10.11-09.59.00:246][  0]LogMemory: Virtual Memory: 4648.44 MB used,  134213080.00 MB free, 134217728.00 MB total
[2019.10.11-09.59.00:265][  0]LogInit: Using OS detected language (en-US).
[2019.10.11-09.59.00:265][  0]LogInit: Using OS detected locale (en-GB).
[2019.10.11-09.59.00:266][  0]LogTextLocalizationManager: No specific localization for 'en-US' exists, so the 'en' localization will be used.
[2019.10.11-09.59.00:600][  0]LogStreaming: Display: Took  0.335s to InitEngineTextLocalization.
[2019.10.11-09.59.00:600][  0]LogInit: Setting process to per monitor DPI aware
[2019.10.11-09.59.00:644][  0]LogSlate: New Slate User Created.  User Index 0, Is Virtual User: 0
[2019.10.11-09.59.00:644][  0]LogSlate: Slate User Registered.  User Index 0, Is Virtual User: 0
[2019.10.11-09.59.01:041][  0]LogHMD: Failed to initialize OpenVR with code 110
[2019.10.11-09.59.01:041][  0]LogD3D11RHI: D3D11 adapters:
[2019.10.11-09.59.01:101][  0]LogD3D11RHI:    0. 'NVIDIA GeForce GTX 1070' (Feature Level 11_0)
[2019.10.11-09.59.01:101][  0]LogD3D11RHI:       8088/0/8119 MB DedicatedVideo/DedicatedSystem/SharedSystem, Outputs:2, VendorId:0x10de
[2019.10.11-09.59.01:131][  0]LogD3D11RHI:    1. 'Intel(R) HD Graphics 630' (Feature Level 11_0)
[2019.10.11-09.59.01:132][  0]LogD3D11RHI:       128/0/8119 MB DedicatedVideo/DedicatedSystem/SharedSystem, Outputs:0, VendorId:0x8086
[2019.10.11-09.59.01:134][  0]LogD3D11RHI:    2. 'Microsoft Basic Render Driver' (Feature Level 11_0)
[2019.10.11-09.59.01:134][  0]LogD3D11RHI:       0/0/8119 MB DedicatedVideo/DedicatedSystem/SharedSystem, Outputs:0, VendorId:0x1414
[2019.10.11-09.59.01:134][  0]LogD3D11RHI: Chosen D3D11 Adapter: 0
[2019.10.11-09.59.01:140][  0]LogD3D11RHI: Creating new Direct3DDevice
[2019.10.11-09.59.01:140][  0]LogD3D11RHI:     GPU DeviceId: 0x1b81 (for the marketing name, search the web for "GPU Device Id")
[2019.10.11-09.59.01:140][  0]LogWindows: EnumDisplayDevices:
[2019.10.11-09.59.01:140][  0]LogWindows:    0. 'NVIDIA GeForce GTX 1070' (P:0 D:1)
[2019.10.11-09.59.01:140][  0]LogWindows:    1. 'NVIDIA GeForce GTX 1070' (P:1 D:1)
[2019.10.11-09.59.01:140][  0]LogWindows:    2. 'NVIDIA GeForce GTX 1070' (P:0 D:0)
[2019.10.11-09.59.01:141][  0]LogWindows:    3. 'NVIDIA GeForce GTX 1070' (P:0 D:0)
[2019.10.11-09.59.01:141][  0]LogWindows:    4. 'Intel(R) HD Graphics 630' (P:0 D:0)
[2019.10.11-09.59.01:141][  0]LogWindows:    5. 'Intel(R) HD Graphics 630' (P:0 D:0)
[2019.10.11-09.59.01:142][  0]LogWindows:    6. 'Intel(R) HD Graphics 630' (P:0 D:0)
[2019.10.11-09.59.01:142][  0]LogWindows: DebugString: PrimaryIsNotTheChoosenAdapter PrimaryIsNotTheChoosenAdapter PrimaryIsNotTheChoosenAdapter FoundDriverCount:4 
[2019.10.11-09.59.01:142][  0]LogD3D11RHI:     Adapter Name: NVIDIA GeForce GTX 1070
[2019.10.11-09.59.01:142][  0]LogD3D11RHI:   Driver Version: 430.86 (internal:26.21.14.3086, unified:430.86)
[2019.10.11-09.59.01:142][  0]LogD3D11RHI:      Driver Date: 5-22-2019
[2019.10.11-09.59.01:142][  0]LogRHI: Texture pool is 5661 MB (70% of 8088 MB)
[2019.10.11-09.59.01:178][  0]LogD3D11RHI: Async texture creation enabled
[2019.10.11-09.59.01:190][  0]LogD3D11RHI: GPU Timing Frequency: 1000.000000 (Debug: 2 1)
[2019.10.11-09.59.01:657][  0]LogTemp: Display: Loaded TP AllDesktopTargetPlatform
[2019.10.11-09.59.01:673][  0]LogTemp: Display: Loaded TP MacClientTargetPlatform
[2019.10.11-09.59.01:684][  0]LogTemp: Display: Loaded TP MacNoEditorTargetPlatform
[2019.10.11-09.59.01:695][  0]LogTemp: Display: Loaded TP MacServerTargetPlatform
[2019.10.11-09.59.01:712][  0]LogTemp: Display: Loaded TP MacTargetPlatform
[2019.10.11-09.59.01:724][  0]LogTemp: Display: Loaded TP WindowsClientTargetPlatform
[2019.10.11-09.59.01:739][  0]LogTemp: Display: Loaded TP WindowsNoEditorTargetPlatform
[2019.10.11-09.59.01:750][  0]LogTemp: Display: Loaded TP WindowsServerTargetPlatform
[2019.10.11-09.59.01:755][  0]LogTemp: Display: Loaded TP WindowsTargetPlatform
[2019.10.11-09.59.01:826][  0]LogTemp: Display: Loaded TP AndroidTargetPlatform
[2019.10.11-09.59.01:826][  0]LogTemp: Display: Loaded TP AndroidTargetPlatform
[2019.10.11-09.59.01:826][  0]LogTemp: Display: Loaded TP AndroidTargetPlatform
[2019.10.11-09.59.01:826][  0]LogTemp: Display: Loaded TP AndroidTargetPlatform
[2019.10.11-09.59.01:826][  0]LogTemp: Display: Loaded TP AndroidTargetPlatform
[2019.10.11-09.59.01:826][  0]LogTemp: Display: Loaded TP AndroidTargetPlatform
[2019.10.11-09.59.01:826][  0]LogTemp: Display: Loaded TP AndroidTargetPlatform
[2019.10.11-09.59.01:826][  0]LogTemp: Display: Loaded TP AndroidTargetPlatform
[2019.10.11-09.59.01:826][  0]LogTemp: Display: Loaded TP AndroidTargetPlatform
[2019.10.11-09.59.01:826][  0]LogTemp: Display: Loaded TP AndroidTargetPlatform
[2019.10.11-09.59.01:826][  0]LogTemp: Display: Loaded TP AndroidTargetPlatform
[2019.10.11-09.59.01:826][  0]LogTemp: Display: Loaded TP AndroidTargetPlatform
[2019.10.11-09.59.01:826][  0]LogTemp: Display: Loaded TP AndroidTargetPlatform
[2019.10.11-09.59.01:826][  0]LogTemp: Display: Loaded TP AndroidTargetPlatform
[2019.10.11-09.59.01:826][  0]LogTemp: Display: Loaded TP AndroidTargetPlatform
[2019.10.11-09.59.01:826][  0]LogTemp: Display: Loaded TP AndroidTargetPlatform
[2019.10.11-09.59.01:826][  0]LogTemp: Display: Loaded TP AndroidTargetPlatform
[2019.10.11-09.59.01:826][  0]LogTemp: Display: Loaded TP AndroidTargetPlatform
[2019.10.11-09.59.01:828][  0]LogTemp: Display: Loaded TP HTML5TargetPlatform
[2019.10.11-09.59.01:888][  0]LogTemp: Display: Loaded TP IOSTargetPlatform
[2019.10.11-09.59.01:888][  0]LogTemp: Display: Loaded TP IOSTargetPlatform
[2019.10.11-09.59.01:909][  0]LogTemp: Display: Loaded TP TVOSTargetPlatform
[2019.10.11-09.59.01:909][  0]LogTemp: Display: Loaded TP TVOSTargetPlatform
[2019.10.11-09.59.01:920][  0]LogTemp: Display: Loaded TP LinuxClientTargetPlatform
[2019.10.11-09.59.01:930][  0]LogTemp: Display: Loaded TP LinuxNoEditorTargetPlatform
[2019.10.11-09.59.01:941][  0]LogTemp: Display: Loaded TP LinuxServerTargetPlatform
[2019.10.11-09.59.01:952][  0]LogTemp: Display: Loaded TP LinuxTargetPlatform
[2019.10.11-09.59.01:998][  0]LogTemp: Display: Loaded TP LuminTargetPlatform
[2019.10.11-09.59.01:998][  0]LogTemp: Display: Loaded TP LuminTargetPlatform
[2019.10.11-09.59.01:998][  0]LogTargetPlatformManager: Display: Building Assets For Windows
[2019.10.11-09.59.02:053][  0]LogShaderCompilers: Guid format shader working directory is 4 characters bigger than the processId version (../../../../../../Work/ZR/HowTo_PlayerCamera/Intermediate/Shaders/WorkingDirectory/16712/).
[2019.10.11-09.59.02:053][  0]LogShaderCompilers: Cleaned the shader compiler working directory 'C:/Users/u1756073/AppData/Local/Temp/UnrealShaderWorkingDir/0609196547D2B41075BD68AFAAA59D14/'.
[2019.10.11-09.59.02:054][  0]LogXGEController: Cannot use XGE Controller as Incredibuild is not installed on this machine.
[2019.10.11-09.59.02:054][  0]LogShaderCompilers: Cannot use XGE Shader Compiler as Incredibuild is not installed on this machine.
[2019.10.11-09.59.02:054][  0]LogShaderCompilers: Display: Using Local Shader Compiler.
[2019.10.11-09.59.02:571][  0]LogDerivedDataCache: Display: Max Cache Size: 512 MB
[2019.10.11-09.59.02:631][  0]LogDerivedDataCache: Loaded boot cache 0.06s 86MB C:/Users/u1756073/AppData/Local/UnrealEngine/4.21/DerivedDataCache/Boot.ddc.
[2019.10.11-09.59.02:631][  0]LogDerivedDataCache: Display: Loaded Boot cache: C:/Users/u1756073/AppData/Local/UnrealEngine/4.21/DerivedDataCache/Boot.ddc
[2019.10.11-09.59.02:631][  0]LogDerivedDataCache: FDerivedDataBackendGraph:  Pak pak cache file ../../../../../../Work/ZR/HowTo_PlayerCamera/DerivedDataCache/DDC.ddp not found, will not use a pak cache.
[2019.10.11-09.59.02:631][  0]LogDerivedDataCache: Unable to find inner node Pak for hierarchical cache Hierarchy.
[2019.10.11-09.59.02:631][  0]LogDerivedDataCache: FDerivedDataBackendGraph:  CompressedPak pak cache file ../../../../../../Work/ZR/HowTo_PlayerCamera/DerivedDataCache/Compressed.ddp not found, will not use a pak cache.
[2019.10.11-09.59.02:631][  0]LogDerivedDataCache: Unable to find inner node CompressedPak for hierarchical cache Hierarchy.
[2019.10.11-09.59.02:644][  0]LogDerivedDataCache: Display: Pak cache opened for reading ../../../Engine/DerivedDataCache/Compressed.ddp.
[2019.10.11-09.59.02:648][  0]LogDerivedDataCache: Display: Pak cache opened for reading ../../../Enterprise/DerivedDataCache/Compressed.ddp.
[2019.10.11-09.59.02:659][  0]LogDerivedDataCache: Using Local data cache path C:/Users/u1756073/AppData/Local/UnrealEngine/Common/DerivedDataCache: Writable
[2019.10.11-09.59.02:659][  0]LogDerivedDataCache: Shared data cache path not found in *engine.ini, will not use an Shared cache.
[2019.10.11-09.59.02:659][  0]LogDerivedDataCache: Unable to find inner node Shared for hierarchical cache Hierarchy.
[2019.10.11-09.59.02:685][  0]LogMaterial: Verifying Global Shaders for PCD3D_SM5
[2019.10.11-09.59.02:686][  0]LogSlate: Using FreeType 2.6.0
[2019.10.11-09.59.02:687][  0]LogSlate: SlateFontServices - WITH_FREETYPE: 1, WITH_HARFBUZZ: 1
[2019.10.11-09.59.02:804][  0]LogAssetRegistry: FAssetRegistry took 0.0321 seconds to start up
[2019.10.11-09.59.03:096][  0]LogInit: Selected Device Profile: [Windows]
[2019.10.11-09.59.03:229][  0]LogSimplygon: Simplygon DLL not present - disabling.
[2019.10.11-09.59.03:232][  0]LogMeshReduction: Using SimplygonSwarm for distributed automatic mesh merging
[2019.10.11-09.59.03:232][  0]LogMeshReduction: Using ProxyLODMeshReduction for automatic mesh merging
[2019.10.11-09.59.03:232][  0]LogMeshReduction: Using QuadricMeshReduction for automatic static mesh reduction
[2019.10.11-09.59.03:232][  0]LogMeshReduction: No automatic skeletal mesh reduction module available
[2019.10.11-09.59.03:246][  0]LogNetVersion: HowTo_PlayerCamera 1.0.0, NetCL: 4541578, EngineNetVer: 5, GameNetVer: 0 (Checksum: 4143685883)
[2019.10.11-09.59.03:785][  0]LogPackageLocalizationCache: Processed 14 localized package path(s) for 2 prioritized culture(s) in 0.093710 seconds
[2019.10.11-09.59.03:790][  0]LogUObjectArray: 39775 objects as part of root set at end of initial load.
[2019.10.11-09.59.03:790][  0]LogUObjectAllocator: 6914664 out of 0 bytes used by permanent object pool.
[2019.10.11-09.59.03:790][  0]LogUObjectArray: CloseDisregardForGC: 0/0 objects in disregard for GC pool
[2019.10.11-09.59.04:920][  0]LogTcpMessaging: Initializing TcpMessaging bridge
[2019.10.11-09.59.04:942][  0]LogUdpMessaging: Initializing bridge on interface 0.0.0.0:0 to multicast group 230.0.0.1:6666.
[2019.10.11-09.59.05:910][  0]SourceControl: Source control is disabled
[2019.10.11-09.59.05:910][  0]SourceControl: Source control is disabled
[2019.10.11-09.59.05:912][  0]SourceControl: Source control is disabled
[2019.10.11-09.59.05:913][  0]SourceControl: Source control is disabled
[2019.10.11-09.59.06:138][  0]LogAndroidPermission: UAndroidPermissionCallbackProxy::GetInstance
[2019.10.11-09.59.06:265][  0]LogOcInput: OculusInput pre-init called
[2019.10.11-09.59.08:549][  0]LogEngine: Initializing Engine...
[2019.10.11-09.59.08:550][  0]LogHMD: Failed to initialize OpenVR with code 110
[2019.10.11-09.59.08:551][  0]LogStats: UGameplayTagsManager::ConstructGameplayTagTree: ImportINI prefixes -  0.000 s
[2019.10.11-09.59.08:551][  0]LogStats: UGameplayTagsManager::ConstructGameplayTagTree: Construct from data asset -  0.000 s
[2019.10.11-09.59.08:551][  0]LogStats: UGameplayTagsManager::ConstructGameplayTagTree: ImportINI -  0.000 s
[2019.10.11-09.59.08:551][  0]LogStats: UGameplayTagsManager::ConstructGameplayTagTree: GameplayTagTreeChangedEvent.Broadcast -  0.000 s
[2019.10.11-09.59.08:766][  0]LogInit: Initializing FReadOnlyCVARCache
[2019.10.11-09.59.08:778][  0]LogAIModule: Creating AISystem for world Untitled
[2019.10.11-09.59.08:844][  0]LogInit: XAudio2 using 'PLE2283H (NVIDIA High Definition Audio)' : 2 channels at 48 kHz using 16 bits per sample (channel mask 0x3)
[2019.10.11-09.59.08:881][  0]LogInit: FAudioDevice initialized.
[2019.10.11-09.59.08:881][  0]LogNetVersion: Set ProjectVersion to 1.0.0.0. Version Checksum will be recalculated on next use.
[2019.10.11-09.59.08:964][  0]LogDerivedDataCache: Saved boot cache 0.08s 87MB C:/Users/u1756073/AppData/Local/UnrealEngine/4.21/DerivedDataCache/Boot.ddc.
[2019.10.11-09.59.08:971][  0]LogInit: Texture streaming: Enabled
[2019.10.11-09.59.08:991][  0]LogEngineSessionManager: EngineSessionManager initialized
[2019.10.11-09.59.09:008][  0]LogInit: Transaction tracking system initialized
[2019.10.11-09.59.09:053][  0]BlueprintLog: New page: Editor Load
[2019.10.11-09.59.09:181][  0]LocalizationService: Localization service is disabled
[2019.10.11-09.59.09:641][  0]LogFileCache: Scanning file cache for directory 'C:/Work/ZR/HowTo_PlayerCamera/Content/' took 0.01s
[2019.10.11-09.59.09:641][  0]LogCook: Display: Max memory allowance for cook 16384mb min free memory 0mb
[2019.10.11-09.59.09:641][  0]LogCook: Display: Mobile HDR setting 1
[2019.10.11-09.59.09:641][  0]LogGameplayTags: Display: UGameplayTagsManager::DoneAddingNativeTags. DelegateIsBound: 0
[2019.10.11-09.59.09:641][  0]LogStats: UGameplayTagsManager::ConstructGameplayTagTree: ImportINI prefixes -  0.000 s
[2019.10.11-09.59.09:641][  0]LogStats: UGameplayTagsManager::ConstructGameplayTagTree: Construct from data asset -  0.000 s
[2019.10.11-09.59.09:641][  0]LogStats: UGameplayTagsManager::ConstructGameplayTagTree: ImportINI -  0.000 s
[2019.10.11-09.59.09:641][  0]LogStats: UGameplayTagsManager::ConstructGameplayTagTree: GameplayTagTreeChangedEvent.Broadcast -  0.000 s
[2019.10.11-09.59.11:562][  0]SourceControl: Source control is disabled
[2019.10.11-09.59.11:563][  0]Cmd: MAP LOAD FILE="../../../Engine/Content/Maps/Templates/Template_Default.umap" TEMPLATE=1 SHOWPROGRESS=1 FEATURELEVEL=3
[2019.10.11-09.59.11:563][  0]LightingResults: New page: Lighting Build
[2019.10.11-09.59.11:565][  0]MapCheck: New page: Map Check
[2019.10.11-09.59.11:565][  0]LightingResults: New page: Lighting Build
[2019.10.11-09.59.11:708][  0]LogAIModule: Creating AISystem for world Untitled_1
[2019.10.11-09.59.11:714][  0]LogEditorServer: Finished looking for orphan Actors (0.000 secs)
[2019.10.11-09.59.11:734][  0]Cmd: MAP CHECKDEP NOCLEARLOG
[2019.10.11-09.59.11:735][  0]MapCheck: Map check complete: 0 Error(s), 0 Warning(s), took 0.083ms to complete.
[2019.10.11-09.59.11:735][  0]LogFileHelpers: Loading map 'Template_Default' took 0.173
[2019.10.11-09.59.11:834][  0]LogSlate: Updating window title bar state: overlay mode, drag disabled, window buttons hidden, title bar hidden
[2019.10.11-09.59.11:841][  0]LogSlate: Updating window title bar state: overlay mode, drag disabled, window buttons hidden, title bar hidden
[2019.10.11-09.59.11:848][  0]LogSlate: Updating window title bar state: overlay mode, drag disabled, window buttons hidden, title bar hidden
[2019.10.11-09.59.11:854][  0]LogSlate: Updating window title bar state: overlay mode, drag disabled, window buttons hidden, title bar hidden
[2019.10.11-09.59.11:859][  0]LogCollectionManager: Loaded 0 collections in 0.001408 seconds
[2019.10.11-09.59.11:902][  0]LogFileCache: Scanning file cache for directory 'C:/Work/ZR/HowTo_PlayerCamera/Saved/Collections/' took 0.01s
[2019.10.11-09.59.11:902][  0]LogFileCache: Scanning file cache for directory 'C:/Work/ZR/HowTo_PlayerCamera/Content/Developers/u1756073/Collections/' took 0.01s
[2019.10.11-09.59.11:902][  0]LogFileCache: Scanning file cache for directory 'C:/Work/ZR/HowTo_PlayerCamera/Content/Collections/' took 0.01s
[2019.10.11-09.59.11:902][  0]LogCollectionManager: Rebuilt the GUID cache for 0 collections in 0.000000 seconds
[2019.10.11-09.59.11:911][  0]LogContentBrowser: Native class hierarchy populated in 0.0093 seconds. Added 2710 classes and 655 folders.
[2019.10.11-09.59.11:917][  0]LogContentBrowser: Native class hierarchy updated for 'WidgetCarousel' in 0.0004 seconds. Added 0 classes and 0 folders.
[2019.10.11-09.59.11:921][  0]LogPakFile: Registered encryption key '00000000000000000000000000000000': 0 pak files mounted, 0 remain pending
[2019.10.11-09.59.11:923][  0]LogPakFile: Registered encryption key '00000000000000000000000000000000': 0 pak files mounted, 0 remain pending
[2019.10.11-09.59.11:925][  0]LogPakFile: Registered encryption key '00000000000000000000000000000000': 0 pak files mounted, 0 remain pending
[2019.10.11-09.59.11:927][  0]LogPakFile: Registered encryption key '00000000000000000000000000000000': 0 pak files mounted, 0 remain pending
[2019.10.11-09.59.11:929][  0]LogPakFile: Registered encryption key '00000000000000000000000000000000': 0 pak files mounted, 0 remain pending
[2019.10.11-09.59.11:930][  0]LogPakFile: Registered encryption key '00000000000000000000000000000000': 0 pak files mounted, 0 remain pending
[2019.10.11-09.59.11:932][  0]LogPakFile: Registered encryption key '00000000000000000000000000000000': 0 pak files mounted, 0 remain pending
[2019.10.11-09.59.11:934][  0]LogPakFile: Registered encryption key '00000000000000000000000000000000': 0 pak files mounted, 0 remain pending
[2019.10.11-09.59.11:935][  0]LogPakFile: Registered encryption key '00000000000000000000000000000000': 0 pak files mounted, 0 remain pending
[2019.10.11-09.59.11:937][  0]LogPakFile: Registered encryption key '00000000000000000000000000000000': 0 pak files mounted, 0 remain pending
[2019.10.11-09.59.11:939][  0]LogPakFile: Registered encryption key '00000000000000000000000000000000': 0 pak files mounted, 0 remain pending
[2019.10.11-09.59.11:941][  0]LogPakFile: Registered encryption key '00000000000000000000000000000000': 0 pak files mounted, 0 remain pending
[2019.10.11-09.59.11:943][  0]LogPakFile: Registered encryption key '00000000000000000000000000000000': 0 pak files mounted, 0 remain pending
[2019.10.11-09.59.11:944][  0]LogPakFile: Registered encryption key '00000000000000000000000000000000': 0 pak files mounted, 0 remain pending
[2019.10.11-09.59.11:946][  0]LogPakFile: Registered encryption key '00000000000000000000000000000000': 0 pak files mounted, 0 remain pending
[2019.10.11-09.59.11:948][  0]LogPakFile: Registered encryption key '00000000000000000000000000000000': 0 pak files mounted, 0 remain pending
[2019.10.11-09.59.11:949][  0]LogPakFile: Registered encryption key '00000000000000000000000000000000': 0 pak files mounted, 0 remain pending
[2019.10.11-09.59.11:951][  0]LogPakFile: Registered encryption key '00000000000000000000000000000000': 0 pak files mounted, 0 remain pending
[2019.10.11-09.59.11:952][  0]LogPakFile: Registered encryption key '00000000000000000000000000000000': 0 pak files mounted, 0 remain pending
[2019.10.11-09.59.11:953][  0]LogPakFile: Registered encryption key '00000000000000000000000000000000': 0 pak files mounted, 0 remain pending
[2019.10.11-09.59.11:955][  0]LogPakFile: Registered encryption key '00000000000000000000000000000000': 0 pak files mounted, 0 remain pending
[2019.10.11-09.59.11:957][  0]LogPakFile: Registered encryption key '00000000000000000000000000000000': 0 pak files mounted, 0 remain pending
[2019.10.11-09.59.11:960][  0]LogPakFile: Registered encryption key '00000000000000000000000000000000': 0 pak files mounted, 0 remain pending
[2019.10.11-09.59.11:962][  0]LogPakFile: Registered encryption key '00000000000000000000000000000000': 0 pak files mounted, 0 remain pending
[2019.10.11-09.59.11:964][  0]LogPakFile: Registered encryption key '00000000000000000000000000000000': 0 pak files mounted, 0 remain pending
[2019.10.11-09.59.11:966][  0]LogPakFile: Registered encryption key '00000000000000000000000000000000': 0 pak files mounted, 0 remain pending
[2019.10.11-09.59.11:968][  0]LogPakFile: Registered encryption key '00000000000000000000000000000000': 0 pak files mounted, 0 remain pending
[2019.10.11-09.59.11:969][  0]LogPakFile: Registered encryption key '00000000000000000000000000000000': 0 pak files mounted, 0 remain pending
[2019.10.11-09.59.12:033][  0]LogContentBrowser: Native class hierarchy updated for 'AddContentDialog' in 0.0003 seconds. Added 0 classes and 0 folders.
[2019.10.11-09.59.12:057][  0]LogContentBrowser: Native class hierarchy updated for 'SceneOutliner' in 0.0004 seconds. Added 1 classes and 2 folders.
[2019.10.11-09.59.12:071][  0]LogSlate: Took 0.000439 seconds to synchronously load lazily loaded font '../../../Engine/Content/Slate/Fonts/Roboto-Regular.ttf' (155K)
[2019.10.11-09.59.12:074][  0]LogSlate: Took 0.000528 seconds to synchronously load lazily loaded font '../../../Engine/Content/Slate/Fonts/Roboto-Bold.ttf' (160K)
[2019.10.11-09.59.12:082][  0]LogSlate: Took 0.001194 seconds to synchronously load lazily loaded font '../../../Engine/Content/Editor/Slate/Fonts/FontAwesome.ttf' (139K)
[2019.10.11-09.59.12:167][  0]LogRenderer: Reallocating scene render targets to support 1208x576 Format 10 NumSamples 1 (Frame:1).
[2019.10.11-09.59.12:304][  0]LogSlate: FSceneViewport::OnFocusLost() reason 2
[2019.10.11-09.59.12:321][  0]LogSlate: Window 'Tutorials' being destroyed
[2019.10.11-09.59.12:352][  0]LogContentBrowser: Native class hierarchy updated for 'HierarchicalLODOutliner' in 0.0003 seconds. Added 0 classes and 0 folders.
[2019.10.11-09.59.12:352][  0]LogLoad: (Engine Initialization) Total time: 13.87 seconds
[2019.10.11-09.59.12:352][  0]LogLoad: (Engine Initialization) Total Blueprint compile time: 0.00 seconds
[2019.10.11-09.59.12:420][  0]LogContentStreaming: Texture pool size now 1000 MB
[2019.10.11-09.59.12:460][  1]LogAssetRegistry: Asset discovery search completed in 9.6794 seconds
[2019.10.11-09.59.12:463][  1]LogCollectionManager: Rebuilt the object cache for 0 collections in 0.000002 seconds (found 0 objects)
[2019.10.11-09.59.12:463][  1]LogCollectionManager: Fixed up redirectors for 0 collections in 0.000073 seconds (updated 0 objects)
[2019.10.11-09.59.14:388][219]LogSlate: FSceneViewport::OnFocusLost() reason 0
[2019.10.11-10.00.40:172][136]LogHotReload: New module detected: UE4Editor-HowTo_PlayerCamera-7207-Win64-DebugGame.dll
[2019.10.11-10.00.40:856][139]LogHotReload: Starting Hot-Reload from IDE
[2019.10.11-10.00.40:859][139]LogSlate: Took 0.000448 seconds to synchronously load lazily loaded font '../../../Engine/Content/Slate/Fonts/Roboto-Light.ttf' (167K)
[2019.10.11-10.00.40:914][139]LogContentBrowser: Native class hierarchy updated for 'HowTo_PlayerCamera' in 0.0005 seconds. Added 1 classes and 2 folders.
[2019.10.11-10.00.40:917][139]Display: HotReload successful (0 functions remapped  0 scriptstructs remapped)
[2019.10.11-10.00.41:042][139]LogContentBrowser: Native class hierarchy populated in 0.0081 seconds. Added 2711 classes and 657 folders.
[2019.10.11-10.00.41:047][139]Display: HotReload took  0.2s.
[2019.10.11-10.00.52:416][173]LogSlate: Window 'HowTo_PlayerCamera - Unreal Editor' being destroyed
[2019.10.11-10.00.52:417][173]LogWindowsTextInputMethodSystem: Display: IME system now deactivated.
[2019.10.11-10.00.52:588][174]Cmd: QUIT_EDITOR
[2019.10.11-10.00.52:615][174]LogExit: Preparing to exit.
[2019.10.11-10.00.53:038][174]LogExit: Editor shut down
[2019.10.11-10.00.53:038][174]LogExit: Transaction tracking system shut down
[2019.10.11-10.00.53:178][174]LogExit: Object subsystem successfully closed.
[2019.10.11-10.00.53:202][174]LogShaderCompilers: Display: Shaders left to compile 0
[2019.10.11-10.00.53:205][174]LogD3D11RHI: Shutdown
[2019.10.11-10.00.53:205][174]LogD3D11RHI: CleanupD3DDevice
[2019.10.11-10.00.53:206][174]LogD3D11RHI: ~FD3D11DynamicRHI
[2019.10.11-10.00.53:219][174]LogModuleManager: Shutting down and abandoning module HowTo_PlayerCamera (649)
[2019.10.11-10.00.53:219][174]LogModuleManager: Shutting down and abandoning module HierarchicalLODOutliner (648)
[2019.10.11-10.00.53:219][174]LogModuleManager: Shutting down and abandoning module SceneOutliner (646)
[2019.10.11-10.00.53:219][174]LogModuleManager: Shutting down and abandoning module AddContentDialog (644)
[2019.10.11-10.00.53:220][174]LogModuleManager: Shutting down and abandoning module WidgetCarousel (643)
[2019.10.11-10.00.53:220][174]LogModuleManager: Shutting down and abandoning module EditorWidgets (640)
[2019.10.11-10.00.53:220][174]LogModuleManager: Shutting down and abandoning module CollectionManager (638)
[2019.10.11-10.00.53:220][174]LogModuleManager: Shutting down and abandoning module HierarchicalLODUtilities (636)
[2019.10.11-10.00.53:220][174]LogModuleManager: Shutting down and abandoning module StatsViewer (634)
[2019.10.11-10.00.53:220][174]LogModuleManager: Shutting down and abandoning module FoliageEdit (632)
[2019.10.11-10.00.53:220][174]LogModuleManager: Shutting down and abandoning module LandscapeEditor (630)
[2019.10.11-10.00.53:220][174]LogModuleManager: Shutting down and abandoning module MeshPaintMode (628)
[2019.10.11-10.00.53:220][174]LogModuleManager: Shutting down and abandoning module SceneDepthPickerMode (626)
[2019.10.11-10.00.53:220][174]LogModuleManager: Shutting down and abandoning module ActorPickerMode (624)
[2019.10.11-10.00.53:220][174]LogModuleManager: Shutting down and abandoning module GeometryMode (622)
[2019.10.11-10.00.53:220][174]LogModuleManager: Shutting down and abandoning module TextureAlignMode (620)
[2019.10.11-10.00.53:220][174]LogModuleManager: Shutting down and abandoning module BspMode (618)
[2019.10.11-10.00.53:220][174]LogModuleManager: Shutting down and abandoning module PIEPreviewDeviceProfileSelector (616)
[2019.10.11-10.00.53:220][174]LogModuleManager: Shutting down and abandoning module SequenceRecorderSections (614)
[2019.10.11-10.00.53:220][174]LogModuleManager: Shutting down and abandoning module AutomationWorker (612)
[2019.10.11-10.00.53:220][174]LogModuleManager: Shutting down and abandoning module DatasmithFBXImporter (610)
[2019.10.11-10.00.53:220][174]LogModuleManager: Shutting down and abandoning module DatasmithDeltaGenImporter (608)
[2019.10.11-10.00.53:220][174]LogModuleManager: Shutting down and abandoning module DatasmithVREDImporter (606)
[2019.10.11-10.00.53:220][174]LogModuleManager: Shutting down and abandoning module AudioCaptureEditor (604)
[2019.10.11-10.00.53:220][174]LogModuleManager: Shutting down and abandoning module MatineeToLevelSequence (602)
[2019.10.11-10.00.53:220][174]LogModuleManager: Shutting down and abandoning module LevelSequenceEditor (600)
[2019.10.11-10.00.53:220][174]LogModuleManager: Shutting down and abandoning module PlacementMode (599)
[2019.10.11-10.00.53:221][174]LogModuleManager: Shutting down and abandoning module MaterialEditor (598)
[2019.10.11-10.00.53:221][174]LogModuleManager: Shutting down and abandoning module WmfMediaFactory (594)
[2019.10.11-10.00.53:221][174]LogModuleManager: Shutting down and abandoning module WmfMediaEditor (592)
[2019.10.11-10.00.53:221][174]LogModuleManager: Shutting down and abandoning module WebMMediaFactory (590)
[2019.10.11-10.00.53:221][174]LogModuleManager: Shutting down and abandoning module WebMMediaEditor (588)
[2019.10.11-10.00.53:221][174]LogModuleManager: Shutting down and abandoning module WebMMedia (586)
[2019.10.11-10.00.53:221][174]LogModuleManager: Shutting down and abandoning module MediaPlayerEditor (584)
[2019.10.11-10.00.53:221][174]LogModuleManager: Shutting down and abandoning module MediaCompositingEditor (582)
[2019.10.11-10.00.53:221][174]LogModuleManager: Shutting down and abandoning module SequenceRecorder (581)
[2019.10.11-10.00.53:221][174]LogModuleManager: Shutting down and abandoning module OpenExrWrapper (578)
[2019.10.11-10.00.53:221][174]LogModuleManager: Shutting down and abandoning module ImgMediaFactory (576)
[2019.10.11-10.00.53:221][174]LogModuleManager: Shutting down and abandoning module ImgMediaEditor (574)
[2019.10.11-10.00.53:221][174]LogModuleManager: Shutting down and abandoning module AvfMediaFactory (572)
[2019.10.11-10.00.53:221][174]LogModuleManager: Shutting down and abandoning module AvfMediaEditor (570)
[2019.10.11-10.00.53:221][174]LogModuleManager: Shutting down and abandoning module AndroidMediaFactory (568)
[2019.10.11-10.00.53:221][174]LogModuleManager: Shutting down and abandoning module AndroidMediaEditor (566)
[2019.10.11-10.00.53:221][174]LogModuleManager: Shutting down and abandoning module MagicLeapCameraPreviewFactory (564)
[2019.10.11-10.00.53:221][174]LogModuleManager: Shutting down and abandoning module MagicLeapMediaFactory (562)
[2019.10.11-10.00.53:221][174]LogModuleManager: Shutting down and abandoning module MagicLeapMediaEditor (560)
[2019.10.11-10.00.53:221][174]LogModuleManager: Shutting down and abandoning module CharacterAI (558)
[2019.10.11-10.00.53:221][174]LogModuleManager: Shutting down and abandoning module SmartSnapping (556)
[2019.10.11-10.00.53:221][174]LogModuleManager: Shutting down and abandoning module SessionServices (554)
[2019.10.11-10.00.53:221][174]LogModuleManager: Shutting down and abandoning module ViewportSnapping (552)
[2019.10.11-10.00.53:221][174]LogModuleManager: Shutting down and abandoning module ViewportInteraction (550)
[2019.10.11-10.00.53:221][174]LogModuleManager: Shutting down and abandoning module ClothPainter (548)
[2019.10.11-10.00.53:221][174]LogModuleManager: Shutting down and abandoning module SkeletalMeshEditor (547)
[2019.10.11-10.00.53:221][174]LogModuleManager: Shutting down and abandoning module LogVisualizer (544)
[2019.10.11-10.00.53:221][174]LogModuleManager: Shutting down and abandoning module IntroTutorials (542)
[2019.10.11-10.00.53:221][174]LogModuleManager: Shutting down and abandoning module GameProjectGeneration (541)
[2019.10.11-10.00.53:221][174]LogModuleManager: Shutting down and abandoning module LuminPlatformEditor (538)
[2019.10.11-10.00.53:221][174]LogModuleManager: Shutting down and abandoning module IOSPlatformEditor (536)
[2019.10.11-10.00.53:221][174]LogModuleManager: Shutting down and abandoning module HTML5PlatformEditor (534)
[2019.10.11-10.00.53:221][174]LogModuleManager: Shutting down and abandoning module AndroidPlatformEditor (532)
[2019.10.11-10.00.53:221][174]LogModuleManager: Shutting down and abandoning module AndroidDeviceDetection (531)
[2019.10.11-10.00.53:436][174]LogModuleManager: Shutting down and abandoning module WindowsPlatformEditor (528)
[2019.10.11-10.00.53:436][174]LogModuleManager: Shutting down and abandoning module LuminRuntimeSettings (526)
[2019.10.11-10.00.53:436][174]LogModuleManager: Shutting down and abandoning module IOSRuntimeSettings (524)
[2019.10.11-10.00.53:436][174]LogModuleManager: Shutting down and abandoning module AndroidRuntimeSettings (522)
[2019.10.11-10.00.53:436][174]LogModuleManager: Shutting down and abandoning module TimeManagementEditor (520)
[2019.10.11-10.00.53:436][174]LogModuleManager: Shutting down and abandoning module InputBindingEditor (518)
[2019.10.11-10.00.53:436][174]LogModuleManager: Shutting down and abandoning module MergeActors (516)
[2019.10.11-10.00.53:436][174]LogModuleManager: Shutting down and abandoning module LocalizationDashboard (514)
[2019.10.11-10.00.53:436][174]LogModuleManager: Shutting down and abandoning module LocalizationService (513)
[2019.10.11-10.00.53:436][174]LogModuleManager: Shutting down and abandoning module HardwareTargeting (510)
[2019.10.11-10.00.53:436][174]LogModuleManager: Shutting down and abandoning module DeviceProfileEditor (508)
[2019.10.11-10.00.53:436][174]LogModuleManager: Shutting down and abandoning module UndoHistory (506)
[2019.10.11-10.00.53:436][174]LogModuleManager: Shutting down and abandoning module XmlParser (504)
[2019.10.11-10.00.53:436][174]LogModuleManager: Shutting down and abandoning module Blutility (502)
[2019.10.11-10.00.53:436][174]LogModuleManager: Shutting down and abandoning module ProjectSettingsViewer (500)
[2019.10.11-10.00.53:437][174]LogModuleManager: Shutting down and abandoning module ProjectTargetPlatformEditor (499)
[2019.10.11-10.00.53:437][174]LogModuleManager: Shutting down and abandoning module EditorSettingsViewer (496)
[2019.10.11-10.00.53:437][174]LogModuleManager: Shutting down and abandoning module SettingsEditor (494)
[2019.10.11-10.00.53:437][174]LogModuleManager: Shutting down and abandoning module ProjectLauncher (492)
[2019.10.11-10.00.53:437][174]LogModuleManager: Shutting down and abandoning module SessionFrontend (490)
[2019.10.11-10.00.53:437][174]LogModuleManager: Shutting down and abandoning module ProfilerClient (488)
[2019.10.11-10.00.53:437][174]LogModuleManager: Shutting down and abandoning module DeviceManager (486)
[2019.10.11-10.00.53:437][174]LogModuleManager: Shutting down and abandoning module TargetDeviceServices (485)
[2019.10.11-10.00.53:503][174]LogModuleManager: Shutting down and abandoning module AutomationController (482)
[2019.10.11-10.00.53:503][174]LogModuleManager: Shutting down and abandoning module AutomationWindow (480)
[2019.10.11-10.00.53:503][174]LogModuleManager: Shutting down and abandoning module Layers (478)
[2019.10.11-10.00.53:503][174]LogModuleManager: Shutting down and abandoning module ComponentVisualizers (476)
[2019.10.11-10.00.53:503][174]LogModuleManager: Shutting down and abandoning module DetailCustomizations (474)
[2019.10.11-10.00.53:503][174]LogModuleManager: Shutting down and abandoning module PackagesDialog (472)
[2019.10.11-10.00.53:503][174]LogModuleManager: Shutting down and abandoning module Persona (470)
[2019.10.11-10.00.53:503][174]LogModuleManager: Shutting down and abandoning module AnimGraph (469)
[2019.10.11-10.00.53:503][174]LogModuleManager: Shutting down and abandoning module Kismet (466)
[2019.10.11-10.00.53:503][174]LogModuleManager: Shutting down and abandoning module GraphEditor (464)
[2019.10.11-10.00.53:503][174]LogModuleManager: Shutting down and abandoning module ClassViewer (462)
[2019.10.11-10.00.53:503][174]LogModuleManager: Shutting down and abandoning module Toolbox (460)
[2019.10.11-10.00.53:503][174]LogModuleManager: Shutting down and abandoning module DesktopPlatform (459)
[2019.10.11-10.00.53:503][174]LogModuleManager: Shutting down and abandoning module ModuleUI (456)
[2019.10.11-10.00.53:503][174]LogModuleManager: Shutting down and abandoning module MovieSceneTools (454)
[2019.10.11-10.00.53:503][174]LogModuleManager: Shutting down and abandoning module OutputLog (452)
[2019.10.11-10.00.53:503][174]LogModuleManager: Shutting down and abandoning module GammaUI (450)
[2019.10.11-10.00.53:503][174]LogModuleManager: Shutting down and abandoning module Documentation (448)
[2019.10.11-10.00.53:503][174]LogModuleManager: Shutting down and abandoning module MovieSceneTracks (446)
[2019.10.11-10.00.53:503][174]LogModuleManager: Shutting down and abandoning module MovieScene (444)
[2019.10.11-10.00.53:503][174]LogModuleManager: Shutting down and abandoning module StreamingPauseRendering (442)
[2019.10.11-10.00.53:503][174]LogModuleManager: Shutting down and abandoning module LauncherPlatform (440)
[2019.10.11-10.00.53:503][174]LogModuleManager: Shutting down and abandoning module AnalyticsET (438)
[2019.10.11-10.00.53:503][174]LogModuleManager: Shutting down and abandoning module PortalServices (436)
[2019.10.11-10.00.53:503][174]LogModuleManager: Shutting down and abandoning module PortalRpc (434)
[2019.10.11-10.00.53:503][174]LogModuleManager: Shutting down and abandoning module MessagingRpc (432)
[2019.10.11-10.00.53:503][174]LogModuleManager: Shutting down and abandoning module AIModule (430)
[2019.10.11-10.00.53:503][174]LogModuleManager: Shutting down and abandoning module GameplayDebugger (429)
[2019.10.11-10.00.53:503][174]LogModuleManager: Shutting down and abandoning module AITestSuite (427)
[2019.10.11-10.00.53:503][174]LogModuleManager: Shutting down and abandoning module NavigationSystem (425)
[2019.10.11-10.00.53:503][174]LogModuleManager: Shutting down and abandoning module ImageWriteQueue (422)
[2019.10.11-10.00.53:507][174]LogModuleManager: Shutting down and abandoning module ProfilerService (420)
[2019.10.11-10.00.53:635][174]LogModuleManager: Shutting down and abandoning module TaskGraph (418)
[2019.10.11-10.00.53:635][174]LogModuleManager: Shutting down and abandoning module DatasmithCADImporter (416)
[2019.10.11-10.00.53:636][174]LogModuleManager: Shutting down and abandoning module VariantManager (414)
[2019.10.11-10.00.53:636][174]LogModuleManager: Shutting down and abandoning module StaticMeshEditorExtension (412)
[2019.10.11-10.00.53:636][174]LogModuleManager: Shutting down and abandoning module StaticMeshEditor (411)
[2019.10.11-10.00.53:636][174]LogModuleManager: Shutting down and abandoning module AdvancedPreviewScene (410)
[2019.10.11-10.00.53:636][174]LogModuleManager: Shutting down and abandoning module MeshProcessingLibrary (407)
[2019.10.11-10.00.53:636][174]LogModuleManager: Shutting down and abandoning module MDLImporter (404)
[2019.10.11-10.00.53:636][174]LogModuleManager: Shutting down and abandoning module DatasmithImporter (402)
[2019.10.11-10.00.53:636][174]LogModuleManager: Shutting down and abandoning module SteamVRController (400)
[2019.10.11-10.00.53:636][174]LogModuleManager: Shutting down and abandoning module ProceduralMeshComponentEditor (398)
[2019.10.11-10.00.53:636][174]LogModuleManager: Shutting down and abandoning module ProceduralMeshComponent (396)
[2019.10.11-10.00.53:636][174]LogModuleManager: Shutting down and abandoning module OculusInput (394)
[2019.10.11-10.00.53:636][174]LogModuleManager: Shutting down and abandoning module MobilePatchingUtils (392)
[2019.10.11-10.00.53:636][174]LogModuleManager: Shutting down and abandoning module EditableMesh (390)
[2019.10.11-10.00.53:636][174]LogModuleManager: Shutting down and abandoning module CustomMeshComponent (388)
[2019.10.11-10.00.53:636][174]LogModuleManager: Shutting down and abandoning module CableComponent (386)
[2019.10.11-10.00.53:636][174]LogModuleManager: Shutting down and abandoning module AudioCapture (384)
[2019.10.11-10.00.53:636][174]LogModuleManager: Shutting down and abandoning module ArchVisCharacter (382)
[2019.10.11-10.00.53:636][174]LogModuleManager: Shutting down and abandoning module AndroidPermission (380)
[2019.10.11-10.00.53:636][174]LogModuleManager: Shutting down and abandoning module NUTUnrealEngine4 (378)
[2019.10.11-10.00.53:636][174]LogModuleManager: Shutting down and abandoning module NetcodeUnitTest (376)
[2019.10.11-10.00.53:636][174]LogModuleManager: Shutting down and abandoning module MediaCompositing (374)
[2019.10.11-10.00.53:636][174]LogModuleManager: Shutting down and abandoning module LinearTimecode (372)
[2019.10.11-10.00.53:636][174]LogModuleManager: Shutting down and abandoning module ImgMedia (370)
[2019.10.11-10.00.53:640][174]LogModuleManager: Shutting down and abandoning module HTML5Networking (368)
[2019.10.11-10.00.53:640][174]LogModuleManager: Shutting down and abandoning module GeometryCacheTracks (366)
[2019.10.11-10.00.53:640][174]LogModuleManager: Shutting down and abandoning module GeometryCacheSequencer (364)
[2019.10.11-10.00.53:640][174]LogModuleManager: Shutting down and abandoning module BackChannel (362)
[2019.10.11-10.00.53:640][174]LogModuleManager: Shutting down and abandoning module AppleVision (360)
[2019.10.11-10.00.53:640][174]LogModuleManager: Shutting down and abandoning module AppleImageUtilsBlueprintSupport (358)
[2019.10.11-10.00.53:640][174]LogModuleManager: Shutting down and abandoning module AppleImageUtils (356)
[2019.10.11-10.00.53:640][174]LogModuleManager: Shutting down and abandoning module AlembicImporter (354)
[2019.10.11-10.00.53:640][174]LogModuleManager: Shutting down and abandoning module AlembicLibrary (353)
[2019.10.11-10.00.53:640][174]LogModuleManager: Shutting down and abandoning module GeometryCache (352)
[2019.10.11-10.00.53:640][174]LogModuleManager: Shutting down and abandoning module GeometryCacheEd (351)
[2019.10.11-10.00.53:640][174]LogModuleManager: Shutting down and abandoning module VariantManagerContent (346)
[2019.10.11-10.00.53:640][174]LogModuleManager: Shutting down and abandoning module DatasmithContentEditor (344)
[2019.10.11-10.00.53:640][174]LogModuleManager: Shutting down and abandoning module SpeedTreeImporter (342)
[2019.10.11-10.00.53:640][174]LogModuleManager: Shutting down and abandoning module PluginBrowser (340)
[2019.10.11-10.00.53:640][174]LogModuleManager: Shutting down and abandoning module MobileLauncherProfileWizard (338)
[2019.10.11-10.00.53:640][174]LogModuleManager: Shutting down and abandoning module PolygonModeling (336)
[2019.10.11-10.00.53:640][174]LogModuleManager: Shutting down and abandoning module MeshEditor (334)
[2019.10.11-10.00.53:640][174]LogModuleManager: Shutting down and abandoning module EditorScriptingUtilities (332)
[2019.10.11-10.00.53:640][174]LogModuleManager: Shutting down and abandoning module CryptoKeysOpenSSL (330)
[2019.10.11-10.00.53:640][174]LogModuleManager: Shutting down and abandoning module CryptoKeys (328)
[2019.10.11-10.00.53:640][174]LogModuleManager: Shutting down and abandoning module VisualStudioSourceCodeAccess (326)
[2019.10.11-10.00.53:640][174]LogModuleManager: Shutting down and abandoning module VisualStudioCodeSourceCodeAccess (324)
[2019.10.11-10.00.53:640][174]LogModuleManager: Shutting down and abandoning module UObjectPlugin (322)
[2019.10.11-10.00.53:640][174]LogModuleManager: Shutting down and abandoning module SubversionSourceControl (320)
[2019.10.11-10.00.53:640][174]LogModuleManager: Shutting down and abandoning module PerforceSourceControl (318)
[2019.10.11-10.00.53:640][174]LogModuleManager: Shutting down and abandoning module GitSourceControl (316)
[2019.10.11-10.00.53:640][174]LogModuleManager: Shutting down and abandoning module SourceControl (315)
[2019.10.11-10.00.53:640][174]LogModuleManager: Shutting down and abandoning module CLionSourceCodeAccess (312)
[2019.10.11-10.00.53:640][174]LogModuleManager: Shutting down and abandoning module ActorLayerUtilitiesEditor (310)
[2019.10.11-10.00.53:640][174]LogModuleManager: Shutting down and abandoning module ActorLayerUtilities (308)
[2019.10.11-10.00.53:640][174]LogModuleManager: Shutting down and abandoning module LightPropagationVolumeEditor (306)
[2019.10.11-10.00.53:640][174]LogModuleManager: Shutting down and abandoning module PaperTiledImporter (304)
[2019.10.11-10.00.53:640][174]LogModuleManager: Shutting down and abandoning module PaperSpriteSheetImporter (302)
[2019.10.11-10.00.53:640][174]LogModuleManager: Shutting down and abandoning module Paper2DEditor (300)
[2019.10.11-10.00.53:640][174]LogModuleManager: Shutting down and abandoning module MeshPaint (299)
[2019.10.11-10.00.53:640][174]LogModuleManager: Shutting down and abandoning module RuntimePhysXCooking (294)
[2019.10.11-10.00.53:640][174]LogModuleManager: Shutting down and abandoning module PhysXVehiclesEditor (292)
[2019.10.11-10.00.53:640][174]LogModuleManager: Shutting down and abandoning module PhysXVehicles (290)
[2019.10.11-10.00.53:640][174]LogModuleManager: Shutting down and abandoning module OculusEditor (288)
[2019.10.11-10.00.53:640][174]LogModuleManager: Shutting down and abandoning module LocationServicesBPLibrary (286)
[2019.10.11-10.00.53:640][174]LogModuleManager: Shutting down and abandoning module ActorSequence (284)
[2019.10.11-10.00.53:640][174]LogModuleManager: Shutting down and abandoning module UdpMessaging (282)
[2019.10.11-10.00.53:742][174]LogModuleManager: Shutting down and abandoning module TcpMessaging (280)
[2019.10.11-10.00.53:979][174]LogModuleManager: Shutting down and abandoning module MagicLeapAudio (278)
[2019.10.11-10.00.53:979][174]LogModuleManager: Shutting down and abandoning module GameplayTagsEditor (276)
[2019.10.11-10.00.53:979][174]LogModuleManager: Shutting down and abandoning module FacialAnimationEditor (274)
[2019.10.11-10.00.53:979][174]LogModuleManager: Shutting down and abandoning module FacialAnimation (272)
[2019.10.11-10.00.53:979][174]LogModuleManager: Shutting down and abandoning module DataValidation (270)
[2019.10.11-10.00.53:979][174]LogModuleManager: Shutting down and abandoning module AssetManagerEditor (268)
[2019.10.11-10.00.53:979][174]LogModuleManager: Shutting down and abandoning module LevelEditor (267)
[2019.10.11-10.00.53:980][174]LogModuleManager: Shutting down and abandoning module PixelInspectorModule (266)
[2019.10.11-10.00.53:980][174]LogModuleManager: Shutting down and abandoning module CommonMenuExtensions (264)
[2019.10.11-10.00.53:980][174]LogModuleManager: Shutting down and abandoning module MainFrame (262)
[2019.10.11-10.00.53:980][174]LogModuleManager: Shutting down and abandoning module HotReload (261)
[2019.10.11-10.00.53:980][174]LogModuleManager: Shutting down and abandoning module ContentBrowser (257)
[2019.10.11-10.00.53:981][174]LogModuleManager: Shutting down and abandoning module TreeMap (255)
[2019.10.11-10.00.53:981][174]LogModuleManager: Shutting down and abandoning module LightPropagationVolumeRuntime (252)
[2019.10.11-10.00.53:981][174]LogModuleManager: Shutting down and abandoning module AISupportModule (250)
[2019.10.11-10.00.53:981][174]LogModuleManager: Shutting down and abandoning module Paper2D (248)
[2019.10.11-10.00.53:981][174]LogModuleManager: Shutting down and abandoning module WindowsMoviePlayer (246)
[2019.10.11-10.00.53:981][174]LogModuleManager: Shutting down and abandoning module WebMMoviePlayer (244)
[2019.10.11-10.00.53:981][174]LogModuleManager: Shutting down and abandoning module WmfMedia (242)
[2019.10.11-10.00.53:982][174]LogModuleManager: Shutting down and abandoning module Media (241)
[2019.10.11-10.00.53:988][174]LogModuleManager: Shutting down and abandoning module PacketHandler (238)
[2019.10.11-10.00.53:988][174]LogModuleManager: Shutting down and abandoning module ClothingSystemEditor (236)
[2019.10.11-10.00.53:988][174]LogModuleManager: Shutting down and abandoning module ClothingSystemRuntime (234)
[2019.10.11-10.00.53:988][174]LogModuleManager: Shutting down and abandoning module MediaAssets (232)
[2019.10.11-10.00.53:988][174]LogModuleManager: Shutting down and abandoning module Overlay (230)
[2019.10.11-10.00.53:988][174]LogModuleManager: Shutting down and abandoning module OverlayEditor (229)
[2019.10.11-10.00.53:988][174]LogModuleManager: Shutting down and abandoning module VREditor (226)
[2019.10.11-10.00.53:988][174]LogModuleManager: Shutting down and abandoning module StringTableEditor (224)
[2019.10.11-10.00.53:988][174]LogModuleManager: Shutting down and abandoning module GameplayTasksEditor (222)
[2019.10.11-10.00.53:988][174]LogModuleManager: Shutting down and abandoning module BehaviorTreeEditor (220)
[2019.10.11-10.00.53:988][174]LogModuleManager: Shutting down and abandoning module FunctionalTesting (218)
[2019.10.11-10.00.53:988][174]LogModuleManager: Shutting down and abandoning module CollisionAnalyzer (216)
[2019.10.11-10.00.53:988][174]LogModuleManager: Shutting down and abandoning module WorkspaceMenuStructure (215)
[2019.10.11-10.00.53:988][174]LogModuleManager: Shutting down and abandoning module UMG (212)
[2019.10.11-10.00.53:988][174]LogModuleManager: Shutting down and abandoning module UMGEditor (211)
[2019.10.11-10.00.53:988][174]LogModuleManager: Shutting down and abandoning module Sequencer (210)
[2019.10.11-10.00.53:988][174]LogModuleManager: Shutting down and abandoning module MessageLog (207)
[2019.10.11-10.00.53:988][174]LogModuleManager: Shutting down and abandoning module SlateReflector (202)
[2019.10.11-10.00.53:988][174]LogModuleManager: Shutting down and abandoning module Slate (200)
[2019.10.11-10.00.53:988][174]LogModuleManager: Shutting down and abandoning module EditorStyle (198)
[2019.10.11-10.00.53:989][174]LogModuleManager: Shutting down and abandoning module MRMesh (196)
[2019.10.11-10.00.53:990][174]LogModuleManager: Shutting down and abandoning module SourceCodeAccess (194)
[2019.10.11-10.00.53:990][174]LogModuleManager: Shutting down and abandoning module HeadMountedDisplay (192)
[2019.10.11-10.00.53:990][174]LogModuleManager: Shutting down and abandoning module XAudio2 (190)
[2019.10.11-10.00.53:990][174]LogModuleManager: Shutting down and abandoning module Networking (188)
[2019.10.11-10.00.53:990][174]LogModuleManager: Shutting down and abandoning module Core (186)
[2019.10.11-10.00.53:990][174]LogModuleManager: Shutting down and abandoning module LevelSequence (184)
[2019.10.11-10.00.53:990][174]LogModuleManager: Shutting down and abandoning module KismetCompiler (182)
[2019.10.11-10.00.53:990][174]LogModuleManager: Shutting down and abandoning module MeshUtilities (180)
[2019.10.11-10.00.53:990][174]LogModuleManager: Shutting down and abandoning module MeshMergeUtilities (179)
[2019.10.11-10.00.53:990][174]LogModuleManager: Shutting down and abandoning module MeshReductionInterface (178)
[2019.10.11-10.00.53:990][174]LogModuleManager: Shutting down and abandoning module SimplygonSwarm (177)
[2019.10.11-10.00.53:990][174]LogModuleManager: Shutting down and abandoning module ProxyLODMeshReduction (175)
[2019.10.11-10.00.53:990][174]LogModuleManager: Shutting down and abandoning module SimplygonMeshReduction (173)
[2019.10.11-10.00.53:990][174]LogModuleManager: Shutting down and abandoning module QuadricMeshReduction (171)
[2019.10.11-10.00.53:990][174]LogModuleManager: Shutting down and abandoning module MaterialBaking (167)
[2019.10.11-10.00.53:990][174]LogModuleManager: Shutting down and abandoning module DirectoryWatcher (163)
[2019.10.11-10.00.53:990][174]LogModuleManager: Shutting down and abandoning module DerivedDataCache (160)
[2019.10.11-10.00.54:269][174]LogDerivedDataCache: Shutdown
[2019.10.11-10.00.54:269][174]LogModuleManager: Shutting down and abandoning module XGEController (158)
[2019.10.11-10.00.54:269][174]LogModuleManager: Shutting down and abandoning module TargetPlatform (156)
[2019.10.11-10.00.54:269][174]LogModuleManager: Shutting down and abandoning module VulkanShaderFormat (155)
[2019.10.11-10.00.54:269][174]LogModuleManager: Shutting down and abandoning module ShaderFormatVectorVM (153)
[2019.10.11-10.00.54:269][174]LogModuleManager: Shutting down and abandoning module ShaderFormatOpenGL (151)
[2019.10.11-10.00.54:269][174]LogModuleManager: Shutting down and abandoning module ShaderFormatD3D (149)
[2019.10.11-10.00.54:269][174]LogModuleManager: Shutting down and abandoning module MetalShaderFormat (147)
[2019.10.11-10.00.54:269][174]LogModuleManager: Shutting down and abandoning module TextureFormatUncompressed (145)
[2019.10.11-10.00.54:269][174]LogModuleManager: Shutting down and abandoning module TextureFormatPVR (143)
[2019.10.11-10.00.54:269][174]LogModuleManager: Shutting down and abandoning module TextureFormatDXT (141)
[2019.10.11-10.00.54:269][174]LogModuleManager: Shutting down and abandoning module TextureFormatIntelISPCTexComp (139)
[2019.10.11-10.00.54:269][174]LogModuleManager: Shutting down and abandoning module TextureFormatASTC (137)
[2019.10.11-10.00.54:269][174]LogModuleManager: Shutting down and abandoning module ImageWrapper (136)
[2019.10.11-10.00.54:269][174]LogModuleManager: Shutting down and abandoning module TextureFormatAndroid (133)
[2019.10.11-10.00.54:269][174]LogModuleManager: Shutting down and abandoning module AudioFormatOpus (131)
[2019.10.11-10.00.54:269][174]LogModuleManager: Shutting down and abandoning module AudioFormatOgg (129)
[2019.10.11-10.00.54:269][174]LogModuleManager: Shutting down and abandoning module AudioFormatADPCM (127)
[2019.10.11-10.00.54:269][174]LogModuleManager: Shutting down and abandoning module LuminTargetPlatform (125)
[2019.10.11-10.00.54:270][174]LogModuleManager: Shutting down and abandoning module LinuxTargetPlatform (123)
[2019.10.11-10.00.54:270][174]LogModuleManager: Shutting down and abandoning module LinuxServerTargetPlatform (121)
[2019.10.11-10.00.54:270][174]LogModuleManager: Shutting down and abandoning module LinuxNoEditorTargetPlatform (119)
[2019.10.11-10.00.54:270][174]LogModuleManager: Shutting down and abandoning module LinuxClientTargetPlatform (117)
[2019.10.11-10.00.54:270][174]LogModuleManager: Shutting down and abandoning module TVOSTargetPlatform (115)
[2019.10.11-10.00.54:271][174]LogModuleManager: Shutting down and abandoning module Messaging (113)
[2019.10.11-10.00.54:271][174]LogModuleManager: Shutting down and abandoning module IOSTargetPlatform (111)
[2019.10.11-10.00.54:271][174]LogModuleManager: Shutting down and abandoning module HTML5TargetPlatform (109)
[2019.10.11-10.00.54:271][174]LogModuleManager: Shutting down and abandoning module AndroidTargetPlatform (107)
[2019.10.11-10.00.54:279][174]LogModuleManager: Shutting down and abandoning module WindowsTargetPlatform (105)
[2019.10.11-10.00.54:279][174]LogModuleManager: Shutting down and abandoning module WindowsServerTargetPlatform (103)
[2019.10.11-10.00.54:279][174]LogModuleManager: Shutting down and abandoning module WindowsNoEditorTargetPlatform (101)
[2019.10.11-10.00.54:279][174]LogModuleManager: Shutting down and abandoning module WindowsClientTargetPlatform (99)
[2019.10.11-10.00.54:279][174]LogModuleManager: Shutting down and abandoning module MacTargetPlatform (97)
[2019.10.11-10.00.54:279][174]LogModuleManager: Shutting down and abandoning module MacServerTargetPlatform (95)
[2019.10.11-10.00.54:279][174]LogModuleManager: Shutting down and abandoning module MacNoEditorTargetPlatform (93)
[2019.10.11-10.00.54:279][174]LogModuleManager: Shutting down and abandoning module MacClientTargetPlatform (91)
[2019.10.11-10.00.54:279][174]LogModuleManager: Shutting down and abandoning module AllDesktopTargetPlatform (89)
[2019.10.11-10.00.54:279][174]LogModuleManager: Shutting down and abandoning module InputCore (86)
[2019.10.11-10.00.54:279][174]LogModuleManager: Shutting down and abandoning module Settings (84)
[2019.10.11-10.00.54:279][174]LogModuleManager: Shutting down and abandoning module PhysXCooking (82)
[2019.10.11-10.00.54:279][174]LogModuleManager: Shutting down and abandoning module SteamVR (80)
[2019.10.11-10.00.54:279][174]LogHMD: Freeing OpenVRDLLHandle.
[2019.10.11-10.00.54:279][174]LogModuleManager: Shutting down and abandoning module OculusHMD (78)
[2019.10.11-10.00.54:279][174]LogModuleManager: Shutting down and abandoning module ExampleDeviceProfileSelector (76)
[2019.10.11-10.00.54:279][174]LogModuleManager: Shutting down and abandoning module LauncherChunkInstaller (74)
[2019.10.11-10.00.54:279][174]LogModuleManager: Shutting down and abandoning module OnlineBlueprintSupport (72)
[2019.10.11-10.00.54:279][174]LogModuleManager: Shutting down and abandoning module OnlineSubsystem (68)
[2019.10.11-10.00.54:280][174]LogModuleManager: Shutting down and abandoning module XMPP (63)
[2019.10.11-10.00.54:280][174]LogModuleManager: Shutting down and abandoning module WebSockets (62)
[2019.10.11-10.00.54:307][174]LogModuleManager: Shutting down and abandoning module HTTP (59)
[2019.10.11-10.00.54:308][174]LogHttp: Display: Http module shutting down, but needs to wait on 1 outstanding Http requests:
[2019.10.11-10.00.54:308][174]LogHttp: Display: 	verb=[POST] url=[https://datarouter.ol.epicgames.com/datarouter/api/v1/public/data?SessionID=%7B3A63D470-4C86-1545-E596-D7BAAC4D422D%7D&AppID=UEEditor.Rocket.Release&AppVersion=4.21.2-4753647%2B%2B%2BUE4%2BRelease-4.21&UserID=e5177a1c471a46e7df6d3f9659a3fa79%7C%7Cf3378eaa-2701-46a6-8e9a-a1d75aa5ef4f&AppEnvironment=datacollector-binary&UploadType=eteventstream] status=Processing
[2019.10.11-10.00.54:335][174]LogModuleManager: Shutting down and abandoning module SSL (58)
[2019.10.11-10.00.54:336][174]LogModuleManager: Shutting down and abandoning module MagicLeapIdentity (54)
[2019.10.11-10.00.54:336][174]LogModuleManager: Shutting down and abandoning module MagicLeapHelperVulkan (52)
[2019.10.11-10.00.54:336][174]LogModuleManager: Shutting down and abandoning module MagicLeapHelperOpenGL (50)
[2019.10.11-10.00.54:336][174]LogModuleManager: Shutting down and abandoning module MagicLeapSecureStorage (48)
[2019.10.11-10.00.54:336][174]LogModuleManager: Shutting down and abandoning module MagicLeapHandTracking (46)
[2019.10.11-10.00.54:337][174]LogModuleManager: Shutting down and abandoning module MagicLeapEyeTracker (44)
[2019.10.11-10.00.54:337][174]LogModuleManager: Shutting down and abandoning module MagicLeapController (42)
[2019.10.11-10.00.54:337][174]LogSlate: Slate User Destroyed.  User Index 0, Is Virtual User: 0
[2019.10.11-10.00.54:337][174]LogModuleManager: Shutting down and abandoning module MagicLeap (40)
[2019.10.11-10.00.54:337][174]LogModuleManager: Shutting down and abandoning module DatasmithContent (38)
[2019.10.11-10.00.54:337][174]LogModuleManager: Shutting down and abandoning module AnimationModifiers (36)
[2019.10.11-10.00.54:337][174]LogModuleManager: Shutting down and abandoning module PropertyEditor (35)
[2019.10.11-10.00.54:337][174]LogModuleManager: Shutting down and abandoning module AudioEditor (32)
[2019.10.11-10.00.54:337][174]LogModuleManager: Shutting down and abandoning module TextureCompressor (30)
[2019.10.11-10.00.54:337][174]LogModuleManager: Shutting down and abandoning module ShaderCore (28)
[2019.10.11-10.00.54:337][174]LogModuleManager: Shutting down and abandoning module Landscape (26)
[2019.10.11-10.00.54:337][174]LogModuleManager: Shutting down and abandoning module SlateRHIRenderer (24)
[2019.10.11-10.00.54:338][174]LogModuleManager: Shutting down and abandoning module OpenGLDrv (22)
[2019.10.11-10.00.54:338][174]LogModuleManager: Shutting down and abandoning module D3D11RHI (20)
[2019.10.11-10.00.54:338][174]LogModuleManager: Shutting down and abandoning module AnimGraphRuntime (18)
[2019.10.11-10.00.54:338][174]LogModuleManager: Shutting down and abandoning module Renderer (16)
[2019.10.11-10.00.54:338][174]LogModuleManager: Shutting down and abandoning module Engine (14)
[2019.10.11-10.00.54:338][174]LogModuleManager: Shutting down and abandoning module CoreUObject (12)
[2019.10.11-10.00.54:338][174]LogModuleManager: Shutting down and abandoning module NetworkFile (10)
[2019.10.11-10.00.54:338][174]LogModuleManager: Shutting down and abandoning module CookedIterativeFile (8)
[2019.10.11-10.00.54:338][174]LogModuleManager: Shutting down and abandoning module StreamingFile (6)
[2019.10.11-10.00.54:338][174]LogModuleManager: Shutting down and abandoning module SandboxFile (4)
[2019.10.11-10.00.54:338][174]LogModuleManager: Shutting down and abandoning module PakFile (2)
[2019.10.11-10.00.54:345][174]LogExit: Exiting.
[2019.10.11-10.00.54:365][174]Log file closed, 10/11/19 11:00:54
